
*** Running vivado
    with args -log pixelClkGen.vds -m64 -product Vivado -mode batch -messageDb vivado.pb -notrace -source pixelClkGen.tcl


****** Vivado v2016.4 (64-bit)
  **** SW Build 1756540 on Mon Jan 23 19:11:23 MST 2017
  **** IP Build 1755317 on Mon Jan 23 20:30:07 MST 2017
    ** Copyright 1986-2016 Xilinx, Inc. All Rights Reserved.

source pixelClkGen.tcl -notrace
Starting RTL Elaboration : Time (s): cpu = 00:00:19 ; elapsed = 00:00:32 . Memory (MB): peak = 293.141 ; gain = 83.484
INFO: [Synth 8-638] synthesizing module 'pixelClkGen' [c:/Users/Andrea Diecidue/Documents/GitHub/GameZero/GameZero/GameZero.srcs/sources_1/ip/pixelClkGen/pixelClkGen.v:70]
INFO: [Synth 8-638] synthesizing module 'pixelClkGen_clk_wiz' [c:/Users/Andrea Diecidue/Documents/GitHub/GameZero/GameZero/GameZero.srcs/sources_1/ip/pixelClkGen/pixelClkGen_clk_wiz.v:68]
INFO: [Synth 8-638] synthesizing module 'IBUF' [C:/.Xilinx/Vivado/2016.4/scripts/rt/data/unisim_comp.v:14146]
INFO: [Synth 8-256] done synthesizing module 'IBUF' (1#1) [C:/.Xilinx/Vivado/2016.4/scripts/rt/data/unisim_comp.v:14146]
INFO: [Synth 8-638] synthesizing module 'MMCME2_ADV' [C:/.Xilinx/Vivado/2016.4/scripts/rt/data/unisim_comp.v:20414]
INFO: [Synth 8-256] done synthesizing module 'MMCME2_ADV' (2#1) [C:/.Xilinx/Vivado/2016.4/scripts/rt/data/unisim_comp.v:20414]
INFO: [Synth 8-638] synthesizing module 'BUFG' [C:/.Xilinx/Vivado/2016.4/scripts/rt/data/unisim_comp.v:607]
INFO: [Synth 8-256] done synthesizing module 'BUFG' (3#1) [C:/.Xilinx/Vivado/2016.4/scripts/rt/data/unisim_comp.v:607]
INFO: [Synth 8-256] done synthesizing module 'pixelClkGen_clk_wiz' (4#1) [c:/Users/Andrea Diecidue/Documents/GitHub/GameZero/GameZero/GameZero.srcs/sources_1/ip/pixelClkGen/pixelClkGen_clk_wiz.v:68]
INFO: [Synth 8-256] done synthesizing module 'pixelClkGen' (5#1) [c:/Users/Andrea Diecidue/Documents/GitHub/GameZero/GameZero/GameZero.srcs/sources_1/ip/pixelClkGen/pixelClkGen.v:70]
Finished RTL Elaboration : Time (s): cpu = 00:00:21 ; elapsed = 00:00:35 . Memory (MB): peak = 330.621 ; gain = 120.965
Finished RTL Optimization Phase 1 : Time (s): cpu = 00:00:22 ; elapsed = 00:00:36 . Memory (MB): peak = 330.621 ; gain = 120.965
INFO: [Device 21-403] Loading part xc7a100tcsg324-1
Constraint Validation Runtime : Time (s): cpu = 00:00:00 ; elapsed = 00:00:00.611 . Memory (MB): peak = 553.949 ; gain = 0.000
Finished Constraint Validation : Time (s): cpu = 00:00:47 ; elapsed = 00:01:05 . Memory (MB): peak = 553.949 ; gain = 344.293
Finished Loading Part and Timing Information : Time (s): cpu = 00:00:47 ; elapsed = 00:01:05 . Memory (MB): peak = 553.949 ; gain = 344.293
Finished applying 'set_property' XDC Constraints : Time (s): cpu = 00:00:47 ; elapsed = 00:01:05 . Memory (MB): peak = 553.949 ; gain = 344.293
Finished RTL Optimization Phase 2 : Time (s): cpu = 00:00:47 ; elapsed = 00:01:05 . Memory (MB): peak = 553.949 ; gain = 344.293
Finished Cross Boundary and Area Optimization : Time (s): cpu = 00:00:48 ; elapsed = 00:01:06 . Memory (MB): peak = 553.949 ; gain = 344.293
Finished Applying XDC Timing Constraints : Time (s): cpu = 00:01:17 ; elapsed = 00:01:37 . Memory (MB): peak = 569.367 ; gain = 359.711
Finished Timing Optimization : Time (s): cpu = 00:01:17 ; elapsed = 00:01:37 . Memory (MB): peak = 569.367 ; gain = 359.711
Finished Technology Mapping : Time (s): cpu = 00:01:17 ; elapsed = 00:01:37 . Memory (MB): peak = 579.012 ; gain = 369.355
Finished IO Insertion : Time (s): cpu = 00:01:19 ; elapsed = 00:01:38 . Memory (MB): peak = 579.012 ; gain = 369.355
Finished Renaming Generated Instances : Time (s): cpu = 00:01:19 ; elapsed = 00:01:38 . Memory (MB): peak = 579.012 ; gain = 369.355
Finished Rebuilding User Hierarchy : Time (s): cpu = 00:01:19 ; elapsed = 00:01:38 . Memory (MB): peak = 579.012 ; gain = 369.355
Finished Renaming Generated Ports : Time (s): cpu = 00:01:19 ; elapsed = 00:01:38 . Memory (MB): peak = 579.012 ; gain = 369.355
Finished Handling Custom Attributes : Time (s): cpu = 00:01:19 ; elapsed = 00:01:38 . Memory (MB): peak = 579.012 ; gain = 369.355
Finished Renaming Generated Nets : Time (s): cpu = 00:01:19 ; elapsed = 00:01:38 . Memory (MB): peak = 579.012 ; gain = 369.355

Report Cell Usage: 
+------+-----------+------+
|      |Cell       |Count |
+------+-----------+------+
|1     |BUFG       |     2|
|2     |MMCME2_ADV |     1|
|3     |IBUF       |     1|
+------+-----------+------+
Finished Writing Synthesis Report : Time (s): cpu = 00:01:19 ; elapsed = 00:01:38 . Memory (MB): peak = 579.012 ; gain = 369.355
get_clocks: Time (s): cpu = 00:00:07 ; elapsed = 00:00:09 . Memory (MB): peak = 960.074 ; gain = 353.961
synth_design: Time (s): cpu = 00:01:21 ; elapsed = 00:01:33 . Memory (MB): peak = 960.074 ; gain = 744.832
