
*** Running vivado
    with args -log BRAM_VGA_Clock.vds -m64 -product Vivado -mode batch -messageDb vivado.pb -notrace -source BRAM_VGA_Clock.tcl


****** Vivado v2016.4 (64-bit)
  **** SW Build 1756540 on Mon Jan 23 19:11:23 MST 2017
  **** IP Build 1755317 on Mon Jan 23 20:30:07 MST 2017
    ** Copyright 1986-2016 Xilinx, Inc. All Rights Reserved.

source BRAM_VGA_Clock.tcl -notrace
Starting RTL Elaboration : Time (s): cpu = 00:00:18 ; elapsed = 00:00:35 . Memory (MB): peak = 293.957 ; gain = 83.668
INFO: [Synth 8-638] synthesizing module 'BRAM_VGA_Clock' [c:/Users/Andrea Diecidue/Documents/GitHub/GameZero/GameZero/GameZero.srcs/sources_1/ip/BRAM_VGA_Clock/BRAM_VGA_Clock.v:70]
INFO: [Synth 8-638] synthesizing module 'BRAM_VGA_Clock_clk_wiz' [c:/Users/Andrea Diecidue/Documents/GitHub/GameZero/GameZero/GameZero.srcs/sources_1/ip/BRAM_VGA_Clock/BRAM_VGA_Clock_clk_wiz.v:68]
INFO: [Synth 8-638] synthesizing module 'IBUF' [C:/.Xilinx/Vivado/2016.4/scripts/rt/data/unisim_comp.v:14146]
INFO: [Synth 8-256] done synthesizing module 'IBUF' (1#1) [C:/.Xilinx/Vivado/2016.4/scripts/rt/data/unisim_comp.v:14146]
INFO: [Synth 8-638] synthesizing module 'MMCME2_ADV' [C:/.Xilinx/Vivado/2016.4/scripts/rt/data/unisim_comp.v:20414]
INFO: [Synth 8-256] done synthesizing module 'MMCME2_ADV' (2#1) [C:/.Xilinx/Vivado/2016.4/scripts/rt/data/unisim_comp.v:20414]
INFO: [Synth 8-638] synthesizing module 'BUFG' [C:/.Xilinx/Vivado/2016.4/scripts/rt/data/unisim_comp.v:607]
INFO: [Synth 8-256] done synthesizing module 'BUFG' (3#1) [C:/.Xilinx/Vivado/2016.4/scripts/rt/data/unisim_comp.v:607]
INFO: [Synth 8-256] done synthesizing module 'BRAM_VGA_Clock_clk_wiz' (4#1) [c:/Users/Andrea Diecidue/Documents/GitHub/GameZero/GameZero/GameZero.srcs/sources_1/ip/BRAM_VGA_Clock/BRAM_VGA_Clock_clk_wiz.v:68]
INFO: [Synth 8-256] done synthesizing module 'BRAM_VGA_Clock' (5#1) [c:/Users/Andrea Diecidue/Documents/GitHub/GameZero/GameZero/GameZero.srcs/sources_1/ip/BRAM_VGA_Clock/BRAM_VGA_Clock.v:70]
Finished RTL Elaboration : Time (s): cpu = 00:00:21 ; elapsed = 00:00:38 . Memory (MB): peak = 331.438 ; gain = 121.148
Finished RTL Optimization Phase 1 : Time (s): cpu = 00:00:21 ; elapsed = 00:00:38 . Memory (MB): peak = 331.438 ; gain = 121.148
INFO: [Device 21-403] Loading part xc7a100tcsg324-1
Constraint Validation Runtime : Time (s): cpu = 00:00:00 ; elapsed = 00:00:00.602 . Memory (MB): peak = 553.719 ; gain = 0.000
Finished Constraint Validation : Time (s): cpu = 00:00:47 ; elapsed = 00:01:09 . Memory (MB): peak = 553.719 ; gain = 343.430
Finished Loading Part and Timing Information : Time (s): cpu = 00:00:47 ; elapsed = 00:01:09 . Memory (MB): peak = 553.719 ; gain = 343.430
Finished applying 'set_property' XDC Constraints : Time (s): cpu = 00:00:47 ; elapsed = 00:01:09 . Memory (MB): peak = 553.719 ; gain = 343.430
Finished RTL Optimization Phase 2 : Time (s): cpu = 00:00:47 ; elapsed = 00:01:09 . Memory (MB): peak = 553.719 ; gain = 343.430
Finished Cross Boundary and Area Optimization : Time (s): cpu = 00:00:48 ; elapsed = 00:01:10 . Memory (MB): peak = 553.719 ; gain = 343.430
Finished Applying XDC Timing Constraints : Time (s): cpu = 00:01:19 ; elapsed = 00:01:42 . Memory (MB): peak = 570.406 ; gain = 360.117
Finished Timing Optimization : Time (s): cpu = 00:01:19 ; elapsed = 00:01:42 . Memory (MB): peak = 570.410 ; gain = 360.121
Finished Technology Mapping : Time (s): cpu = 00:01:19 ; elapsed = 00:01:42 . Memory (MB): peak = 580.059 ; gain = 369.770
Finished IO Insertion : Time (s): cpu = 00:01:21 ; elapsed = 00:01:44 . Memory (MB): peak = 580.059 ; gain = 369.770
Finished Renaming Generated Instances : Time (s): cpu = 00:01:21 ; elapsed = 00:01:44 . Memory (MB): peak = 580.059 ; gain = 369.770
Finished Rebuilding User Hierarchy : Time (s): cpu = 00:01:21 ; elapsed = 00:01:44 . Memory (MB): peak = 580.059 ; gain = 369.770
Finished Renaming Generated Ports : Time (s): cpu = 00:01:21 ; elapsed = 00:01:44 . Memory (MB): peak = 580.059 ; gain = 369.770
Finished Handling Custom Attributes : Time (s): cpu = 00:01:21 ; elapsed = 00:01:44 . Memory (MB): peak = 580.059 ; gain = 369.770
Finished Renaming Generated Nets : Time (s): cpu = 00:01:21 ; elapsed = 00:01:44 . Memory (MB): peak = 580.059 ; gain = 369.770

Report Cell Usage: 
+------+-----------+------+
|      |Cell       |Count |
+------+-----------+------+
|1     |BUFG       |     2|
|2     |MMCME2_ADV |     1|
|3     |IBUF       |     1|
+------+-----------+------+
Finished Writing Synthesis Report : Time (s): cpu = 00:01:21 ; elapsed = 00:01:44 . Memory (MB): peak = 580.059 ; gain = 369.770
get_clocks: Time (s): cpu = 00:00:09 ; elapsed = 00:00:10 . Memory (MB): peak = 960.355 ; gain = 354.211
synth_design: Time (s): cpu = 00:01:25 ; elapsed = 00:01:36 . Memory (MB): peak = 960.355 ; gain = 744.707
