
*** Running vivado
    with args -log pixelClkGen.vds -m64 -product Vivado -mode batch -messageDb vivado.pb -notrace -source pixelClkGen.tcl


****** Vivado v2016.4 (64-bit)
  **** SW Build 1756540 on Mon Jan 23 19:11:23 MST 2017
  **** IP Build 1755317 on Mon Jan 23 20:30:07 MST 2017
    ** Copyright 1986-2016 Xilinx, Inc. All Rights Reserved.

source pixelClkGen.tcl -notrace
Starting RTL Elaboration : Time (s): cpu = 00:00:04 ; elapsed = 00:00:06 . Memory (MB): peak = 294.090 ; gain = 84.055
INFO: [Synth 8-638] synthesizing module 'pixelClkGen' [c:/Users/edoardo/Desktop/GameZero/GameZero.srcs/sources_1/ip/pixelClkGen_1/pixelClkGen.v:70]
INFO: [Synth 8-638] synthesizing module 'pixelClkGen_clk_wiz' [c:/Users/edoardo/Desktop/GameZero/GameZero.srcs/sources_1/ip/pixelClkGen_1/pixelClkGen_clk_wiz.v:68]
INFO: [Synth 8-638] synthesizing module 'IBUF' [C:/Xilinx/Vivado/2016.4/scripts/rt/data/unisim_comp.v:14146]
INFO: [Synth 8-256] done synthesizing module 'IBUF' (1#1) [C:/Xilinx/Vivado/2016.4/scripts/rt/data/unisim_comp.v:14146]
INFO: [Synth 8-638] synthesizing module 'MMCME2_ADV' [C:/Xilinx/Vivado/2016.4/scripts/rt/data/unisim_comp.v:20414]
INFO: [Synth 8-256] done synthesizing module 'MMCME2_ADV' (2#1) [C:/Xilinx/Vivado/2016.4/scripts/rt/data/unisim_comp.v:20414]
INFO: [Synth 8-638] synthesizing module 'BUFG' [C:/Xilinx/Vivado/2016.4/scripts/rt/data/unisim_comp.v:607]
INFO: [Synth 8-256] done synthesizing module 'BUFG' (3#1) [C:/Xilinx/Vivado/2016.4/scripts/rt/data/unisim_comp.v:607]
INFO: [Synth 8-256] done synthesizing module 'pixelClkGen_clk_wiz' (4#1) [c:/Users/edoardo/Desktop/GameZero/GameZero.srcs/sources_1/ip/pixelClkGen_1/pixelClkGen_clk_wiz.v:68]
INFO: [Synth 8-256] done synthesizing module 'pixelClkGen' (5#1) [c:/Users/edoardo/Desktop/GameZero/GameZero.srcs/sources_1/ip/pixelClkGen_1/pixelClkGen.v:70]
Finished RTL Elaboration : Time (s): cpu = 00:00:05 ; elapsed = 00:00:06 . Memory (MB): peak = 331.516 ; gain = 121.480
Finished RTL Optimization Phase 1 : Time (s): cpu = 00:00:05 ; elapsed = 00:00:06 . Memory (MB): peak = 331.516 ; gain = 121.480
INFO: [Device 21-403] Loading part xc7a100tcsg324-1
Constraint Validation Runtime : Time (s): cpu = 00:00:00 ; elapsed = 00:00:00.009 . Memory (MB): peak = 554.094 ; gain = 0.000
Finished Constraint Validation : Time (s): cpu = 00:00:12 ; elapsed = 00:00:15 . Memory (MB): peak = 554.094 ; gain = 344.059
Finished Loading Part and Timing Information : Time (s): cpu = 00:00:12 ; elapsed = 00:00:15 . Memory (MB): peak = 554.094 ; gain = 344.059
Finished applying 'set_property' XDC Constraints : Time (s): cpu = 00:00:12 ; elapsed = 00:00:15 . Memory (MB): peak = 554.094 ; gain = 344.059
Finished RTL Optimization Phase 2 : Time (s): cpu = 00:00:12 ; elapsed = 00:00:15 . Memory (MB): peak = 554.094 ; gain = 344.059
Finished Cross Boundary and Area Optimization : Time (s): cpu = 00:00:13 ; elapsed = 00:00:15 . Memory (MB): peak = 554.094 ; gain = 344.059
Finished Applying XDC Timing Constraints : Time (s): cpu = 00:00:21 ; elapsed = 00:00:24 . Memory (MB): peak = 569.918 ; gain = 359.883
Finished Timing Optimization : Time (s): cpu = 00:00:21 ; elapsed = 00:00:24 . Memory (MB): peak = 569.918 ; gain = 359.883
Finished Technology Mapping : Time (s): cpu = 00:00:21 ; elapsed = 00:00:24 . Memory (MB): peak = 579.605 ; gain = 369.570
Finished IO Insertion : Time (s): cpu = 00:00:22 ; elapsed = 00:00:24 . Memory (MB): peak = 579.605 ; gain = 369.570
Finished Renaming Generated Instances : Time (s): cpu = 00:00:22 ; elapsed = 00:00:24 . Memory (MB): peak = 579.605 ; gain = 369.570
Finished Rebuilding User Hierarchy : Time (s): cpu = 00:00:22 ; elapsed = 00:00:24 . Memory (MB): peak = 579.605 ; gain = 369.570
Finished Renaming Generated Ports : Time (s): cpu = 00:00:22 ; elapsed = 00:00:24 . Memory (MB): peak = 579.605 ; gain = 369.570
Finished Handling Custom Attributes : Time (s): cpu = 00:00:22 ; elapsed = 00:00:24 . Memory (MB): peak = 579.605 ; gain = 369.570
Finished Renaming Generated Nets : Time (s): cpu = 00:00:22 ; elapsed = 00:00:24 . Memory (MB): peak = 579.605 ; gain = 369.570

Report Cell Usage: 
+------+-----------+------+
|      |Cell       |Count |
+------+-----------+------+
|1     |BUFG       |     2|
|2     |MMCME2_ADV |     1|
|3     |IBUF       |     1|
+------+-----------+------+
Finished Writing Synthesis Report : Time (s): cpu = 00:00:22 ; elapsed = 00:00:24 . Memory (MB): peak = 579.605 ; gain = 369.570
synth_design: Time (s): cpu = 00:00:23 ; elapsed = 00:00:25 . Memory (MB): peak = 960.148 ; gain = 745.051
