Copyright 1986-2016 Xilinx, Inc. All Rights Reserved.
------------------------------------------------------------------------------------
| Tool Version : Vivado v.2016.4 (win64) Build 1756540 Mon Jan 23 19:11:23 MST 2017
| Date         : Mon Jun 12 10:01:00 2017
| Host         : DESKTOP-PK5D2H9 running 64-bit major release  (build 9200)
| Command      : report_control_sets -verbose -file main_control_sets_placed.rpt
| Design       : main
| Device       : xc7a100t
------------------------------------------------------------------------------------

Control Set Information

Table of Contents
-----------------
1. Summary
2. Flip-Flop Distribution
3. Detailed Control Set Information

1. Summary
----------

+----------------------------------------------------------+-------+
|                          Status                          | Count |
+----------------------------------------------------------+-------+
| Number of unique control sets                            |    65 |
| Unused register locations in slices containing registers |   302 |
+----------------------------------------------------------+-------+


2. Flip-Flop Distribution
-------------------------

+--------------+-----------------------+------------------------+-----------------+--------------+
| Clock Enable | Synchronous Set/Reset | Asynchronous Set/Reset | Total Registers | Total Slices |
+--------------+-----------------------+------------------------+-----------------+--------------+
| No           | No                    | No                     |             342 |          184 |
| No           | No                    | Yes                    |               0 |            0 |
| No           | Yes                   | No                     |              84 |           38 |
| Yes          | No                    | No                     |             148 |           63 |
| Yes          | No                    | Yes                    |               0 |            0 |
| Yes          | Yes                   | No                     |             156 |           77 |
+--------------+-----------------------+------------------------+-----------------+--------------+


3. Detailed Control Set Information
-----------------------------------

+----------------------------------------------------+--------------------------------------------------+-------------------------------------------------------+------------------+----------------+
|                    Clock Signal                    |                   Enable Signal                  |                    Set/Reset Signal                   | Slice Load Count | Bel Load Count |
+----------------------------------------------------+--------------------------------------------------+-------------------------------------------------------+------------------+----------------+
|  inst_graphic/Pedana2_offset_reg[15]_i_1_n_0       |                                                  | inst_graphic/Pedana2_offset_reg[15]_i_2_n_0           |                1 |              1 |
|  inst_graphic/Pedana1_offset_reg[15]_i_1_n_0       |                                                  | inst_graphic/Pedana1_offset_reg[15]_i_2_n_0           |                1 |              1 |
|  inst_graphic/Pedana3_offset_reg[14]/G0            |                                                  |                                                       |                1 |              1 |
|  inst_pixelClkGen/inst/clk_out1                    | inst_graphic/inst_vga/E[0]                       | inst_graphic/inst_vga/v_sync0                         |                1 |              1 |
|  inst_pixelClkGen/inst/clk_out1                    | inst_graphic/inst_vga/E[0]                       | inst_graphic/inst_vga/h_sync0                         |                1 |              1 |
|  inst_graphic/Pedana3_offset_reg[15]_i_1_n_0       |                                                  | inst_graphic/Pedana3_offset_reg[15]_i_2_n_0           |                1 |              1 |
|  inst_graphic/Pedana1_offset_reg[14]/G0            |                                                  |                                                       |                1 |              1 |
|  inst_Wolvie_mov/movement_enable_reg_i_1_n_0       |                                                  | enable                                                |                1 |              1 |
|  inst_graphic/Pedana1_offset_reg[11]/G0            |                                                  |                                                       |                1 |              1 |
|  inst_graphic/Pedana2_offset_reg[11]/G0            |                                                  |                                                       |                1 |              1 |
|  inst_graphic/Pedana2_offset_reg[14]/G0            |                                                  |                                                       |                1 |              1 |
|  inst_graphic/Pedana3_offset_reg[11]/G0            |                                                  |                                                       |                1 |              1 |
|  inst_Green_Goblin_mov/E[0]                        |                                                  |                                                       |                1 |              2 |
|  frame_clk_reg_n_0_BUFG                            | inst_Wolvie_mov/Wolvie_new_image[3]_i_2_n_0      | inst_Wolvie_mov/Wolvie_new_image[3]_i_1_n_0           |                2 |              4 |
|  inst_Wolvie_mov/Wolvie_new_image_reg[3]_0[0]      |                                                  |                                                       |                1 |              4 |
|  frame_clk_reg_n_0_BUFG                            | inst_Green_Goblin_att/GG_dec_att_disable         | inst_Green_Goblin_att/attack_frame_cnt[4]_i_1__0_n_0  |                2 |              4 |
|  frame_clk_reg_n_0_BUFG                            | inst_Wolvie_mov/dec_disable                      |                                                       |                1 |              4 |
|  inst_pixelClkGen/inst/clk_out1                    | inst_graphic/BG_section_cnt0                     | inst_graphic/BG_section_cnt[4]_i_1_n_0                |                2 |              5 |
|  frame_clk_reg_n_0_BUFG                            | P3_actual_moving2                                |                                                       |                2 |              5 |
|  frame_clk_reg_n_0_BUFG                            | P2_actual_moving2                                |                                                       |                2 |              5 |
|  frame_clk_reg_n_0_BUFG                            | P1_actual_moving2                                |                                                       |                1 |              5 |
|  frame_clk_reg_n_0_BUFG                            |                                                  | led_OBUF[0]                                           |                3 |              6 |
|  frame_clk_reg_n_0_BUFG                            | inst_Wolvie_att/W_dec_att_disable                |                                                       |                3 |              6 |
|  inst_Wolvie_att/brom_util_addr_reg[15]_1[0]       |                                                  |                                                       |                2 |              6 |
|  inst_Green_Goblin_att/brom_util_addr_reg[16]_0[0] |                                                  |                                                       |                3 |              6 |
|  frame_clk_reg_n_0_BUFG                            | p_5_out[9]                                       |                                                       |                3 |              9 |
|  frame_clk_reg_n_0_BUFG                            | inst_Green_Goblin_jump/E[0]                      | inst_Wolvie_jump/SS[0]                                |                3 |              9 |
|  frame_clk_reg_n_0_BUFG                            | inst_Wolvie_mov/Wolvie_hor_new_pos[9]_i_2_n_0    | inst_Wolvie_jump/SS[0]                                |                3 |              9 |
|  frame_clk_reg_n_0_BUFG                            | inst_Wolvie_jump/W_jump_status                   | inst_Wolvie_jump/SS[0]                                |                3 |              9 |
|  frame_clk_reg_n_0_BUFG                            | Pedana2_pos[8]_i_1_n_0                           |                                                       |                3 |              9 |
|  inst_graphic/GreenGoblin_head_enable              |                                                  |                                                       |                5 |             10 |
|  frame_clk_reg_n_0_BUFG                            | Pedana3_pos[9]_i_2_n_0                           | p_6_out[9]                                            |                3 |             10 |
|  frame_clk_reg_n_0_BUFG                            | inst_Green_Goblin_mov/Green_Goblin_reversed_out0 | inst_Green_Goblin_mov/Green_Goblin_reversed_out03_out |                8 |             10 |
|  inst_pixelClkGen/inst/clk_out1                    | inst_graphic/inst_vga/v_counter[9]_i_2_n_0       | inst_graphic/inst_vga/v_counter[9]_i_1_n_0            |                4 |             10 |
|  frame_clk_reg_n_0_BUFG                            | P_select0                                        |                                                       |                5 |             10 |
|  frame_clk_reg_n_0_BUFG                            | inst_graphic/inst_vga/E[0]                       |                                                       |                4 |             10 |
|  inst_graphic/Wolvie_head_enable                   |                                                  |                                                       |                5 |             10 |
|  inst_pixelClkGen/inst/clk_out1                    | inst_graphic/counter_v[9]_i_2_n_0                | inst_graphic/counter_v[9]_i_1_n_0                     |                3 |             10 |
|  GreenGoblin_Life_enable                           |                                                  |                                                       |                7 |             11 |
|  Wolvie_Life_enable                                |                                                  |                                                       |               10 |             11 |
|  inst_pixelClkGen/inst/clk_out1                    | inst_graphic/BG_pixel0                           | inst_graphic/counter_v[9]_i_1_n_0                     |                3 |             12 |
|  inst_pixelClkGen/inst/clk_out1                    | inst_graphic/inst_vga/E[0]                       | inst_graphic/inst_vga/red[3]_i_1_n_0                  |                5 |             12 |
|  inst_pixelClkGen/inst/clk_out1                    | inst_graphic/inst_vga/E[0]                       | inst_graphic/pixel0                                   |               10 |             12 |
|  Sbam_enable                                       |                                                  |                                                       |                6 |             12 |
|  Heart_enable                                      |                                                  |                                                       |                6 |             12 |
|  inst_graphic/Wolvie_enable                        |                                                  |                                                       |                6 |             14 |
|  GreenGoblin_enable                                |                                                  |                                                       |                6 |             14 |
|  inst_graphic/Pedana3_enable                       |                                                  |                                                       |                6 |             15 |
|  inst_graphic/Wolvie_offset_reg[16]_i_2_n_0        |                                                  |                                                       |                5 |             15 |
|  frame_clk_reg_n_0_BUFG                            | heart_pos[17]_i_1_n_0                            |                                                       |                6 |             15 |
|  inst_pixelClkGen/inst/clk_out1                    | inst_graphic/brom_addr[14]_i_1_n_0               |                                                       |                4 |             15 |
|  Pedana2_enable                                    |                                                  |                                                       |                6 |             15 |
|  Pedana1_enable31_out                              |                                                  |                                                       |                6 |             15 |
|  inst_pixelClkGen/inst/clk_out1                    | inst_graphic/brom_util_addr[15]_i_1_n_0          |                                                       |               10 |             16 |
|  GreenGoblin_won_enable                            |                                                  |                                                       |                7 |             17 |
|  Wolvie_won_enable                                 |                                                  |                                                       |                7 |             17 |
|  inst_pixelClkGen/inst/clk_out1                    |                                                  | frame_clk                                             |                5 |             17 |
|  inst_pixelClkGen/inst/clk_out1                    |                                                  | led_OBUF[0]                                           |                9 |             19 |
|  frame_clk_reg_n_0_BUFG                            | inst_Wolvie_mov/E[0]                             | inst_Wolvie_att/Sbam_pos[18]_i_1__0_n_0               |               11 |             19 |
|  frame_clk_reg_n_0_BUFG                            | inst_Green_Goblin_att/Sbam_pos[18]_i_2__0_n_0    | inst_Green_Goblin_att/Sbam_pos[18]_i_1_n_0            |               13 |             19 |
|  inst_pixelClkGen/inst/clk_out1                    | inst_graphic/inst_vga/video_on                   |                                                       |                5 |             19 |
|  inst_pixelClkGen/inst/clk_out1                    | inst_graphic/inst_vga/E[0]                       |                                                       |               14 |             20 |
|  frame_clk_reg_n_0_BUFG                            |                                                  | Wolvie_won_pos1                                       |               17 |             38 |
|  frame_clk_reg_n_0_BUFG                            |                                                  |                                                       |               33 |             61 |
|  inst_pixelClkGen/inst/clk_out1                    |                                                  |                                                       |               50 |             69 |
+----------------------------------------------------+--------------------------------------------------+-------------------------------------------------------+------------------+----------------+


+--------+-----------------------+
| Fanout | Number of ControlSets |
+--------+-----------------------+
| 1      |                    12 |
| 2      |                     1 |
| 4      |                     4 |
| 5      |                     4 |
| 6      |                     4 |
| 9      |                     5 |
| 10     |                     8 |
| 11     |                     2 |
| 12     |                     5 |
| 14     |                     2 |
| 15     |                     6 |
| 16+    |                    12 |
+--------+-----------------------+


