
*** Running vivado
    with args -log BROM_Pedana.vds -m64 -product Vivado -mode batch -messageDb vivado.pb -notrace -source BROM_Pedana.tcl


****** Vivado v2016.4 (64-bit)
  **** SW Build 1756540 on Mon Jan 23 19:11:23 MST 2017
  **** IP Build 1755317 on Mon Jan 23 20:30:07 MST 2017
    ** Copyright 1986-2016 Xilinx, Inc. All Rights Reserved.

source BROM_Pedana.tcl -notrace
Starting RTL Elaboration : Time (s): cpu = 00:00:06 ; elapsed = 00:00:07 . Memory (MB): peak = 293.164 ; gain = 83.406
INFO: [Synth 8-638] synthesizing module 'BROM_Pedana' [c:/Users/edoardo/Desktop/moving_characters/moving_characters.srcs/sources_1/ip/BROM_Pedana/synth/BROM_Pedana.vhd:67]
INFO: [Synth 8-256] done synthesizing module 'BROM_Pedana' (11#1) [c:/Users/edoardo/Desktop/moving_characters/moving_characters.srcs/sources_1/ip/BROM_Pedana/synth/BROM_Pedana.vhd:67]
Finished RTL Elaboration : Time (s): cpu = 00:01:05 ; elapsed = 00:01:08 . Memory (MB): peak = 494.719 ; gain = 284.961
Finished RTL Optimization Phase 1 : Time (s): cpu = 00:01:05 ; elapsed = 00:01:09 . Memory (MB): peak = 494.719 ; gain = 284.961
INFO: [Device 21-403] Loading part xc7a100tcsg324-1
Constraint Validation Runtime : Time (s): cpu = 00:00:00 ; elapsed = 00:00:00.023 . Memory (MB): peak = 641.730 ; gain = 0.004
Finished Constraint Validation : Time (s): cpu = 00:01:13 ; elapsed = 00:01:18 . Memory (MB): peak = 641.730 ; gain = 431.973
Finished Loading Part and Timing Information : Time (s): cpu = 00:01:13 ; elapsed = 00:01:18 . Memory (MB): peak = 641.730 ; gain = 431.973
Finished applying 'set_property' XDC Constraints : Time (s): cpu = 00:01:13 ; elapsed = 00:01:18 . Memory (MB): peak = 641.730 ; gain = 431.973
Finished RTL Optimization Phase 2 : Time (s): cpu = 00:01:14 ; elapsed = 00:01:19 . Memory (MB): peak = 641.730 ; gain = 431.973
Finished Cross Boundary and Area Optimization : Time (s): cpu = 00:01:14 ; elapsed = 00:01:19 . Memory (MB): peak = 641.730 ; gain = 431.973
Finished Applying XDC Timing Constraints : Time (s): cpu = 00:01:23 ; elapsed = 00:01:28 . Memory (MB): peak = 641.730 ; gain = 431.973
Finished Timing Optimization : Time (s): cpu = 00:01:23 ; elapsed = 00:01:28 . Memory (MB): peak = 641.730 ; gain = 431.973
Finished Technology Mapping : Time (s): cpu = 00:01:23 ; elapsed = 00:01:28 . Memory (MB): peak = 644.727 ; gain = 434.969
Finished IO Insertion : Time (s): cpu = 00:01:24 ; elapsed = 00:01:28 . Memory (MB): peak = 644.727 ; gain = 434.969
Finished Renaming Generated Instances : Time (s): cpu = 00:01:24 ; elapsed = 00:01:28 . Memory (MB): peak = 644.727 ; gain = 434.969
Finished Rebuilding User Hierarchy : Time (s): cpu = 00:01:24 ; elapsed = 00:01:28 . Memory (MB): peak = 644.727 ; gain = 434.969
Finished Renaming Generated Ports : Time (s): cpu = 00:01:24 ; elapsed = 00:01:28 . Memory (MB): peak = 644.727 ; gain = 434.969
Finished Handling Custom Attributes : Time (s): cpu = 00:01:24 ; elapsed = 00:01:28 . Memory (MB): peak = 644.727 ; gain = 434.969
Finished Renaming Generated Nets : Time (s): cpu = 00:01:24 ; elapsed = 00:01:28 . Memory (MB): peak = 644.727 ; gain = 434.969

Report Cell Usage: 
+------+------------+------+
|      |Cell        |Count |
+------+------------+------+
|1     |LUT4        |    16|
|2     |LUT6        |    36|
|3     |MUXF7       |    18|
|4     |MUXF8       |     9|
|5     |RAMB36E1    |     1|
|6     |RAMB36E1_1  |     1|
|7     |RAMB36E1_10 |     1|
|8     |RAMB36E1_11 |     1|
|9     |RAMB36E1_12 |     1|
|10    |RAMB36E1_13 |     1|
|11    |RAMB36E1_14 |     1|
|12    |RAMB36E1_15 |     1|
|13    |RAMB36E1_16 |     1|
|14    |RAMB36E1_17 |     1|
|15    |RAMB36E1_18 |     1|
|16    |RAMB36E1_19 |     1|
|17    |RAMB36E1_2  |     1|
|18    |RAMB36E1_20 |     1|
|19    |RAMB36E1_21 |     1|
|20    |RAMB36E1_3  |     1|
|21    |RAMB36E1_4  |     1|
|22    |RAMB36E1_5  |     1|
|23    |RAMB36E1_6  |     1|
|24    |RAMB36E1_7  |     1|
|25    |RAMB36E1_8  |     1|
|26    |RAMB36E1_9  |     1|
|27    |FDRE        |     4|
+------+------------+------+
Finished Writing Synthesis Report : Time (s): cpu = 00:01:24 ; elapsed = 00:01:28 . Memory (MB): peak = 644.727 ; gain = 434.969
synth_design: Time (s): cpu = 00:01:23 ; elapsed = 00:01:27 . Memory (MB): peak = 672.527 ; gain = 457.641
