
*** Running vivado
    with args -log BRAM_VGA_Clock.vds -m64 -product Vivado -mode batch -messageDb vivado.pb -notrace -source BRAM_VGA_Clock.tcl


****** Vivado v2016.4 (64-bit)
  **** SW Build 1756540 on Mon Jan 23 19:11:23 MST 2017
  **** IP Build 1755317 on Mon Jan 23 20:30:07 MST 2017
    ** Copyright 1986-2016 Xilinx, Inc. All Rights Reserved.

source BRAM_VGA_Clock.tcl -notrace
Starting RTL Elaboration : Time (s): cpu = 00:00:21 ; elapsed = 00:00:34 . Memory (MB): peak = 293.422 ; gain = 83.832
INFO: [Synth 8-638] synthesizing module 'BRAM_VGA_Clock' [c:/Users/Andrea Diecidue/Documents/GitHub/GameZero/GameZero/GameZero.srcs/sources_1/ip/BRAM_VGA_Clock/BRAM_VGA_Clock.v:70]
INFO: [Synth 8-638] synthesizing module 'BRAM_VGA_Clock_clk_wiz' [c:/Users/Andrea Diecidue/Documents/GitHub/GameZero/GameZero/GameZero.srcs/sources_1/ip/BRAM_VGA_Clock/BRAM_VGA_Clock_clk_wiz.v:68]
INFO: [Synth 8-638] synthesizing module 'IBUF' [C:/.Xilinx/Vivado/2016.4/scripts/rt/data/unisim_comp.v:14146]
INFO: [Synth 8-256] done synthesizing module 'IBUF' (1#1) [C:/.Xilinx/Vivado/2016.4/scripts/rt/data/unisim_comp.v:14146]
INFO: [Synth 8-638] synthesizing module 'MMCME2_ADV' [C:/.Xilinx/Vivado/2016.4/scripts/rt/data/unisim_comp.v:20414]
INFO: [Synth 8-256] done synthesizing module 'MMCME2_ADV' (2#1) [C:/.Xilinx/Vivado/2016.4/scripts/rt/data/unisim_comp.v:20414]
INFO: [Synth 8-638] synthesizing module 'BUFG' [C:/.Xilinx/Vivado/2016.4/scripts/rt/data/unisim_comp.v:607]
INFO: [Synth 8-256] done synthesizing module 'BUFG' (3#1) [C:/.Xilinx/Vivado/2016.4/scripts/rt/data/unisim_comp.v:607]
INFO: [Synth 8-256] done synthesizing module 'BRAM_VGA_Clock_clk_wiz' (4#1) [c:/Users/Andrea Diecidue/Documents/GitHub/GameZero/GameZero/GameZero.srcs/sources_1/ip/BRAM_VGA_Clock/BRAM_VGA_Clock_clk_wiz.v:68]
INFO: [Synth 8-256] done synthesizing module 'BRAM_VGA_Clock' (5#1) [c:/Users/Andrea Diecidue/Documents/GitHub/GameZero/GameZero/GameZero.srcs/sources_1/ip/BRAM_VGA_Clock/BRAM_VGA_Clock.v:70]
Finished RTL Elaboration : Time (s): cpu = 00:00:24 ; elapsed = 00:00:37 . Memory (MB): peak = 330.898 ; gain = 121.309
Finished RTL Optimization Phase 1 : Time (s): cpu = 00:00:24 ; elapsed = 00:00:37 . Memory (MB): peak = 330.898 ; gain = 121.309
INFO: [Device 21-403] Loading part xc7a100tcsg324-1
Constraint Validation Runtime : Time (s): cpu = 00:00:00 ; elapsed = 00:00:00.630 . Memory (MB): peak = 554.281 ; gain = 0.008
Finished Constraint Validation : Time (s): cpu = 00:00:54 ; elapsed = 00:01:11 . Memory (MB): peak = 554.281 ; gain = 344.691
Finished Loading Part and Timing Information : Time (s): cpu = 00:00:54 ; elapsed = 00:01:11 . Memory (MB): peak = 554.281 ; gain = 344.691
Finished applying 'set_property' XDC Constraints : Time (s): cpu = 00:00:54 ; elapsed = 00:01:11 . Memory (MB): peak = 554.281 ; gain = 344.691
Finished RTL Optimization Phase 2 : Time (s): cpu = 00:00:54 ; elapsed = 00:01:11 . Memory (MB): peak = 554.281 ; gain = 344.691
Finished Cross Boundary and Area Optimization : Time (s): cpu = 00:00:55 ; elapsed = 00:01:12 . Memory (MB): peak = 554.281 ; gain = 344.691
Finished Applying XDC Timing Constraints : Time (s): cpu = 00:01:33 ; elapsed = 00:01:51 . Memory (MB): peak = 569.996 ; gain = 360.406
Finished Timing Optimization : Time (s): cpu = 00:01:33 ; elapsed = 00:01:51 . Memory (MB): peak = 570.000 ; gain = 360.410
Finished Technology Mapping : Time (s): cpu = 00:01:33 ; elapsed = 00:01:51 . Memory (MB): peak = 579.703 ; gain = 370.113
Finished IO Insertion : Time (s): cpu = 00:01:36 ; elapsed = 00:01:54 . Memory (MB): peak = 579.703 ; gain = 370.113
Finished Renaming Generated Instances : Time (s): cpu = 00:01:36 ; elapsed = 00:01:54 . Memory (MB): peak = 579.703 ; gain = 370.113
Finished Rebuilding User Hierarchy : Time (s): cpu = 00:01:36 ; elapsed = 00:01:54 . Memory (MB): peak = 579.703 ; gain = 370.113
Finished Renaming Generated Ports : Time (s): cpu = 00:01:36 ; elapsed = 00:01:54 . Memory (MB): peak = 579.703 ; gain = 370.113
Finished Handling Custom Attributes : Time (s): cpu = 00:01:36 ; elapsed = 00:01:54 . Memory (MB): peak = 579.703 ; gain = 370.113
Finished Renaming Generated Nets : Time (s): cpu = 00:01:36 ; elapsed = 00:01:54 . Memory (MB): peak = 579.703 ; gain = 370.113

Report Cell Usage: 
+------+-----------+------+
|      |Cell       |Count |
+------+-----------+------+
|1     |BUFG       |     2|
|2     |MMCME2_ADV |     1|
|3     |IBUF       |     1|
+------+-----------+------+
Finished Writing Synthesis Report : Time (s): cpu = 00:01:36 ; elapsed = 00:01:54 . Memory (MB): peak = 579.703 ; gain = 370.113
get_clocks: Time (s): cpu = 00:00:11 ; elapsed = 00:00:15 . Memory (MB): peak = 960.227 ; gain = 354.488
synth_design: Time (s): cpu = 00:01:43 ; elapsed = 00:01:55 . Memory (MB): peak = 960.227 ; gain = 744.430
