
*** Running vivado
    with args -log playerBROM.vds -m64 -product Vivado -mode batch -messageDb vivado.pb -notrace -source playerBROM.tcl


****** Vivado v2016.4 (64-bit)
  **** SW Build 1756540 on Mon Jan 23 19:11:23 MST 2017
  **** IP Build 1755317 on Mon Jan 23 20:30:07 MST 2017
    ** Copyright 1986-2016 Xilinx, Inc. All Rights Reserved.

source playerBROM.tcl -notrace
Starting RTL Elaboration : Time (s): cpu = 00:00:06 ; elapsed = 00:00:07 . Memory (MB): peak = 293.723 ; gain = 83.863
INFO: [Synth 8-638] synthesizing module 'playerBROM' [c:/Users/edoardo/Documents/GitHub/GameZero/GameZero/GameZero.srcs/sources_1/ip/playerBROM/synth/playerBROM.vhd:67]
INFO: [Synth 8-256] done synthesizing module 'playerBROM' (11#1) [c:/Users/edoardo/Documents/GitHub/GameZero/GameZero/GameZero.srcs/sources_1/ip/playerBROM/synth/playerBROM.vhd:67]
Finished RTL Elaboration : Time (s): cpu = 00:00:55 ; elapsed = 00:00:58 . Memory (MB): peak = 493.168 ; gain = 283.309
Finished RTL Optimization Phase 1 : Time (s): cpu = 00:00:55 ; elapsed = 00:00:58 . Memory (MB): peak = 493.168 ; gain = 283.309
INFO: [Device 21-403] Loading part xc7a100tcsg324-1
Constraint Validation Runtime : Time (s): cpu = 00:00:00 ; elapsed = 00:00:00.019 . Memory (MB): peak = 626.691 ; gain = 0.000
Finished Constraint Validation : Time (s): cpu = 00:01:02 ; elapsed = 00:01:06 . Memory (MB): peak = 626.691 ; gain = 416.832
Finished Loading Part and Timing Information : Time (s): cpu = 00:01:02 ; elapsed = 00:01:06 . Memory (MB): peak = 626.691 ; gain = 416.832
Finished applying 'set_property' XDC Constraints : Time (s): cpu = 00:01:02 ; elapsed = 00:01:06 . Memory (MB): peak = 626.691 ; gain = 416.832
Finished RTL Optimization Phase 2 : Time (s): cpu = 00:01:03 ; elapsed = 00:01:06 . Memory (MB): peak = 626.691 ; gain = 416.832
Finished Cross Boundary and Area Optimization : Time (s): cpu = 00:01:03 ; elapsed = 00:01:07 . Memory (MB): peak = 626.691 ; gain = 416.832
Finished Applying XDC Timing Constraints : Time (s): cpu = 00:01:11 ; elapsed = 00:01:15 . Memory (MB): peak = 626.691 ; gain = 416.832
Finished Timing Optimization : Time (s): cpu = 00:01:11 ; elapsed = 00:01:15 . Memory (MB): peak = 626.691 ; gain = 416.832
Finished Technology Mapping : Time (s): cpu = 00:01:11 ; elapsed = 00:01:15 . Memory (MB): peak = 626.691 ; gain = 416.832
Finished IO Insertion : Time (s): cpu = 00:01:12 ; elapsed = 00:01:16 . Memory (MB): peak = 626.691 ; gain = 416.832
Finished Renaming Generated Instances : Time (s): cpu = 00:01:12 ; elapsed = 00:01:16 . Memory (MB): peak = 626.691 ; gain = 416.832
Finished Rebuilding User Hierarchy : Time (s): cpu = 00:01:12 ; elapsed = 00:01:16 . Memory (MB): peak = 626.691 ; gain = 416.832
Finished Renaming Generated Ports : Time (s): cpu = 00:01:12 ; elapsed = 00:01:16 . Memory (MB): peak = 626.691 ; gain = 416.832
Finished Handling Custom Attributes : Time (s): cpu = 00:01:12 ; elapsed = 00:01:16 . Memory (MB): peak = 626.691 ; gain = 416.832
Finished Renaming Generated Nets : Time (s): cpu = 00:01:12 ; elapsed = 00:01:16 . Memory (MB): peak = 626.691 ; gain = 416.832

Report Cell Usage: 
+------+-----------+------+
|      |Cell       |Count |
+------+-----------+------+
|1     |LUT3       |     7|
|2     |LUT5       |     9|
|3     |LUT6       |     9|
|4     |MUXF7      |     9|
|5     |RAMB36E1   |     1|
|6     |RAMB36E1_1 |     1|
|7     |RAMB36E1_2 |     1|
|8     |RAMB36E1_3 |     1|
|9     |RAMB36E1_4 |     1|
|10    |RAMB36E1_5 |     1|
|11    |RAMB36E1_6 |     1|
|12    |RAMB36E1_7 |     1|
|13    |RAMB36E1_8 |     1|
|14    |RAMB36E1_9 |     1|
|15    |FDRE       |     3|
+------+-----------+------+
Finished Writing Synthesis Report : Time (s): cpu = 00:01:12 ; elapsed = 00:01:16 . Memory (MB): peak = 626.691 ; gain = 416.832
synth_design: Time (s): cpu = 00:01:11 ; elapsed = 00:01:14 . Memory (MB): peak = 651.934 ; gain = 435.945
