#
# A fatal error has been detected by the Java Runtime Environment:
#
#  EXCEPTION_ACCESS_VIOLATION (0xc0000005) at pc=0x00007ffed1e99e5e, pid=13028, tid=13140
#
# JRE version: Java(TM) SE Runtime Environment (8.0_66-b18) (build 1.8.0_66-b18)
# Java VM: Java HotSpot(TM) 64-Bit Server VM (25.66-b18 mixed mode windows-amd64 compressed oops)
# Problematic frame:
# C  [librdi_labtools.dll+0x2f9e5e]
#
# Failed to write core dump. Minidumps are not enabled by default on client versions of Windows
#
# If you would like to submit a bug report, please visit:
#   http://bugreport.java.com/bugreport/crash.jsp
# The crash happened outside the Java Virtual Machine in native code.
# See problematic frame for where to report the bug.
#

---------------  T H R E A D  ---------------

Current thread (0x000002c5f2921800):  JavaThread "AWT-EventQueue-1" [_thread_in_native, id=13140, stack(0x000000e47d800000,0x000000e47dd00000)]

siginfo: ExceptionCode=0xc0000005, reading address 0x0000000000000020

Registers:
RAX=0x00007ffed22290f0, RBX=0x000002c59b961990, RCX=0x000002c5c95dfde0, RDX=0x0000000000000007
RSP=0x000000e47dcfcfc0, RBP=0x000002c5f039e730, RSI=0x0000000000000001, RDI=0x000002c5953d2f60
R8 =0x0000000000000020, R9 =0x00007ffed22290f0, R10=0x0000000000000000, R11=0x0000000000000246
R12=0x000002c5f039f438, R13=0x000002c5f039e730, R14=0x000002c5f039f3e8, R15=0x0000000000000000
RIP=0x00007ffed1e99e5e, EFLAGS=0x0000000000010202

Top of Stack: (sp=0x000000e47dcfcfc0)
0x000000e47dcfcfc0:   fffffffffffffffe 00007ffed204a328
0x000000e47dcfcfd0:   000002c59b961990 000002c59d4ff760
0x000000e47dcfcfe0:   000002c5f039f3e8 000002c5953d2f60
0x000000e47dcfcff0:   000002c59b961990 00007ffed1e9817c
0x000000e47dcfd000:   000002c59b961990 000000000a9178e1
0x000000e47dcfd010:   000002c5ef810020 0000000000000000
0x000000e47dcfd020:   fffffffffffffffe 000000000a92f048
0x000000e47dcfd030:   000002c5953d2f60 00007ffed1e98246
0x000000e47dcfd040:   000002c59b961990 000002c59b961990
0x000000e47dcfd050:   000002c59b961990 0000000000000001
0x000000e47dcfd060:   00007ffed2229260 00007ffed1e9b597
0x000000e47dcfd070:   000002c5939e8620 000002c59b90e780
0x000000e47dcfd080:   000002c5efd19c80 00007fff23754787
0x000000e47dcfd090:   fffffffffffffffe 0000000000000001
0x000000e47dcfd0a0:   0000000000000000 00007ffed1ea81d8
0x000000e47dcfd0b0:   00007ffed2229260 00007ffed1fe0540 

Instructions: (pc=0x00007ffed1e99e5e)
0x00007ffed1e99e3e:   39 48 30 77 0d 48 d1 ea 48 83 c8 ff 48 2b c2 48
0x00007ffed1e99e4e:   03 c8 4d 8b 41 10 48 c1 e1 04 4c 03 c1 49 8b 09
0x00007ffed1e99e5e:   49 8b 10 48 8b fa 48 3b d1 75 05 48 8b c1 eb 07
0x00007ffed1e99e6e:   49 8b 40 08 48 8b 00 48 3b f8 74 34 48 39 5f 10 


Register to memory mapping:

RAX=0x00007ffed22290f0 is an unknown value
RBX=0x000002c59b961990 is an unknown value
RCX=0x000002c5c95dfde0 is an unknown value
RDX=0x0000000000000007 is an unknown value
RSP=0x000000e47dcfcfc0 is pointing into the stack for thread: 0x000002c5f2921800
RBP=0x000002c5f039e730 is an unknown value
RSI=0x0000000000000001 is an unknown value
RDI=0x000002c5953d2f60 is an unknown value
R8 =0x0000000000000020 is an unknown value
R9 =0x00007ffed22290f0 is an unknown value
R10=0x0000000000000000 is an unknown value
R11=0x0000000000000246 is an unknown value
R12=0x000002c5f039f438 is an unknown value
R13=0x000002c5f039e730 is an unknown value
R14=0x000002c5f039f3e8 is an unknown value
R15=0x0000000000000000 is an unknown value


Stack: [0x000000e47d800000,0x000000e47dd00000],  sp=0x000000e47dcfcfc0,  free space=5107k
Native frames: (J=compiled Java code, j=interpreted, Vv=VM code, C=native code)
C  [librdi_labtools.dll+0x2f9e5e]
C  [librdi_labtools.dll+0x2f817c]
C  [librdi_labtools.dll+0x2f8246]
C  [librdi_labtools.dll+0x2fb597]
C  [librdi_labtools.dll+0x3081d8]
C  [librdi_labtools.dll+0x30845a]
C  [ntdll.dll+0x2486f]
C  [ntdll.dll+0x4d44c]
C  [ntdll.dll+0x4d304]
C  [KERNEL32.DLL+0x1c0da]
C  [MSVCR110.dll+0x23063]
C  [librdi_common.dll+0x3b9b55]
C  0x000002c580016f1b

Java frames: (J=compiled Java code, j=interpreted, Vv=VM code)
j  ui.frmwork.tcltasksi.abortNow()V+0
j  ui.bf.b(Ljava/awt/Component;)Z+72
j  ui.bh.windowClosing(Ljava/awt/event/WindowEvent;)V+79
j  java.awt.AWTEventMulticaster.windowClosing(Ljava/awt/event/WindowEvent;)V+21
j  java.awt.AWTEventMulticaster.windowClosing(Ljava/awt/event/WindowEvent;)V+8
j  java.awt.AWTEventMulticaster.windowClosing(Ljava/awt/event/WindowEvent;)V+8
j  java.awt.AWTEventMulticaster.windowClosing(Ljava/awt/event/WindowEvent;)V+8
J 15567 C1 java.awt.Window.processWindowEvent(Ljava/awt/event/WindowEvent;)V (127 bytes) @ 0x000002c58157c05c [0x000002c58157ba40+0x61c]
j  javax.swing.JFrame.processWindowEvent(Ljava/awt/event/WindowEvent;)V+2
J 14890 C1 java.awt.Window.processEvent(Ljava/awt/AWTEvent;)V (101 bytes) @ 0x000002c581e1770c [0x000002c581e17000+0x70c]
J 19580 C2 java.awt.Component.dispatchEventImpl(Ljava/awt/AWTEvent;)V (883 bytes) @ 0x000002c582fa04c4 [0x000002c582f9fd40+0x784]
J 15483 C2 java.awt.Window.dispatchEventImpl(Ljava/awt/AWTEvent;)V (23 bytes) @ 0x000002c582099888 [0x000002c582099820+0x68]
J 8396 C2 java.awt.EventQueue$3.run()Ljava/lang/Object; (5 bytes) @ 0x000002c5819f0d08 [0x000002c5819f0b40+0x1c8]
v  ~StubRoutines::call_stub
J 1668  java.security.AccessController.doPrivileged(Ljava/security/PrivilegedAction;Ljava/security/AccessControlContext;)Ljava/lang/Object; (0 bytes) @ 0x000002c5805b6ca6 [0x000002c5805b6c40+0x66]
J 9930 C2 java.awt.EventQueue$4.run()Ljava/lang/Object; (5 bytes) @ 0x000002c581748aa8 [0x000002c581748920+0x188]
v  ~StubRoutines::call_stub
J 1668  java.security.AccessController.doPrivileged(Ljava/security/PrivilegedAction;Ljava/security/AccessControlContext;)Ljava/lang/Object; (0 bytes) @ 0x000002c5805b6ca6 [0x000002c5805b6c40+0x66]
J 14147 C2 ui.frmwork.a.d.dispatchEvent(Ljava/awt/AWTEvent;)V (30 bytes) @ 0x000002c58283bf80 [0x000002c58283b6e0+0x8a0]
J 14246 C2 java.awt.EventDispatchThread.pumpOneEventForFilters(I)V (295 bytes) @ 0x000002c5828ecd00 [0x000002c5828ec860+0x4a0]
J 12808% C2 java.awt.EventDispatchThread.pumpEventsForFilter(ILjava/awt/Conditional;Ljava/awt/EventFilter;)V (47 bytes) @ 0x000002c58061cec0 [0x000002c58061cdc0+0x100]
j  java.awt.EventDispatchThread.pumpEventsForHierarchy(ILjava/awt/Conditional;Ljava/awt/Component;)V+11
j  java.awt.EventDispatchThread.pumpEvents(ILjava/awt/Conditional;)V+4
j  java.awt.EventDispatchThread.pumpEvents(Ljava/awt/Conditional;)V+3
j  java.awt.EventDispatchThread.run()V+9
v  ~StubRoutines::call_stub

---------------  P R O C E S S  ---------------

Java Threads: ( => current thread )
  0x000002c5a587e000 JavaThread "Close Hardware Target" [_thread_in_native, id=10468, stack(0x000000e763d00000,0x000000e764200000)]
  0x000002c5950e1000 JavaThread "Thread-2459" [_thread_in_native, id=14372, stack(0x000000e741900000,0x000000e741a00000)]
  0x000002c5919c0800 JavaThread "Swing-Shell" daemon [_thread_blocked, id=7604, stack(0x000000e749200000,0x000000e749700000)]
  0x000002c5b1ab1000 JavaThread "Batik CleanerThread" daemon [_thread_blocked, id=5060, stack(0x000000e72ab00000,0x000000e72b000000)]
  0x000002c591743000 JavaThread "Thread-2105" [_thread_in_native, id=14688, stack(0x000000e6c5600000,0x000000e6c5700000)]
  0x000002c5928ce800 JavaThread "Thread-1301" [_thread_in_native, id=5332, stack(0x000000e5a8f00000,0x000000e5a9000000)]
  0x000002c5fe5bf000 JavaThread "hw_ila_monitor" [_thread_blocked, id=4604, stack(0x000000e401200000,0x000000e401700000)]
  0x000002c5fed58000 JavaThread "Update Runs Swing Worker" [_thread_blocked, id=14676, stack(0x000000e400d00000,0x000000e401200000)]
  0x000002c5fed5d800 JavaThread "Refresh Filesets Swing Worker" [_thread_blocked, id=2148, stack(0x000000e400800000,0x000000e400d00000)]
  0x000002c5fe5e6000 JavaThread "Monitor File Timestamp Swing Worker" [_thread_blocked, id=4944, stack(0x000000e47fb00000,0x000000e480000000)]
=>0x000002c5f2921800 JavaThread "AWT-EventQueue-1" [_thread_in_native, id=13140, stack(0x000000e47d800000,0x000000e47dd00000)]
  0x000002c5f2ec7800 JavaThread "Process Messages" [_thread_blocked, id=10580, stack(0x000000e47d300000,0x000000e47d800000)]
  0x000002c5f2a00800 JavaThread "Thread-3" [_thread_in_native, id=15176, stack(0x000000e477b00000,0x000000e478f00000)]
  0x000002c5fba05800 JavaThread "AWT-EventQueue-0" [_thread_blocked, id=5280, stack(0x000000e47ce00000,0x000000e47d300000)]
  0x000002c5fb7b1000 JavaThread "AWT-Windows" daemon [_thread_in_native, id=10588, stack(0x000000e47c400000,0x000000e47c900000)]
  0x000002c5fb7b2000 JavaThread "AWT-Shutdown" [_thread_blocked, id=11920, stack(0x000000e47bf00000,0x000000e47c400000)]
  0x000002c5fb7b3800 JavaThread "Java2D Disposer" daemon [_thread_blocked, id=6532, stack(0x000000e47ba00000,0x000000e47bf00000)]
  0x000002c5fb763800 JavaThread "TimerQueue" daemon [_thread_blocked, id=9568, stack(0x000000e47b500000,0x000000e47ba00000)]
  0x000002c5fb217800 JavaThread "Service Thread" daemon [_thread_blocked, id=11488, stack(0x000000e47af00000,0x000000e47b400000)]
  0x000002c5fb0e7800 JavaThread "C1 CompilerThread2" daemon [_thread_in_vm, id=14056, stack(0x000000e47ae00000,0x000000e47af00000)]
  0x000002c5fb0e9000 JavaThread "C2 CompilerThread1" daemon [_thread_blocked, id=9864, stack(0x000000e47ad00000,0x000000e47ae00000)]
  0x000002c5fb0ea800 JavaThread "C2 CompilerThread0" daemon [_thread_blocked, id=9060, stack(0x000000e47ac00000,0x000000e47ad00000)]
  0x000002c5fb0ec000 JavaThread "Attach Listener" daemon [_thread_blocked, id=4188, stack(0x000000e47a700000,0x000000e47ac00000)]
  0x000002c5fb0ed800 JavaThread "Signal Dispatcher" daemon [_thread_blocked, id=5712, stack(0x000000e47a200000,0x000000e47a700000)]
  0x000002c5fb0ac000 JavaThread "Finalizer" daemon [_thread_blocked, id=13580, stack(0x000000e479d00000,0x000000e47a200000)]
  0x000002c5fb0ad000 JavaThread "Reference Handler" daemon [_thread_blocked, id=4328, stack(0x000000e479800000,0x000000e479d00000)]
  0x000002c5f2eb6000 JavaThread "main" [_thread_blocked, id=13992, stack(0x000000e479200000,0x000000e479300000)]

Other Threads:
  0x000002c5f40b0800 VMThread [stack: 0x000000e479700000,0x000000e479800000] [id=14460]
  0x000002c5fb387800 WatcherThread [stack: 0x000000e47b400000,0x000000e47b500000] [id=8012]

VM state:not at safepoint (normal execution)

VM Mutex/Monitor currently owned by a thread:  ([mutex/lock_event])
[0x000002c5f2f50300] CodeCache_lock - owner thread: 0x000002c5fb0e7800
[0x000002c5f2f51980] Compile_lock - owner thread: 0x000002c5fb0e7800
[0x000002c5f2f51a80] MethodCompileQueue_lock - owner thread: 0x000002c5fb0e7800

Heap:
 PSYoungGen      total 53248K, used 23189K [0x00000007bc400000, 0x00000007c0000000, 0x00000007c0000000)
  eden space 44544K, 46% used [0x00000007bc400000,0x00000007bd85aed8,0x00000007bef80000)
  from space 8704K, 26% used [0x00000007bf780000,0x00000007bf9ca7e8,0x00000007c0000000)
  to   space 8192K, 0% used [0x00000007bef80000,0x00000007bef80000,0x00000007bf780000)
 ParOldGen       total 279040K, used 131943K [0x0000000700000000, 0x0000000711080000, 0x00000007bc400000)
  object space 279040K, 47% used [0x0000000700000000,0x00000007080d9dd0,0x0000000711080000)
 Metaspace       used 86794K, capacity 87673K, committed 88320K, reserved 1124352K
  class space    used 12886K, capacity 13036K, committed 13056K, reserved 1048576K

Card table byte_map: [0x000002c5f33c0000,0x000002c5f39d0000] byte_map_base: 0x000002c5efbc0000

Marking Bits: (ParMarkBitMap*) 0x000000005659a5b0
 Begin Bits: [0x000002c5f40c0000, 0x000002c5f70c0000)
 End Bits:   [0x000002c5f70c0000, 0x000002c5fa0c0000)

Polling page: 0x000002c5ef630000

CodeCache: size=245760Kb used=70073Kb max_used=70103Kb free=175686Kb
 bounds [0x000002c580000000, 0x000002c584510000, 0x000002c58f000000]
 total_blobs=19464 nmethods=18408 adapters=957
 compilation: enabled

Compilation events (10 events):
Event: 12029.483 Thread 0x000002c5fb0ea800 nmethod 26804 0x000002c584502a50 code [0x000002c584502f20, 0x000002c584506670]
Event: 12029.940 Thread 0x000002c5fb0e7800 26805       3       java.awt.Point::equals (46 bytes)
Event: 12029.940 Thread 0x000002c5fb0e7800 nmethod 26805 0x000002c583d5c750 code [0x000002c583d5c8e0, 0x000002c583d5cd50]
Event: 12035.930 Thread 0x000002c5fb0e9000 26806       4       com.jidesoft.editor.folding.DefaultFoldingModel$b_::getLastTopLevelIndexBefore (108 bytes)
Event: 12035.936 Thread 0x000002c5fb0e9000 nmethod 26806 0x000002c582104550 code [0x000002c5821046a0, 0x000002c582104978]
Event: 12041.181 Thread 0x000002c5fb0e7800 26807       3       sun.awt.util.IdentityArrayList::contains (14 bytes)
Event: 12041.182 Thread 0x000002c5fb0e7800 nmethod 26807 0x000002c584364690 code [0x000002c584364800, 0x000002c584364b38]
Event: 12041.183 Thread 0x000002c5fb0e7800 26808       3       sun.awt.util.IdentityArrayList::indexOf (30 bytes)
Event: 12041.183 Thread 0x000002c5fb0e7800 nmethod 26808 0x000002c580c661d0 code [0x000002c580c66340, 0x000002c580c665b8]
Event: 12041.185 Thread 0x000002c5fb0e7800 26809       3       java.awt.Component::processHierarchyEvent (40 bytes)

GC Heap History (10 events):
Event: 12030.934 GC heap before
{Heap before GC invocations=807 (full 19):
 PSYoungGen      total 51200K, used 44369K [0x00000007bc400000, 0x00000007c0000000, 0x00000007c0000000)
  eden space 41472K, 100% used [0x00000007bc400000,0x00000007bec80000,0x00000007bec80000)
  from space 9728K, 29% used [0x00000007bec80000,0x00000007bef546b0,0x00000007bf600000)
  to   space 9728K, 0% used [0x00000007bf680000,0x00000007bf680000,0x00000007c0000000)
 ParOldGen       total 279040K, used 131167K [0x0000000700000000, 0x0000000711080000, 0x00000007bc400000)
  object space 279040K, 47% used [0x0000000700000000,0x0000000708017f78,0x0000000711080000)
 Metaspace       used 86794K, capacity 87673K, committed 88320K, reserved 1124352K
  class space    used 12886K, capacity 13036K, committed 13056K, reserved 1048576K
Event: 12030.938 GC heap after
Heap after GC invocations=807 (full 19):
 PSYoungGen      total 52224K, used 2889K [0x00000007bc400000, 0x00000007c0000000, 0x00000007c0000000)
  eden space 42496K, 0% used [0x00000007bc400000,0x00000007bc400000,0x00000007bed80000)
  from space 9728K, 29% used [0x00000007bf680000,0x00000007bf9527e8,0x00000007c0000000)
  to   space 9216K, 0% used [0x00000007bed80000,0x00000007bed80000,0x00000007bf680000)
 ParOldGen       total 279040K, used 131231K [0x0000000700000000, 0x0000000711080000, 0x00000007bc400000)
  object space 279040K, 47% used [0x0000000700000000,0x0000000708027f78,0x0000000711080000)
 Metaspace       used 86794K, capacity 87673K, committed 88320K, reserved 1124352K
  class space    used 12886K, capacity 13036K, committed 13056K, reserved 1048576K
}
Event: 12031.099 GC heap before
{Heap before GC invocations=808 (full 19):
 PSYoungGen      total 52224K, used 45385K [0x00000007bc400000, 0x00000007c0000000, 0x00000007c0000000)
  eden space 42496K, 100% used [0x00000007bc400000,0x00000007bed80000,0x00000007bed80000)
  from space 9728K, 29% used [0x00000007bf680000,0x00000007bf9527e8,0x00000007c0000000)
  to   space 9216K, 0% used [0x00000007bed80000,0x00000007bed80000,0x00000007bf680000)
 ParOldGen       total 279040K, used 131231K [0x0000000700000000, 0x0000000711080000, 0x00000007bc400000)
  object space 279040K, 47% used [0x0000000700000000,0x0000000708027f78,0x0000000711080000)
 Metaspace       used 86794K, capacity 87673K, committed 88320K, reserved 1124352K
  class space    used 12886K, capacity 13036K, committed 13056K, reserved 1048576K
Event: 12031.103 GC heap after
Heap after GC invocations=808 (full 19):
 PSYoungGen      total 51712K, used 2889K [0x00000007bc400000, 0x00000007c0000000, 0x00000007c0000000)
  eden space 42496K, 0% used [0x00000007bc400000,0x00000007bc400000,0x00000007bed80000)
  from space 9216K, 31% used [0x00000007bed80000,0x00000007bf0527e8,0x00000007bf680000)
  to   space 9216K, 0% used [0x00000007bf700000,0x00000007bf700000,0x00000007c0000000)
 ParOldGen       total 279040K, used 131271K [0x0000000700000000, 0x0000000711080000, 0x00000007bc400000)
  object space 279040K, 47% used [0x0000000700000000,0x0000000708031f78,0x0000000711080000)
 Metaspace       used 86794K, capacity 87673K, committed 88320K, reserved 1124352K
  class space    used 12886K, capacity 13036K, committed 13056K, reserved 1048576K
}
Event: 12031.271 GC heap before
{Heap before GC invocations=809 (full 19):
 PSYoungGen      total 51712K, used 45385K [0x00000007bc400000, 0x00000007c0000000, 0x00000007c0000000)
  eden space 42496K, 100% used [0x00000007bc400000,0x00000007bed80000,0x00000007bed80000)
  from space 9216K, 31% used [0x00000007bed80000,0x00000007bf0527e8,0x00000007bf680000)
  to   space 9216K, 0% used [0x00000007bf700000,0x00000007bf700000,0x00000007c0000000)
 ParOldGen       total 279040K, used 131271K [0x0000000700000000, 0x0000000711080000, 0x00000007bc400000)
  object space 279040K, 47% used [0x0000000700000000,0x0000000708031f78,0x0000000711080000)
 Metaspace       used 86794K, capacity 87673K, committed 88320K, reserved 1124352K
  class space    used 12886K, capacity 13036K, committed 13056K, reserved 1048576K
Event: 12031.275 GC heap after
Heap after GC invocations=809 (full 19):
 PSYoungGen      total 52736K, used 2857K [0x00000007bc400000, 0x00000007c0000000, 0x00000007c0000000)
  eden space 43520K, 0% used [0x00000007bc400000,0x00000007bc400000,0x00000007bee80000)
  from space 9216K, 31% used [0x00000007bf700000,0x00000007bf9ca7e8,0x00000007c0000000)
  to   space 8704K, 0% used [0x00000007bee80000,0x00000007bee80000,0x00000007bf700000)
 ParOldGen       total 279040K, used 131327K [0x0000000700000000, 0x0000000711080000, 0x00000007bc400000)
  object space 279040K, 47% used [0x0000000700000000,0x000000070803ff78,0x0000000711080000)
 Metaspace       used 86794K, capacity 87673K, committed 88320K, reserved 1124352K
  class space    used 12886K, capacity 13036K, committed 13056K, reserved 1048576K
}
Event: 12031.441 GC heap before
{Heap before GC invocations=810 (full 19):
 PSYoungGen      total 52736K, used 46377K [0x00000007bc400000, 0x00000007c0000000, 0x00000007c0000000)
  eden space 43520K, 100% used [0x00000007bc400000,0x00000007bee80000,0x00000007bee80000)
  from space 9216K, 31% used [0x00000007bf700000,0x00000007bf9ca7e8,0x00000007c0000000)
  to   space 8704K, 0% used [0x00000007bee80000,0x00000007bee80000,0x00000007bf700000)
 ParOldGen       total 279040K, used 131327K [0x0000000700000000, 0x0000000711080000, 0x00000007bc400000)
  object space 279040K, 47% used [0x0000000700000000,0x000000070803ff78,0x0000000711080000)
 Metaspace       used 86794K, capacity 87673K, committed 88320K, reserved 1124352K
  class space    used 12886K, capacity 13036K, committed 13056K, reserved 1048576K
Event: 12031.445 GC heap after
Heap after GC invocations=810 (full 19):
 PSYoungGen      total 52224K, used 2848K [0x00000007bc400000, 0x00000007c0000000, 0x00000007c0000000)
  eden space 43520K, 0% used [0x00000007bc400000,0x00000007bc400000,0x00000007bee80000)
  from space 8704K, 32% used [0x00000007bee80000,0x00000007bf148230,0x00000007bf700000)
  to   space 8704K, 0% used [0x00000007bf780000,0x00000007bf780000,0x00000007c0000000)
 ParOldGen       total 279040K, used 131487K [0x0000000700000000, 0x0000000711080000, 0x00000007bc400000)
  object space 279040K, 47% used [0x0000000700000000,0x0000000708067f78,0x0000000711080000)
 Metaspace       used 86794K, capacity 87673K, committed 88320K, reserved 1124352K
  class space    used 12886K, capacity 13036K, committed 13056K, reserved 1048576K
}
Event: 12031.924 GC heap before
{Heap before GC invocations=811 (full 19):
 PSYoungGen      total 52224K, used 46368K [0x00000007bc400000, 0x00000007c0000000, 0x00000007c0000000)
  eden space 43520K, 100% used [0x00000007bc400000,0x00000007bee80000,0x00000007bee80000)
  from space 8704K, 32% used [0x00000007bee80000,0x00000007bf148230,0x00000007bf700000)
  to   space 8704K, 0% used [0x00000007bf780000,0x00000007bf780000,0x00000007c0000000)
 ParOldGen       total 279040K, used 131487K [0x0000000700000000, 0x0000000711080000, 0x00000007bc400000)
  object space 279040K, 47% used [0x0000000700000000,0x0000000708067f78,0x0000000711080000)
 Metaspace       used 86794K, capacity 87673K, committed 88320K, reserved 1124352K
  class space    used 12886K, capacity 13036K, committed 13056K, reserved 1048576K
Event: 12031.935 GC heap after
Heap after GC invocations=811 (full 19):
 PSYoungGen      total 53248K, used 2345K [0x00000007bc400000, 0x00000007c0000000, 0x00000007c0000000)
  eden space 44544K, 0% used [0x00000007bc400000,0x00000007bc400000,0x00000007bef80000)
  from space 8704K, 26% used [0x00000007bf780000,0x00000007bf9ca7e8,0x00000007c0000000)
  to   space 8192K, 0% used [0x00000007bef80000,0x00000007bef80000,0x00000007bf780000)
 ParOldGen       total 279040K, used 131943K [0x0000000700000000, 0x0000000711080000, 0x00000007bc400000)
  object space 279040K, 47% used [0x0000000700000000,0x00000007080d9dd0,0x0000000711080000)
 Metaspace       used 86794K, capacity 87673K, committed 88320K, reserved 1124352K
  class space    used 12886K, capacity 13036K, committed 13056K, reserved 1048576K
}

Deoptimization events (10 events):
Event: 12008.803 Thread 0x000002c5f2921800 Uncommon trap: reason=class_check action=maybe_recompile pc=0x000002c58440819c method=com.jidesoft.editor.CodeEditor.caretUpdated(Lcom/jidesoft/editor/caret/CaretEvent;)V @ 218
Event: 12008.803 Thread 0x000002c5f2921800 Uncommon trap: reason=unstable_if action=reinterpret pc=0x000002c5841fe004 method=java.awt.Container.locate(II)Ljava/awt/Component; @ 81
Event: 12021.198 Thread 0x000002c5f2921800 Uncommon trap: reason=class_check action=maybe_recompile pc=0x000002c58134bce8 method=com.jidesoft.plaf.basic.BasicJideButtonUI.getIcon(Ljavax/swing/AbstractButton;)Ljavax/swing/Icon; @ 91
Event: 12021.290 Thread 0x000002c5f2921800 Uncommon trap: reason=class_check action=maybe_recompile pc=0x000002c58440819c method=com.jidesoft.editor.CodeEditor.caretUpdated(Lcom/jidesoft/editor/caret/CaretEvent;)V @ 218
Event: 12021.290 Thread 0x000002c5f2921800 Uncommon trap: reason=unstable_if action=reinterpret pc=0x000002c581e57408 method=com.jidesoft.editor.folding.DefaultFoldingModel$b_.getOutermostSpanAtOffset(I)Lcom/jidesoft/editor/folding/FoldingSpan; @ 14
Event: 12021.290 Thread 0x000002c5f2921800 Uncommon trap: reason=class_check action=maybe_recompile pc=0x000002c58440819c method=com.jidesoft.editor.CodeEditor.caretUpdated(Lcom/jidesoft/editor/caret/CaretEvent;)V @ 218
Event: 12021.336 Thread 0x000002c5f2921800 Uncommon trap: reason=unstable_if action=reinterpret pc=0x000002c580584bfc method=java.util.WeakHashMap.maskNull(Ljava/lang/Object;)Ljava/lang/Object; @ 1
Event: 12025.574 Thread 0x000002c5f2921800 Uncommon trap: reason=unstable_if action=reinterpret pc=0x000002c582d8184c method=com.jidesoft.plaf.basic.BasicDockableFrameTitlePane$NoFocusButton.paintComponent(Ljava/awt/Graphics;)V @ 1159
Event: 12026.501 Thread 0x000002c5f2921800 Uncommon trap: reason=bimorphic action=maybe_recompile pc=0x000002c582f1be98 method=javax.swing.undo.UndoManager.addEdit(Ljavax/swing/undo/UndoableEdit;)Z @ 14
Event: 12027.326 Thread 0x000002c5f2921800 Uncommon trap: reason=bimorphic action=maybe_recompile pc=0x000002c582f1be98 method=javax.swing.undo.UndoManager.addEdit(Ljavax/swing/undo/UndoableEdit;)Z @ 14

Internal exceptions (10 events):
Event: 11025.627 Thread 0x000002c5f2921800 Implicit null exception at 0x000002c581fefa30 to 0x000002c581fefa4a
Event: 11025.629 Thread 0x000002c5f2921800 Implicit null exception at 0x000002c5830a123c to 0x000002c5830a1a21
Event: 11030.408 Thread 0x000002c5f2921800 Exception <a 'java/io/FileNotFoundException'> (0x00000007bcde63d8) thrown at [C:\re\workspace\8-2-build-windows-amd64-cygwin\jdk8u66\5298\hotspot\src\share\vm\prims\jni.cpp, line 709]
Event: 11030.957 Thread 0x000002c5f2921800 Exception <a 'java/io/FileNotFoundException'> (0x00000007bc613558) thrown at [C:\re\workspace\8-2-build-windows-amd64-cygwin\jdk8u66\5298\hotspot\src\share\vm\prims\jni.cpp, line 709]
Event: 11527.597 Thread 0x000002c5f2921800 Implicit null exception at 0x000002c583892e75 to 0x000002c5838935fd
Event: 11527.657 Thread 0x000002c5f2921800 Implicit null exception at 0x000002c5813b74af to 0x000002c5813b7d61
Event: 12008.803 Thread 0x000002c5f2921800 Implicit null exception at 0x000002c5841fa4ca to 0x000002c5841fdfb9
Event: 12008.803 Thread 0x000002c593fba800 Exception <a 'java/lang/InterruptedException': sleep interrupted> (0x00000007be8c97b0) thrown at [C:\re\workspace\8-2-build-windows-amd64-cygwin\jdk8u66\5298\hotspot\src\share\vm\prims\jvm.cpp, line 3215]
Event: 12021.290 Thread 0x000002c5a794e000 Exception <a 'java/lang/InterruptedException': sleep interrupted> (0x00000007be1ef760) thrown at [C:\re\workspace\8-2-build-windows-amd64-cygwin\jdk8u66\5298\hotspot\src\share\vm\prims\jvm.cpp, line 3215]
Event: 12021.336 Thread 0x000002c5f2921800 Implicit null exception at 0x000002c5805845fa to 0x000002c580584be5

Events (10 events):
Event: 12032.989 Executing VM operation: RevokeBias
Event: 12032.990 Executing VM operation: RevokeBias done
Event: 12032.990 Thread 0x000002c5cac25800 Thread exited: 0x000002c5cac25800
Event: 12035.937 Thread 0x000002c5fb0e9000 flushing nmethod 0x000002c5801f4d50
Event: 12037.185 Executing VM operation: RevokeBias
Event: 12037.186 Executing VM operation: RevokeBias done
Event: 12037.186 Thread 0x000002c592496800 Thread exited: 0x000002c592496800
Event: 12040.075 Executing VM operation: RevokeBias
Event: 12040.075 Executing VM operation: RevokeBias done
Event: 12041.184 Thread 0x000002c5fb0e7800 flushing nmethod 0x000002c580869fd0


Dynamic libraries:
0x00007ff747750000 - 0x00007ff747780000 	C:\Xilinx\Vivado\2016.4\bin\unwrapped\win64.o\vivado.exe
0x00007fff23730000 - 0x00007fff2390b000 	C:\WINDOWS\SYSTEM32\ntdll.dll
0x00007fff228b0000 - 0x00007fff2295e000 	C:\WINDOWS\System32\KERNEL32.DLL
0x00007fff1ff60000 - 0x00007fff201a9000 	C:\WINDOWS\System32\KERNELBASE.dll
0x000000000a900000 - 0x000000000a98d000 	C:\Xilinx\Vivado\2016.4\lib\win64.o\SHSMP64.dll
0x00007fff1b950000 - 0x00007fff1b963000 	C:\Xilinx\Vivado\2016.4\lib\win64.o\libboost_signals.dll
0x00007fff20c90000 - 0x00007fff20dda000 	C:\WINDOWS\System32\USER32.dll
0x00007ffefa010000 - 0x00007ffefaaba000 	C:\Xilinx\Vivado\2016.4\lib\win64.o\librdi_common.dll
0x00007fff1fe30000 - 0x00007fff1fe4e000 	C:\WINDOWS\System32\win32u.dll
0x00007fff210f0000 - 0x00007fff21117000 	C:\WINDOWS\System32\GDI32.dll
0x00007fff033a0000 - 0x00007fff03447000 	C:\WINDOWS\SYSTEM32\MSVCP110.dll
0x00007fff1fc50000 - 0x00007fff1fdd9000 	C:\WINDOWS\System32\gdi32full.dll
0x00007fff21120000 - 0x00007fff21128000 	C:\WINDOWS\System32\PSAPI.DLL
0x00007fff201b0000 - 0x00007fff2024a000 	C:\WINDOWS\System32\msvcp_win.dll
0x00007fff21130000 - 0x00007fff22567000 	C:\WINDOWS\System32\SHELL32.dll
0x00007fff20b90000 - 0x00007fff20c86000 	C:\WINDOWS\System32\ucrtbase.dll
0x00007fff01490000 - 0x00007fff01564000 	C:\WINDOWS\SYSTEM32\MSVCR110.dll
0x00007fff22eb0000 - 0x00007fff22f4d000 	C:\WINDOWS\System32\msvcrt.dll
0x00007fff1fde0000 - 0x00007fff1fe29000 	C:\WINDOWS\System32\cfgmgr32.dll
0x00007fff22f50000 - 0x00007fff22ff1000 	C:\WINDOWS\System32\ADVAPI32.dll
0x00007fff229d0000 - 0x00007fff22a7a000 	C:\WINDOWS\System32\shcore.dll
0x00007fff22ba0000 - 0x00007fff22bf9000 	C:\WINDOWS\System32\sechost.dll
0x00007fff22c70000 - 0x00007fff22d95000 	C:\WINDOWS\System32\RPCRT4.dll
0x00007fff20de0000 - 0x00007fff210d9000 	C:\WINDOWS\System32\combase.dll
0x00007ffef9ca0000 - 0x00007ffefa00e000 	C:\Xilinx\Vivado\2016.4\lib\win64.o\libCOIN-all.dll
0x00007fff20250000 - 0x00007fff202ba000 	C:\WINDOWS\System32\bcryptPrimitives.dll
0x00007fff202c0000 - 0x00007fff209b2000 	C:\WINDOWS\System32\windows.storage.dll
0x00007fff23210000 - 0x00007fff23261000 	C:\WINDOWS\System32\shlwapi.dll
0x00007ffef9a80000 - 0x00007ffef9c9f000 	C:\Xilinx\Vivado\2016.4\lib\win64.o\libXil_lmgr11.dll
0x00007fff1b0a0000 - 0x00007fff1b0b0000 	C:\Xilinx\Vivado\2016.4\lib\win64.o\libboost_date_time.dll
0x00007fff1fba0000 - 0x00007fff1fbb1000 	C:\WINDOWS\System32\kernel.appcore.dll
0x00007fff22da0000 - 0x00007fff22ea8000 	C:\WINDOWS\System32\COMDLG32.dll
0x00007fff1fc00000 - 0x00007fff1fc4c000 	C:\WINDOWS\System32\powrprof.dll
0x00007fff1fbe0000 - 0x00007fff1fbf5000 	C:\WINDOWS\System32\profapi.dll
0x00007fff22a80000 - 0x00007fff22b40000 	C:\WINDOWS\System32\OLEAUT32.dll
0x00007fff12870000 - 0x00007fff12894000 	C:\Xilinx\Vivado\2016.4\lib\win64.o\libboost_filesystem.dll
0x00007fff22710000 - 0x00007fff22855000 	C:\WINDOWS\System32\ole32.dll
0x00007fff1ff00000 - 0x00007fff1ff56000 	C:\WINDOWS\System32\WINTRUST.dll
0x00007fff1fbc0000 - 0x00007fff1fbd1000 	C:\WINDOWS\System32\MSASN1.dll
0x00007fff08130000 - 0x00007fff081a7000 	C:\Xilinx\Vivado\2016.4\lib\win64.o\libboost_program_options.dll
0x00007fff01380000 - 0x00007fff01486000 	C:\Xilinx\Vivado\2016.4\lib\win64.o\libboost_regex.dll
0x00007fff209c0000 - 0x00007fff20b89000 	C:\WINDOWS\System32\CRYPT32.dll
0x00007fff1b090000 - 0x00007fff1b099000 	C:\Xilinx\Vivado\2016.4\lib\win64.o\libboost_system.dll
0x00007fff12920000 - 0x00007fff1293d000 	C:\Xilinx\Vivado\2016.4\lib\win64.o\libboost_thread.dll
0x00007fff1b080000 - 0x00007fff1b08b000 	C:\Xilinx\Vivado\2016.4\lib\win64.o\libboost_xilinx.dll
0x00007fff05cc0000 - 0x00007fff05d40000 	C:\Xilinx\Vivado\2016.4\lib\win64.o\libhdlpsolve.dll
0x00007ffeff9b0000 - 0x00007ffeffa4a000 	C:\Xilinx\Vivado\2016.4\lib\win64.o\libhdxml.dll
0x00007ffef0d70000 - 0x00007ffef1139000 	C:\Xilinx\Vivado\2016.4\lib\win64.o\libisl_iostreams.dll
0x00007fff118d0000 - 0x00007fff118fa000 	C:\Xilinx\Vivado\2016.4\lib\win64.o\libisl_sysinfo.dll
0x00007fff22c00000 - 0x00007fff22c6c000 	C:\WINDOWS\System32\WS2_32.dll
0x00007fff08110000 - 0x00007fff08121000 	C:\Xilinx\Vivado\2016.4\lib\win64.o\librdi_commonmain.dll
0x00007fff03380000 - 0x00007fff03395000 	C:\Xilinx\Vivado\2016.4\lib\win64.o\pthreadVC2.dll
0x00007fff01320000 - 0x00007fff01373000 	C:\Xilinx\Vivado\2016.4\lib\win64.o\librdi_commonxillic.dll
0x0000000055d90000 - 0x0000000056619000 	C:\Xilinx\Vivado\2016.4\tps\win64\jre\bin\server\jvm.dll
0x00007ffeff880000 - 0x00007ffeff9b0000 	C:\Xilinx\Vivado\2016.4\lib\win64.o\librdi_curl.dll
0x00007fff01300000 - 0x00007fff01318000 	C:\Xilinx\Vivado\2016.4\lib\win64.o\librdiconfig.dll
0x00007fff011b0000 - 0x00007fff011cf000 	C:\Xilinx\Vivado\2016.4\lib\win64.o\librdizlib.dll
0x0000000012000000 - 0x0000000012263000 	C:\Xilinx\Vivado\2016.4\lib\win64.o\xerces-c_3_1.dll
0x00007fff0ab60000 - 0x00007fff0ae8e000 	C:\WINDOWS\SYSTEM32\WININET.dll
0x0000000055c60000 - 0x0000000055d87000 	C:\Xilinx\Vivado\2016.4\lib\win64.o\tcl85t.dll
0x00007fff17030000 - 0x00007fff17107000 	C:\WINDOWS\SYSTEM32\WINHTTP.dll
0x00007fff18da0000 - 0x00007fff18f68000 	C:\WINDOWS\SYSTEM32\urlmon.dll
0x00007fff1abc0000 - 0x00007fff1abca000 	C:\WINDOWS\SYSTEM32\VERSION.dll
0x00007fff11490000 - 0x00007fff114a7000 	C:\WINDOWS\SYSTEM32\NETAPI32.dll
0x00007fff1aed0000 - 0x00007fff1af76000 	C:\WINDOWS\WinSxS\amd64_microsoft.windows.common-controls_6595b64144ccf1df_5.82.15063.0_none_43a14f3b47f396e6\COMCTL32.dll
0x00007fff0ffa0000 - 0x00007fff0ffa9000 	C:\WINDOWS\SYSTEM32\WSOCK32.dll
0x00007ffeff5b0000 - 0x00007ffeff5d3000 	C:\WINDOWS\SYSTEM32\VCOMP110.DLL
0x00007fff199b0000 - 0x00007fff199bb000 	C:\Xilinx\Vivado\2016.4\lib\win64.o\libboost_chrono.dll
0x00007fff00620000 - 0x00007fff00636000 	C:\Xilinx\Vivado\2016.4\lib\win64.o\libboost_iostreams.dll
0x00007ffeff230000 - 0x00007ffeff253000 	C:\Xilinx\Vivado\2016.4\lib\win64.o\libisl_iosutils.dll
0x00007fff13130000 - 0x00007fff13139000 	C:\Xilinx\Vivado\2016.4\lib\win64.o\librdi_commonversion.dll
0x00007fff1df80000 - 0x00007fff1dfa3000 	C:\WINDOWS\SYSTEM32\WINMM.dll
0x0000000056810000 - 0x00000000568e2000 	C:\WINDOWS\SYSTEM32\MSVCR100.dll
0x00007fff193e0000 - 0x00007fff19666000 	C:\WINDOWS\SYSTEM32\iertutil.dll
0x00007fff1dc90000 - 0x00007fff1dcbb000 	C:\WINDOWS\SYSTEM32\winmmbase.dll
0x00007fff1f670000 - 0x00007fff1f67b000 	C:\WINDOWS\SYSTEM32\CRYPTBASE.DLL
0x00007fff22880000 - 0x00007fff228ad000 	C:\WINDOWS\System32\IMM32.DLL
0x00007ffef0920000 - 0x00007ffef0d6f000 	C:\Xilinx\Vivado\2016.4\lib\win64.o\librdi_commontasks.dll
0x00007ffef9870000 - 0x00007ffef9a77000 	C:\Xilinx\Vivado\2016.4\lib\win64.o\librdi_sio.dll
0x00007fff1f250000 - 0x00007fff1f287000 	C:\WINDOWS\SYSTEM32\IPHLPAPI.DLL
0x00007ffeeb3f0000 - 0x00007ffeed156000 	C:\Xilinx\Vivado\2016.4\lib\win64.o\librdi_tcltasks.dll
0x00007ffef0600000 - 0x00007ffef0918000 	C:\Xilinx\Vivado\2016.4\lib\win64.o\librdi_bitstream.dll
0x00007ffeff190000 - 0x00007ffeff1f6000 	C:\Xilinx\Vivado\2016.4\lib\win64.o\librdi_boarddep.dll
0x00007ffef8200000 - 0x00007ffef8436000 	C:\Xilinx\Vivado\2016.4\lib\win64.o\librdi_chipscope.dll
0x00007ffefe290000 - 0x00007ffefe3ee000 	C:\Xilinx\Vivado\2016.4\lib\win64.o\librdi_board.dll
0x00007ffeff0a0000 - 0x00007ffeff183000 	C:\Xilinx\Vivado\2016.4\lib\win64.o\librdi_containers.dll
0x00007ffeed580000 - 0x00007ffeee852000 	C:\Xilinx\Vivado\2016.4\lib\win64.o\librdi_constraints.dll
0x00007ffef5a60000 - 0x00007ffef5c9f000 	C:\Xilinx\Vivado\2016.4\lib\win64.o\librdi_dlyest.dll
0x00007ffee7ac0000 - 0x00007ffeeb3ef000 	C:\Xilinx\Vivado\2016.4\lib\win64.o\librdi_designutils.dll
0x00007ffef00c0000 - 0x00007ffef05f6000 	C:\Xilinx\Vivado\2016.4\lib\win64.o\librdi_drc.dll
0x00007ffefe970000 - 0x00007ffefea31000 	C:\Xilinx\Vivado\2016.4\lib\win64.o\librdi_dsp.dll
0x00007ffedb8b0000 - 0x00007ffedbeee000 	C:\Xilinx\Vivado\2016.4\lib\win64.o\librdi_filemgmt.dll
0x00007ffeed330000 - 0x00007ffeed579000 	C:\Xilinx\Vivado\2016.4\lib\win64.o\librdi_guitools.dll
0x00007ffedb2f0000 - 0x00007ffedb8a7000 	C:\Xilinx\Vivado\2016.4\lib\win64.o\librdi_memdata.dll
0x00007ffefeb40000 - 0x00007ffefeb7b000 	C:\Xilinx\Vivado\2016.4\lib\win64.o\librdi_pfi.dll
0x00007ffedae90000 - 0x00007ffedb2e3000 	C:\Xilinx\Vivado\2016.4\lib\win64.o\librdi_netlist.dll
0x00007ffed93c0000 - 0x00007ffedae8f000 	C:\Xilinx\Vivado\2016.4\lib\win64.o\librdi_place.dll
0x00007ffedbef0000 - 0x00007ffedeb7c000 	C:\Xilinx\Vivado\2016.4\lib\win64.o\librdi_coregen.dll
0x00007ffed8f00000 - 0x00007ffed93be000 	C:\Xilinx\Vivado\2016.4\lib\win64.o\librdi_project.dll
0x00007ffedeb80000 - 0x00007ffee7ab3000 	C:\Xilinx\Vivado\2016.4\lib\win64.o\librdi_device.dll
0x00007ffed88e0000 - 0x00007ffed8ef7000 	C:\Xilinx\Vivado\2016.4\lib\win64.o\librdi_power.dll
0x00007ffed8350000 - 0x00007ffed88d2000 	C:\Xilinx\Vivado\2016.4\lib\win64.o\librdi_psta.dll
0x00007ffed8020000 - 0x00007ffed8350000 	C:\Xilinx\Vivado\2016.4\lib\win64.o\librdi_runs.dll
0x00007ffed7350000 - 0x00007ffed8012000 	C:\Xilinx\Vivado\2016.4\lib\win64.o\librdi_route.dll
0x00007ffefe230000 - 0x00007ffefe28c000 	C:\Xilinx\Vivado\2016.4\lib\win64.o\librdi_runsbase.dll
0x00007ffed6d20000 - 0x00007ffed734a000 	C:\Xilinx\Vivado\2016.4\lib\win64.o\librdi_rsb.dll
0x00007ffef3fe0000 - 0x00007ffef4180000 	C:\Xilinx\Vivado\2016.4\lib\win64.o\librdi_simdata.dll
0x00007ffed61f0000 - 0x00007ffed6d20000 	C:\Xilinx\Vivado\2016.4\lib\win64.o\librdi_timing.dll
0x00007ffefcc20000 - 0x00007ffefcc83000 	C:\Xilinx\Vivado\2016.4\lib\win64.o\liblmx6.0.dll
0x00007ffef73e0000 - 0x00007ffef7477000 	C:\Xilinx\Vivado\2016.4\lib\win64.o\libise.dll
0x00007ffef9820000 - 0x00007ffef9867000 	C:\Xilinx\Vivado\2016.4\lib\win64.o\libboost_serialization.dll
0x00007ffed5cb0000 - 0x00007ffed61f0000 	C:\Xilinx\Vivado\2016.4\lib\win64.o\librdi_xdm.dll
0x00007ffed5300000 - 0x00007ffed5ca5000 	C:\Xilinx\Vivado\2016.4\lib\win64.o\libverific.dll
0x00007ffed4f20000 - 0x00007ffed52f3000 	C:\Xilinx\Vivado\2016.4\lib\win64.o\librdi_wavedata.dll
0x00007ffefe930000 - 0x00007ffefe96c000 	C:\Xilinx\Vivado\2016.4\lib\win64.o\librdi_wavedata_SimpleApi.dll
0x00007ffef81b0000 - 0x00007ffef81f3000 	C:\Xilinx\Vivado\2016.4\lib\win64.o\librdi_hdf.dll
0x00007ffed4d20000 - 0x00007ffed4f18000 	C:\Xilinx\Vivado\2016.4\lib\win64.o\librdi_hsm.dll
0x00007ffed4760000 - 0x00007ffed4d1c000 	C:\Xilinx\Vivado\2016.4\lib\win64.o\librdi_abc_nomp.dll
0x00007ffeff080000 - 0x00007ffeff099000 	C:\Xilinx\Vivado\2016.4\lib\win64.o\librdi_hmetis.dll
0x00007ffed2f00000 - 0x00007ffed4753000 	C:\Xilinx\Vivado\2016.4\lib\win64.o\librdi_mig.dll
0x00007ffed2270000 - 0x00007ffed2efe000 	C:\Xilinx\Vivado\2016.4\lib\win64.o\librdi_implflow.dll
0x00007ffed1ba0000 - 0x00007ffed226d000 	C:\Xilinx\Vivado\2016.4\lib\win64.o\librdi_labtools.dll
0x00007ffef7f80000 - 0x00007ffef7fcd000 	C:\Xilinx\Vivado\2016.4\lib\win64.o\librdi_projectbase.dll
0x00007ffed00d0000 - 0x00007ffed1b98000 	C:\Xilinx\Vivado\2016.4\lib\win64.o\librdi_synth.dll
0x00007ffef70e0000 - 0x00007ffef7195000 	C:\Xilinx\Vivado\2016.4\lib\win64.o\librdi_hwh.dll
0x00007ffefe110000 - 0x00007ffefe144000 	C:\Xilinx\Vivado\2016.4\lib\win64.o\libnoc_ntf_reader.dll
0x00007ffecfa10000 - 0x00007ffed00c4000 	C:\Xilinx\Vivado\2016.4\lib\win64.o\librdi_coregenipxact.dll
0x00007ffef4e50000 - 0x00007ffef4ed2000 	C:\Xilinx\Vivado\2016.4\lib\win64.o\librdi_simbridge_kernel.dll

VM Arguments:
jvm_args: -Dsun.java2d.pmoffscreen=false -Dsun.java2d.d3d=false -Dsun.awt.nopixfmt=true -Xverify:none -Dswing.aatext=true -XX:-UsePerfData -Djdk.map.althashing.threshold=512 -XX:StringTableSize=4072 -XX:NewSize=60m -XX:MaxNewSize=60m -Xms128m -Xmx3072m -Xss5m 
java_command: <unknown>
java_class_path (initial): C:/Xilinx/Vivado/2016.4\lib\classes\alloy.jar;C:/Xilinx/Vivado/2016.4\lib\classes\batik-anim.jar;C:/Xilinx/Vivado/2016.4\lib\classes\batik-awt-util.jar;C:/Xilinx/Vivado/2016.4\lib\classes\batik-bridge.jar;C:/Xilinx/Vivado/2016.4\lib\classes\batik-codec.jar;C:/Xilinx/Vivado/2016.4\lib\classes\batik-css.jar;C:/Xilinx/Vivado/2016.4\lib\classes\batik-dom.jar;C:/Xilinx/Vivado/2016.4\lib\classes\batik-ext.jar;C:/Xilinx/Vivado/2016.4\lib\classes\batik-gui-util.jar;C:/Xilinx/Vivado/2016.4\lib\classes\batik-gvt.jar;C:/Xilinx/Vivado/2016.4\lib\classes\batik-parser.jar;C:/Xilinx/Vivado/2016.4\lib\classes\batik-script.jar;C:/Xilinx/Vivado/2016.4\lib\classes\batik-svg-dom.jar;C:/Xilinx/Vivado/2016.4\lib\classes\batik-swing.jar;C:/Xilinx/Vivado/2016.4\lib\classes\batik-transcoder.jar;C:/Xilinx/Vivado/2016.4\lib\classes\batik-util.jar;C:/Xilinx/Vivado/2016.4\lib\classes\batik-xml.jar;C:/Xilinx/Vivado/2016.4\lib\classes\commons-math-2.2.jar;C:/Xilinx/Vivado/2016.4\lib\classes\dom4j-1.6.1.jar;C:/Xilinx/Vivado/2016.4\lib\classes\forms.jar;C:/Xilinx/Vivado/2016.4\lib\classes\guava-18.0.jar;C:/Xilinx/Vivado/2016.4\lib\classes\help.jar;C:/Xilinx/Vivado/2016.4\lib\classes\hsqldb.jar;C:/Xilinx/Vivado/2016.4\lib\classes\jh.jar;C:/Xilinx/Vivado/2016.4\lib\classes\jide-action.jar;C:/Xilinx/Vivado/2016.4\lib\classes\jide-charts.jar;C:/Xilinx/Vivado/2016.4\lib\classes\jide-common.jar;C:/Xilinx/Vivado/2016.4\lib\classes\jide-components.jar;C:/Xilinx/Vivado/2016.4\lib\classes\jide-dashboard.jar;C:/Xilinx/Vivado/2016.4\lib\classes\jide-data.jar;C:/Xilinx/Vivado/2016.4\lib\classes\jide-dialogs.jar;C:/Xilinx/Vivado/2016.4\lib\classes\jide-diff.jar;C:/Xilinx/Vivado/2016.4\lib\classes\jide-dock.jar;C:/Xilinx/Vivado/2016.4\lib\classes\jide-editor.jar;C:/Xilinx/Vivado/2016.4\lib\classes\jide-gantt.jar;C:/Xilinx/Vivado/2016.4\lib\classes\jide-grids.jar;C:/Xilinx/Vivado/2016.4\lib\classes\jide-pivot.jar;C:/Xilinx/Vivado/2016.4\lib\classes\jide-plaf-jdk7.jar;C:/Xilinx/Vivado/2
Launcher Type: generic

Environment Variables:
PATH=C:/Xilinx/Vivado/2016.4/bin;C:/Xilinx/Vivado/2016.4/lib/win64.o;C:/Xilinx/Vivado/2016.4/tps/win64/jre/bin/server;C:/Xilinx/Vivado/2016.4/tps/win64/jre/bin;C:/Xilinx/Vivado/2016.4/ids_lite/ISE/bin/nt64;C:/Xilinx/Vivado/2016.4/ids_lite/ISE/lib/nt64;C:/Xilinx/Vivado_HLS/2016.4/bin;C:\oraclexe\app\oracle\product\11.2.0\server\bin;;C:\Windows\system32;C:\Windows;C:\Windows\System32\Wbem;C:\Windows\System32\WindowsPowerShell\v1.0\;C:\Program Files (x86)\NVIDIA Corporation\PhysX\Common;%SystemRoot%\system32;%SystemRoot%;%SystemRoot%\System32\Wbem;%SYSTEMROOT%\System32\WindowsPowerShell\v1.0\;C:\Users\edoardo\AppData\Local\Microsoft\WindowsApps
USERNAME=edoardo
OS=Windows_NT
PROCESSOR_IDENTIFIER=Intel64 Family 6 Model 60 Stepping 3, GenuineIntel



---------------  S Y S T E M  ---------------

OS: Windows 10.0 , 64 bit Build 15063 (10.0.15063.296)

CPU:total 4 (4 cores per cpu, 1 threads per core) family 6 model 60 stepping 3, cmov, cx8, fxsr, mmx, sse, sse2, sse3, ssse3, sse4.1, sse4.2, popcnt, avx, avx2, aes, clmul, erms, lzcnt, tsc, tscinvbit, bmi1, bmi2

Memory: 4k page, physical 8305712k(5200424k free), swap 9616432k(3217712k free)

vm_info: Java HotSpot(TM) 64-Bit Server VM (25.66-b18) for windows-amd64 JRE (1.8.0_66-b18), built on Nov  9 2015 10:51:13 by "java_re" with MS VC++ 10.0 (VS2010)

time: Tue Jun 06 00:46:48 2017
elapsed time: 12041 seconds (0d 3h 20m 41s)

