#-----------------------------------------------------------
# Vivado v2016.4 (64-bit)
# SW Build 1756540 on Mon Jan 23 19:11:23 MST 2017
# IP Build 1755317 on Mon Jan 23 20:30:07 MST 2017
# Start of session at: Fri Jun 02 10:25:35 2017
# Process ID: 1692
# Current directory: C:/Users/edoardo/Desktop/GameZero
# Command line: vivado.exe -gui_launcher_event rodinguilauncherevent4008 C:\Users\edoardo\Desktop\GameZero\GameZero.xpr
# Log file: C:/Users/edoardo/Desktop/GameZero/vivado.log
# Journal file: C:/Users/edoardo/Desktop/GameZero\vivado.jou
#-----------------------------------------------------------
start_gui
open_project C:/Users/edoardo/Desktop/GameZero/GameZero.xpr
INFO: [Project 1-313] Project file moved from 'C:/Users/Andrea Diecidue/Documents/GitHub/GameZero/GameZero' since last save.
Scanning sources...
Finished scanning sources
INFO: [IP_Flow 19-234] Refreshing IP repositories
INFO: [IP_Flow 19-1704] No user IP repositories specified
INFO: [IP_Flow 19-2313] Loaded Vivado IP repository 'C:/Xilinx/Vivado/2016.4/data/ip'.
open_hw
connect_hw_server
INFO: [Labtools 27-2285] Connecting to hw_server url TCP:localhost:3121
INFO: [Labtools 27-2222] Launching hw_server...
INFO: [Labtools 27-2221] Launch Output:

****** Xilinx hw_server v2016.4
  **** Build date : Jan 23 2017-19:37:29
    ** Copyright 1986-2016 Xilinx, Inc. All Rights Reserved.


open_hw_target
INFO: [Labtoolstcl 44-466] Opening hw_target localhost:3121/xilinx_tcf/Digilent/210274551945A
set_property PROGRAM.FILE {C:/Users/edoardo/Desktop/GameZero/GameZero.runs/impl_1/main.bit} [lindex [get_hw_devices xc7a100t_0] 0]
current_hw_device [lindex [get_hw_devices xc7a100t_0] 0]
refresh_hw_device -update_hw_probes false [lindex [get_hw_devices xc7a100t_0] 0]
INFO: [Labtools 27-1434] Device xc7a100t (JTAG device index = 0) is programmed with a design that has no supported debug core(s) in it.
WARNING: [Labtools 27-3123] The debug hub core was not detected at User Scan Chain 1 or 3.
Resolution: 
1. Make sure the clock connected to the debug hub (dbg_hub) core is a free running clock and is active OR
2. Manually launch hw_server with -e "set xsdb-user-bscan <C_USER_SCAN_CHAIN scan_chain_number>" to detect the debug hub at User Scan Chain of 2 or 4. To determine the user scan chain setting, open the implemented design and use: get_property C_USER_SCAN_CHAIN [get_debug_cores dbg_hub].
set_property PROBES.FILE {} [lindex [get_hw_devices xc7a100t_0] 0]
set_property PROGRAM.FILE {C:/Users/edoardo/Desktop/GameZero/GameZero.runs/impl_1/main.bit} [lindex [get_hw_devices xc7a100t_0] 0]
program_hw_devices [lindex [get_hw_devices xc7a100t_0] 0]
INFO: [Labtools 27-3164] End of startup status: HIGH
refresh_hw_device [lindex [get_hw_devices xc7a100t_0] 0]
INFO: [Labtools 27-1434] Device xc7a100t (JTAG device index = 0) is programmed with a design that has no supported debug core(s) in it.
WARNING: [Labtools 27-3123] The debug hub core was not detected at User Scan Chain 1 or 3.
Resolution: 
1. Make sure the clock connected to the debug hub (dbg_hub) core is a free running clock and is active OR
2. Manually launch hw_server with -e "set xsdb-user-bscan <C_USER_SCAN_CHAIN scan_chain_number>" to detect the debug hub at User Scan Chain of 2 or 4. To determine the user scan chain setting, open the implemented design and use: get_property C_USER_SCAN_CHAIN [get_debug_cores dbg_hub].
WARNING: [Labtoolstcl 44-130] No matching hw_ilas were found.
WARNING: [Labtoolstcl 44-130] No matching hw_ilas were found.
WARNING: [Labtoolstcl 44-130] No matching hw_ilas were found.
WARNING: [Labtoolstcl 44-130] No matching hw_ilas were found.
ERROR: [Labtools 27-2269] No devices detected on target localhost:3121/xilinx_tcf/Digilent/210274551945A.
Check cable connectivity and that the target board is powered up then
use the disconnect_hw_server and connect_hw_server to re-register this hardware target.
close_hw
set_property -dict [list CONFIG.CLKOUT1_REQUESTED_OUT_FREQ {22.000} CONFIG.MMCM_DIVCLK_DIVIDE {5} CONFIG.MMCM_CLKFBOUT_MULT_F {49.500} CONFIG.MMCM_CLKOUT0_DIVIDE_F {45.000} CONFIG.CLKOUT1_JITTER {317.486} CONFIG.CLKOUT1_PHASE_ERROR {296.868}] [get_ips pixelClkGen]
generate_target all [get_files  C:/Users/edoardo/Desktop/GameZero/GameZero.srcs/sources_1/ip/pixelClkGen_1/pixelClkGen.xci]
INFO: [IP_Flow 19-1686] Generating 'Instantiation Template' target for IP 'pixelClkGen'...
INFO: [IP_Flow 19-1686] Generating 'Synthesis' target for IP 'pixelClkGen'...
INFO: [IP_Flow 19-1686] Generating 'Simulation' target for IP 'pixelClkGen'...
INFO: [IP_Flow 19-1686] Generating 'Implementation' target for IP 'pixelClkGen'...
INFO: [IP_Flow 19-1686] Generating 'Change Log' target for IP 'pixelClkGen'...
catch { config_ip_cache -export [get_ips -all pixelClkGen] }
INFO: [IP_Flow 19-4993] Using cached IP synthesis design for IP pixelClkGen, cache-ID = 1964785163fef6d8; cache size = 4.352 MB.
catch { [ delete_ip_run [get_ips -all pixelClkGen] ] }
INFO: [Project 1-386] Moving file 'C:/Users/edoardo/Desktop/GameZero/GameZero.srcs/sources_1/ip/pixelClkGen_1/pixelClkGen.xci' from fileset 'pixelClkGen' to fileset 'sources_1'.
export_ip_user_files -of_objects [get_files C:/Users/edoardo/Desktop/GameZero/GameZero.srcs/sources_1/ip/pixelClkGen_1/pixelClkGen.xci] -no_script -sync -force -quiet
create_ip_run [get_files -of_objects [get_fileset sources_1] C:/Users/edoardo/Desktop/GameZero/GameZero.srcs/sources_1/ip/pixelClkGen_1/pixelClkGen.xci]
INFO: [Vivado 12-3453] The given sub-design is up-to-date, no action was taken.  If a run is still desired, use the '-force' option for the file:'C:/Users/edoardo/Desktop/GameZero/GameZero.srcs/sources_1/ip/pixelClkGen_1/pixelClkGen.xci'
export_simulation -of_objects [get_files C:/Users/edoardo/Desktop/GameZero/GameZero.srcs/sources_1/ip/pixelClkGen_1/pixelClkGen.xci] -directory C:/Users/edoardo/Desktop/GameZero/GameZero.ip_user_files/sim_scripts -ip_user_files_dir C:/Users/edoardo/Desktop/GameZero/GameZero.ip_user_files -ipstatic_source_dir C:/Users/edoardo/Desktop/GameZero/GameZero.ip_user_files/ipstatic -lib_map_path [list {modelsim=C:/Users/edoardo/Desktop/GameZero/GameZero.cache/compile_simlib/modelsim} {questa=C:/Users/edoardo/Desktop/GameZero/GameZero.cache/compile_simlib/questa} {riviera=C:/Users/edoardo/Desktop/GameZero/GameZero.cache/compile_simlib/riviera} {activehdl=C:/Users/edoardo/Desktop/GameZero/GameZero.cache/compile_simlib/activehdl}] -use_ip_compiled_libs -force -quiet
reset_run playerBROM_synth_1
reset_run utilBROM_synth_1
reset_run synth_1
launch_runs synth_1 -jobs 2
INFO: [Vivado 12-4149] The synthesis checkpoint for IP 'C:/Users/edoardo/Desktop/GameZero/GameZero.srcs/sources_1/ip/pixelClkGen_1/pixelClkGen.xci' is already up-to-date
INFO: [IP_Flow 19-1686] Generating 'Synthesis' target for IP 'playerBROM'...
INFO: [IP_Flow 19-1686] Generating 'Synthesis' target for IP 'utilBROM'...
[Fri Jun 02 10:35:10 2017] Launched playerBROM_synth_1, utilBROM_synth_1...
Run output will be captured here:
playerBROM_synth_1: C:/Users/edoardo/Desktop/GameZero/GameZero.runs/playerBROM_synth_1/runme.log
utilBROM_synth_1: C:/Users/edoardo/Desktop/GameZero/GameZero.runs/utilBROM_synth_1/runme.log
[Fri Jun 02 10:35:10 2017] Launched synth_1...
Run output will be captured here: C:/Users/edoardo/Desktop/GameZero/GameZero.runs/synth_1/runme.log
launch_runs: Time (s): cpu = 00:00:15 ; elapsed = 00:00:16 . Memory (MB): peak = 1044.207 ; gain = 1.582
reset_run synth_1
launch_runs synth_1 -jobs 2
INFO: [Vivado 12-4149] The synthesis checkpoint for IP 'C:/Users/edoardo/Desktop/GameZero/GameZero.srcs/sources_1/ip/pixelClkGen_1/pixelClkGen.xci' is already up-to-date
INFO: [HDL 9-1061] Parsing VHDL file "C:/Users/edoardo/Desktop/GameZero/GameZero.srcs/sources_1/new/Green_Goblin_jump.vhd" into library xil_defaultlib [C:/Users/edoardo/Desktop/GameZero/GameZero.srcs/sources_1/new/Green_Goblin_jump.vhd:1]
[Fri Jun 02 10:38:19 2017] Launched synth_1...
Run output will be captured here: C:/Users/edoardo/Desktop/GameZero/GameZero.runs/synth_1/runme.log
reset_run synth_1
launch_runs synth_1 -jobs 2
INFO: [Vivado 12-4149] The synthesis checkpoint for IP 'C:/Users/edoardo/Desktop/GameZero/GameZero.srcs/sources_1/ip/pixelClkGen_1/pixelClkGen.xci' is already up-to-date
INFO: [HDL 9-1061] Parsing VHDL file "C:/Users/edoardo/Desktop/GameZero/GameZero.srcs/sources_1/new/main.vhd" into library xil_defaultlib [C:/Users/edoardo/Desktop/GameZero/GameZero.srcs/sources_1/new/main.vhd:1]
[Fri Jun 02 10:40:21 2017] Launched synth_1...
Run output will be captured here: C:/Users/edoardo/Desktop/GameZero/GameZero.runs/synth_1/runme.log
set_property is_enabled false [get_files  C:/Users/edoardo/Desktop/GameZero/GameZero.srcs/sources_1/new/Green_Goblin_jump.vhd]
set_property is_enabled false [get_files  C:/Users/edoardo/Desktop/GameZero/GameZero.srcs/sources_1/new/Green_Goblin_movement.vhd]
reset_run synth_1
launch_runs synth_1 -jobs 2
INFO: [Vivado 12-4149] The synthesis checkpoint for IP 'C:/Users/edoardo/Desktop/GameZero/GameZero.srcs/sources_1/ip/pixelClkGen_1/pixelClkGen.xci' is already up-to-date
INFO: [HDL 9-1061] Parsing VHDL file "C:/Users/edoardo/Desktop/GameZero/GameZero.srcs/sources_1/new/main.vhd" into library xil_defaultlib [C:/Users/edoardo/Desktop/GameZero/GameZero.srcs/sources_1/new/main.vhd:1]
[Fri Jun 02 10:54:24 2017] Launched synth_1...
Run output will be captured here: C:/Users/edoardo/Desktop/GameZero/GameZero.runs/synth_1/runme.log
set_property is_enabled false [get_files  C:/Users/edoardo/Desktop/GameZero/GameZero.srcs/sources_1/new/Green_Goblin_attack.vhd]
reset_run synth_1
launch_runs synth_1 -jobs 2
INFO: [Vivado 12-4149] The synthesis checkpoint for IP 'C:/Users/edoardo/Desktop/GameZero/GameZero.srcs/sources_1/ip/pixelClkGen_1/pixelClkGen.xci' is already up-to-date
INFO: [HDL 9-1061] Parsing VHDL file "C:/Users/edoardo/Desktop/GameZero/GameZero.srcs/sources_1/new/main.vhd" into library xil_defaultlib [C:/Users/edoardo/Desktop/GameZero/GameZero.srcs/sources_1/new/main.vhd:1]
[Fri Jun 02 10:59:28 2017] Launched synth_1...
Run output will be captured here: C:/Users/edoardo/Desktop/GameZero/GameZero.runs/synth_1/runme.log
launch_runs impl_1 -jobs 2
INFO: [Vivado 12-4149] The synthesis checkpoint for IP 'C:/Users/edoardo/Desktop/GameZero/GameZero.srcs/sources_1/ip/pixelClkGen_1/pixelClkGen.xci' is already up-to-date
[Fri Jun 02 11:00:07 2017] Launched impl_1...
Run output will be captured here: C:/Users/edoardo/Desktop/GameZero/GameZero.runs/impl_1/runme.log
launch_runs impl_1 -to_step write_bitstream -jobs 2
INFO: [Vivado 12-4149] The synthesis checkpoint for IP 'C:/Users/edoardo/Desktop/GameZero/GameZero.srcs/sources_1/ip/pixelClkGen_1/pixelClkGen.xci' is already up-to-date
[Fri Jun 02 11:09:07 2017] Launched impl_1...
Run output will be captured here: C:/Users/edoardo/Desktop/GameZero/GameZero.runs/impl_1/runme.log
open_hw
connect_hw_server
INFO: [Labtools 27-2285] Connecting to hw_server url TCP:localhost:3121
INFO: [Labtools 27-2222] Launching hw_server...
INFO: [Labtools 27-2221] Launch Output:

****** Xilinx hw_server v2016.4
  **** Build date : Jan 23 2017-19:37:29
    ** Copyright 1986-2016 Xilinx, Inc. All Rights Reserved.


connect_hw_server: Time (s): cpu = 00:00:01 ; elapsed = 00:00:06 . Memory (MB): peak = 1131.605 ; gain = 0.000
open_hw_target
INFO: [Labtoolstcl 44-466] Opening hw_target localhost:3121/xilinx_tcf/Digilent/210274551945A
set_property PROGRAM.FILE {C:/Users/edoardo/Desktop/GameZero/GameZero.runs/impl_1/main.bit} [lindex [get_hw_devices xc7a100t_0] 0]
current_hw_device [lindex [get_hw_devices xc7a100t_0] 0]
refresh_hw_device -update_hw_probes false [lindex [get_hw_devices xc7a100t_0] 0]
INFO: [Labtools 27-1434] Device xc7a100t (JTAG device index = 0) is programmed with a design that has no supported debug core(s) in it.
WARNING: [Labtools 27-3123] The debug hub core was not detected at User Scan Chain 1 or 3.
Resolution: 
1. Make sure the clock connected to the debug hub (dbg_hub) core is a free running clock and is active OR
2. Manually launch hw_server with -e "set xsdb-user-bscan <C_USER_SCAN_CHAIN scan_chain_number>" to detect the debug hub at User Scan Chain of 2 or 4. To determine the user scan chain setting, open the implemented design and use: get_property C_USER_SCAN_CHAIN [get_debug_cores dbg_hub].
set_property PROBES.FILE {} [lindex [get_hw_devices xc7a100t_0] 0]
set_property PROGRAM.FILE {C:/Users/edoardo/Desktop/GameZero/GameZero.runs/impl_1/main.bit} [lindex [get_hw_devices xc7a100t_0] 0]
program_hw_devices [lindex [get_hw_devices xc7a100t_0] 0]
INFO: [Labtools 27-3164] End of startup status: HIGH
refresh_hw_device [lindex [get_hw_devices xc7a100t_0] 0]
INFO: [Labtools 27-1434] Device xc7a100t (JTAG device index = 0) is programmed with a design that has no supported debug core(s) in it.
WARNING: [Labtools 27-3123] The debug hub core was not detected at User Scan Chain 1 or 3.
Resolution: 
1. Make sure the clock connected to the debug hub (dbg_hub) core is a free running clock and is active OR
2. Manually launch hw_server with -e "set xsdb-user-bscan <C_USER_SCAN_CHAIN scan_chain_number>" to detect the debug hub at User Scan Chain of 2 or 4. To determine the user scan chain setting, open the implemented design and use: get_property C_USER_SCAN_CHAIN [get_debug_cores dbg_hub].
WARNING: [Labtoolstcl 44-130] No matching hw_ilas were found.
WARNING: [Labtoolstcl 44-130] No matching hw_ilas were found.
WARNING: [Labtoolstcl 44-130] No matching hw_ilas were found.
WARNING: [Labtoolstcl 44-130] No matching hw_ilas were found.
close_hw
close_project
open_project C:/Users/edoardo/Desktop/GameZero/GameZero.xpr
Scanning sources...
Finished scanning sources
INFO: [IP_Flow 19-234] Refreshing IP repositories
INFO: [IP_Flow 19-1704] No user IP repositories specified
INFO: [IP_Flow 19-2313] Loaded Vivado IP repository 'C:/Xilinx/Vivado/2016.4/data/ip'.
set_property -dict [list CONFIG.CLKOUT1_REQUESTED_OUT_FREQ {20.000} CONFIG.MMCM_DIVCLK_DIVIDE {1} CONFIG.MMCM_CLKFBOUT_MULT_F {8.500} CONFIG.MMCM_CLKOUT0_DIVIDE_F {42.500} CONFIG.CLKOUT1_JITTER {193.154} CONFIG.CLKOUT1_PHASE_ERROR {109.126}] [get_ips pixelClkGen]
generate_target all [get_files  C:/Users/edoardo/Desktop/GameZero/GameZero.srcs/sources_1/ip/pixelClkGen_1/pixelClkGen.xci]
INFO: [IP_Flow 19-1686] Generating 'Instantiation Template' target for IP 'pixelClkGen'...
INFO: [IP_Flow 19-1686] Generating 'Synthesis' target for IP 'pixelClkGen'...
INFO: [IP_Flow 19-1686] Generating 'Simulation' target for IP 'pixelClkGen'...
INFO: [IP_Flow 19-1686] Generating 'Implementation' target for IP 'pixelClkGen'...
INFO: [IP_Flow 19-1686] Generating 'Change Log' target for IP 'pixelClkGen'...
catch { config_ip_cache -export [get_ips -all pixelClkGen] }
INFO: [IP_Flow 19-4993] Using cached IP synthesis design for IP pixelClkGen, cache-ID = 0974db70a0afacae; cache size = 4.352 MB.
export_ip_user_files -of_objects [get_files C:/Users/edoardo/Desktop/GameZero/GameZero.srcs/sources_1/ip/pixelClkGen_1/pixelClkGen.xci] -no_script -sync -force -quiet
create_ip_run [get_files -of_objects [get_fileset sources_1] C:/Users/edoardo/Desktop/GameZero/GameZero.srcs/sources_1/ip/pixelClkGen_1/pixelClkGen.xci]
INFO: [Vivado 12-3453] The given sub-design is up-to-date, no action was taken.  If a run is still desired, use the '-force' option for the file:'C:/Users/edoardo/Desktop/GameZero/GameZero.srcs/sources_1/ip/pixelClkGen_1/pixelClkGen.xci'
export_simulation -of_objects [get_files C:/Users/edoardo/Desktop/GameZero/GameZero.srcs/sources_1/ip/pixelClkGen_1/pixelClkGen.xci] -directory C:/Users/edoardo/Desktop/GameZero/GameZero.ip_user_files/sim_scripts -ip_user_files_dir C:/Users/edoardo/Desktop/GameZero/GameZero.ip_user_files -ipstatic_source_dir C:/Users/edoardo/Desktop/GameZero/GameZero.ip_user_files/ipstatic -lib_map_path [list {modelsim=C:/Users/edoardo/Desktop/GameZero/GameZero.cache/compile_simlib/modelsim} {questa=C:/Users/edoardo/Desktop/GameZero/GameZero.cache/compile_simlib/questa} {riviera=C:/Users/edoardo/Desktop/GameZero/GameZero.cache/compile_simlib/riviera} {activehdl=C:/Users/edoardo/Desktop/GameZero/GameZero.cache/compile_simlib/activehdl}] -use_ip_compiled_libs -force -quiet
INFO: [Device 21-403] Loading part xc7a100tcsg324-1
WARNING: [IP_Flow 19-4067] Ignoring invalid widget type specified checkbox.Providing a default widget
WARNING: [IP_Flow 19-4067] Ignoring invalid widget type specified checkbox.Providing a default widget
set_property -dict [list CONFIG.Write_Depth_A {74336}] [get_ips utilBROM]
generate_target all [get_files  C:/Users/edoardo/Desktop/GameZero/GameZero.srcs/sources_1/ip/utilBROM/utilBROM.xci]
INFO: [IP_Flow 19-1686] Generating 'Instantiation Template' target for IP 'utilBROM'...
INFO: [IP_Flow 19-1686] Generating 'Synthesis' target for IP 'utilBROM'...
INFO: [IP_Flow 19-1686] Generating 'Simulation' target for IP 'utilBROM'...
INFO: [IP_Flow 19-1686] Generating 'Miscellaneous' target for IP 'utilBROM'...
INFO: [IP_Flow 19-1686] Generating 'Change Log' target for IP 'utilBROM'...
generate_target: Time (s): cpu = 00:00:06 ; elapsed = 00:00:06 . Memory (MB): peak = 1201.094 ; gain = 0.000
catch { config_ip_cache -export [get_ips -all utilBROM] }
export_ip_user_files -of_objects [get_files C:/Users/edoardo/Desktop/GameZero/GameZero.srcs/sources_1/ip/utilBROM/utilBROM.xci] -no_script -sync -force -quiet
reset_run utilBROM_synth_1
launch_runs -jobs 2 utilBROM_synth_1
[Fri Jun 02 12:01:58 2017] Launched utilBROM_synth_1...
Run output will be captured here: C:/Users/edoardo/Desktop/GameZero/GameZero.runs/utilBROM_synth_1/runme.log
export_simulation -of_objects [get_files C:/Users/edoardo/Desktop/GameZero/GameZero.srcs/sources_1/ip/utilBROM/utilBROM.xci] -directory C:/Users/edoardo/Desktop/GameZero/GameZero.ip_user_files/sim_scripts -ip_user_files_dir C:/Users/edoardo/Desktop/GameZero/GameZero.ip_user_files -ipstatic_source_dir C:/Users/edoardo/Desktop/GameZero/GameZero.ip_user_files/ipstatic -lib_map_path [list {modelsim=C:/Users/edoardo/Desktop/GameZero/GameZero.cache/compile_simlib/modelsim} {questa=C:/Users/edoardo/Desktop/GameZero/GameZero.cache/compile_simlib/questa} {riviera=C:/Users/edoardo/Desktop/GameZero/GameZero.cache/compile_simlib/riviera} {activehdl=C:/Users/edoardo/Desktop/GameZero/GameZero.cache/compile_simlib/activehdl}] -use_ip_compiled_libs -force -quiet
WARNING: [IP_Flow 19-4067] Ignoring invalid widget type specified checkbox.Providing a default widget
WARNING: [IP_Flow 19-4067] Ignoring invalid widget type specified checkbox.Providing a default widget
WARNING: [IP_Flow 19-4067] Ignoring invalid widget type specified checkbox.Providing a default widget
WARNING: [IP_Flow 19-4067] Ignoring invalid widget type specified checkbox.Providing a default widget
ERROR: [filemgmt 56-23] Illegal GUI graph access between updates.
ERROR: [filemgmt 20-1788] Illegal access of HADGNode between graph update events.
ERROR: [filemgmt 20-1788] Illegal access of HADGNode between graph update events.
ERROR: [filemgmt 56-23] Illegal GUI graph access between updates.
ERROR: [filemgmt 56-23] Illegal GUI graph access between updates.
ERROR: [filemgmt 20-1788] Illegal access of HADGNode between graph update events.
ERROR: [filemgmt 20-1788] Illegal access of HADGNode between graph update events.
ERROR: [filemgmt 56-23] Illegal GUI graph access between updates.
WARNING: [IP_Flow 19-4067] Ignoring invalid widget type specified checkbox.Providing a default widget
WARNING: [IP_Flow 19-4067] Ignoring invalid widget type specified checkbox.Providing a default widget
WARNING: [IP_Flow 19-4067] Ignoring invalid widget type specified checkbox.Providing a default widget
WARNING: [IP_Flow 19-4067] Ignoring invalid widget type specified checkbox.Providing a default widget
reset_run synth_1
launch_runs synth_1 -jobs 2
INFO: [Vivado 12-4149] The synthesis checkpoint for IP 'C:/Users/edoardo/Desktop/GameZero/GameZero.srcs/sources_1/ip/pixelClkGen_1/pixelClkGen.xci' is already up-to-date
INFO: [HDL 9-1061] Parsing VHDL file "C:/Users/edoardo/Desktop/GameZero/GameZero.srcs/sources_1/new/main.vhd" into library xil_defaultlib [C:/Users/edoardo/Desktop/GameZero/GameZero.srcs/sources_1/new/main.vhd:1]
[Fri Jun 02 13:12:48 2017] Launched synth_1...
Run output will be captured here: C:/Users/edoardo/Desktop/GameZero/GameZero.runs/synth_1/runme.log
WARNING: [IP_Flow 19-4067] Ignoring invalid widget type specified checkbox.Providing a default widget
WARNING: [IP_Flow 19-4067] Ignoring invalid widget type specified checkbox.Providing a default widget
WARNING: [IP_Flow 19-4067] Ignoring invalid widget type specified checkbox.Providing a default widget
WARNING: [IP_Flow 19-4067] Ignoring invalid widget type specified checkbox.Providing a default widget
reset_run synth_1
launch_runs synth_1 -jobs 2
INFO: [Vivado 12-4149] The synthesis checkpoint for IP 'C:/Users/edoardo/Desktop/GameZero/GameZero.srcs/sources_1/ip/pixelClkGen_1/pixelClkGen.xci' is already up-to-date
INFO: [HDL 9-1061] Parsing VHDL file "C:/Users/edoardo/Desktop/GameZero/GameZero.srcs/sources_1/new/main.vhd" into library xil_defaultlib [C:/Users/edoardo/Desktop/GameZero/GameZero.srcs/sources_1/new/main.vhd:1]
[Fri Jun 02 13:14:50 2017] Launched synth_1...
Run output will be captured here: C:/Users/edoardo/Desktop/GameZero/GameZero.runs/synth_1/runme.log
reset_run synth_1
launch_runs synth_1 -jobs 2
INFO: [Vivado 12-4149] The synthesis checkpoint for IP 'C:/Users/edoardo/Desktop/GameZero/GameZero.srcs/sources_1/ip/pixelClkGen_1/pixelClkGen.xci' is already up-to-date
INFO: [HDL 9-1061] Parsing VHDL file "C:/Users/edoardo/Desktop/GameZero/GameZero.srcs/sources_1/new/graphic.vhd" into library xil_defaultlib [C:/Users/edoardo/Desktop/GameZero/GameZero.srcs/sources_1/new/graphic.vhd:1]
[Fri Jun 02 13:15:15 2017] Launched synth_1...
Run output will be captured here: C:/Users/edoardo/Desktop/GameZero/GameZero.runs/synth_1/runme.log
reset_run synth_1
launch_runs synth_1 -jobs 2
INFO: [Vivado 12-4149] The synthesis checkpoint for IP 'C:/Users/edoardo/Desktop/GameZero/GameZero.srcs/sources_1/ip/pixelClkGen_1/pixelClkGen.xci' is already up-to-date
INFO: [HDL 9-1061] Parsing VHDL file "C:/Users/edoardo/Desktop/GameZero/GameZero.srcs/sources_1/new/graphic.vhd" into library xil_defaultlib [C:/Users/edoardo/Desktop/GameZero/GameZero.srcs/sources_1/new/graphic.vhd:1]
[Fri Jun 02 13:15:51 2017] Launched synth_1...
Run output will be captured here: C:/Users/edoardo/Desktop/GameZero/GameZero.runs/synth_1/runme.log
reset_run synth_1
launch_runs synth_1 -jobs 2
INFO: [Vivado 12-4149] The synthesis checkpoint for IP 'C:/Users/edoardo/Desktop/GameZero/GameZero.srcs/sources_1/ip/pixelClkGen_1/pixelClkGen.xci' is already up-to-date
INFO: [HDL 9-1061] Parsing VHDL file "C:/Users/edoardo/Desktop/GameZero/GameZero.srcs/sources_1/new/graphic.vhd" into library xil_defaultlib [C:/Users/edoardo/Desktop/GameZero/GameZero.srcs/sources_1/new/graphic.vhd:1]
[Fri Jun 02 13:16:34 2017] Launched synth_1...
Run output will be captured here: C:/Users/edoardo/Desktop/GameZero/GameZero.runs/synth_1/runme.log
reset_run synth_1
launch_runs impl_1 -jobs 2
INFO: [Vivado 12-4149] The synthesis checkpoint for IP 'C:/Users/edoardo/Desktop/GameZero/GameZero.srcs/sources_1/ip/pixelClkGen_1/pixelClkGen.xci' is already up-to-date
[Fri Jun 02 13:17:03 2017] Launched synth_1...
Run output will be captured here: C:/Users/edoardo/Desktop/GameZero/GameZero.runs/synth_1/runme.log
[Fri Jun 02 13:17:03 2017] Launched impl_1...
Run output will be captured here: C:/Users/edoardo/Desktop/GameZero/GameZero.runs/impl_1/runme.log
reset_run synth_1
launch_runs synth_1 -jobs 2
INFO: [Vivado 12-4149] The synthesis checkpoint for IP 'C:/Users/edoardo/Desktop/GameZero/GameZero.srcs/sources_1/ip/pixelClkGen_1/pixelClkGen.xci' is already up-to-date
INFO: [HDL 9-1061] Parsing VHDL file "C:/Users/edoardo/Desktop/GameZero/GameZero.srcs/sources_1/new/graphic.vhd" into library xil_defaultlib [C:/Users/edoardo/Desktop/GameZero/GameZero.srcs/sources_1/new/graphic.vhd:1]
[Fri Jun 02 13:18:58 2017] Launched synth_1...
Run output will be captured here: C:/Users/edoardo/Desktop/GameZero/GameZero.runs/synth_1/runme.log
reset_run synth_1
launch_runs synth_1 -jobs 2
INFO: [Vivado 12-4149] The synthesis checkpoint for IP 'C:/Users/edoardo/Desktop/GameZero/GameZero.srcs/sources_1/ip/pixelClkGen_1/pixelClkGen.xci' is already up-to-date
INFO: [HDL 9-1061] Parsing VHDL file "C:/Users/edoardo/Desktop/GameZero/GameZero.srcs/sources_1/new/graphic.vhd" into library xil_defaultlib [C:/Users/edoardo/Desktop/GameZero/GameZero.srcs/sources_1/new/graphic.vhd:1]
[Fri Jun 02 13:19:45 2017] Launched synth_1...
Run output will be captured here: C:/Users/edoardo/Desktop/GameZero/GameZero.runs/synth_1/runme.log
launch_runs impl_1 -jobs 2
INFO: [Vivado 12-4149] The synthesis checkpoint for IP 'C:/Users/edoardo/Desktop/GameZero/GameZero.srcs/sources_1/ip/pixelClkGen_1/pixelClkGen.xci' is already up-to-date
[Fri Jun 02 13:20:38 2017] Launched impl_1...
Run output will be captured here: C:/Users/edoardo/Desktop/GameZero/GameZero.runs/impl_1/runme.log
open_hw
connect_hw_server
INFO: [Labtools 27-2285] Connecting to hw_server url TCP:localhost:3121
INFO: [Labtools 27-2222] Launching hw_server...
INFO: [Labtools 27-2221] Launch Output:

****** Xilinx hw_server v2016.4
  **** Build date : Jan 23 2017-19:37:29
    ** Copyright 1986-2016 Xilinx, Inc. All Rights Reserved.


connect_hw_server: Time (s): cpu = 00:00:00 ; elapsed = 00:00:06 . Memory (MB): peak = 1388.977 ; gain = 0.000
open_hw_target
INFO: [Labtoolstcl 44-466] Opening hw_target localhost:3121/xilinx_tcf/Digilent/210274551945A
current_hw_device [lindex [get_hw_devices xc7a100t_0] 0]
refresh_hw_device -update_hw_probes false [lindex [get_hw_devices xc7a100t_0] 0]
INFO: [Labtools 27-1434] Device xc7a100t (JTAG device index = 0) is programmed with a design that has no supported debug core(s) in it.
WARNING: [Labtools 27-3123] The debug hub core was not detected at User Scan Chain 1 or 3.
Resolution: 
1. Make sure the clock connected to the debug hub (dbg_hub) core is a free running clock and is active OR
2. Manually launch hw_server with -e "set xsdb-user-bscan <C_USER_SCAN_CHAIN scan_chain_number>" to detect the debug hub at User Scan Chain of 2 or 4. To determine the user scan chain setting, open the implemented design and use: get_property C_USER_SCAN_CHAIN [get_debug_cores dbg_hub].
launch_runs impl_1 -to_step write_bitstream -jobs 2
INFO: [Vivado 12-4149] The synthesis checkpoint for IP 'C:/Users/edoardo/Desktop/GameZero/GameZero.srcs/sources_1/ip/pixelClkGen_1/pixelClkGen.xci' is already up-to-date
[Fri Jun 02 13:22:04 2017] Launched impl_1...
Run output will be captured here: C:/Users/edoardo/Desktop/GameZero/GameZero.runs/impl_1/runme.log
set_property PROBES.FILE {} [lindex [get_hw_devices xc7a100t_0] 0]
set_property PROGRAM.FILE {C:/Users/edoardo/Desktop/GameZero/GameZero.runs/impl_1/main.bit} [lindex [get_hw_devices xc7a100t_0] 0]
program_hw_devices [lindex [get_hw_devices xc7a100t_0] 0]
INFO: [Labtools 27-3164] End of startup status: HIGH
refresh_hw_device [lindex [get_hw_devices xc7a100t_0] 0]
INFO: [Labtools 27-1434] Device xc7a100t (JTAG device index = 0) is programmed with a design that has no supported debug core(s) in it.
WARNING: [Labtools 27-3123] The debug hub core was not detected at User Scan Chain 1 or 3.
Resolution: 
1. Make sure the clock connected to the debug hub (dbg_hub) core is a free running clock and is active OR
2. Manually launch hw_server with -e "set xsdb-user-bscan <C_USER_SCAN_CHAIN scan_chain_number>" to detect the debug hub at User Scan Chain of 2 or 4. To determine the user scan chain setting, open the implemented design and use: get_property C_USER_SCAN_CHAIN [get_debug_cores dbg_hub].
WARNING: [Labtoolstcl 44-130] No matching hw_ilas were found.
WARNING: [Labtoolstcl 44-130] No matching hw_ilas were found.
WARNING: [Labtoolstcl 44-130] No matching hw_ilas were found.
WARNING: [Labtoolstcl 44-130] No matching hw_ilas were found.
ERROR: [Labtools 27-2269] No devices detected on target localhost:3121/xilinx_tcf/Digilent/210274551945A.
Check cable connectivity and that the target board is powered up then
use the disconnect_hw_server and connect_hw_server to re-register this hardware target.
close_hw
set_property -dict [list CONFIG.CLKOUT1_REQUESTED_OUT_FREQ {21.000} CONFIG.MMCM_DIVCLK_DIVIDE {5} CONFIG.MMCM_CLKFBOUT_MULT_F {49.875} CONFIG.MMCM_CLKOUT0_DIVIDE_F {47.500} CONFIG.CLKOUT1_JITTER {316.474} CONFIG.CLKOUT1_PHASE_ERROR {293.793}] [get_ips pixelClkGen]
generate_target all [get_files  C:/Users/edoardo/Desktop/GameZero/GameZero.srcs/sources_1/ip/pixelClkGen_1/pixelClkGen.xci]
INFO: [IP_Flow 19-1686] Generating 'Instantiation Template' target for IP 'pixelClkGen'...
INFO: [IP_Flow 19-1686] Generating 'Synthesis' target for IP 'pixelClkGen'...
INFO: [IP_Flow 19-1686] Generating 'Simulation' target for IP 'pixelClkGen'...
INFO: [IP_Flow 19-1686] Generating 'Implementation' target for IP 'pixelClkGen'...
INFO: [IP_Flow 19-1686] Generating 'Change Log' target for IP 'pixelClkGen'...
catch { config_ip_cache -export [get_ips -all pixelClkGen] }
export_ip_user_files -of_objects [get_files C:/Users/edoardo/Desktop/GameZero/GameZero.srcs/sources_1/ip/pixelClkGen_1/pixelClkGen.xci] -no_script -sync -force -quiet
create_ip_run [get_files -of_objects [get_fileset sources_1] C:/Users/edoardo/Desktop/GameZero/GameZero.srcs/sources_1/ip/pixelClkGen_1/pixelClkGen.xci]
launch_runs -jobs 2 pixelClkGen_synth_1
[Fri Jun 02 13:24:30 2017] Launched pixelClkGen_synth_1...
Run output will be captured here: C:/Users/edoardo/Desktop/GameZero/GameZero.runs/pixelClkGen_synth_1/runme.log
export_simulation -of_objects [get_files C:/Users/edoardo/Desktop/GameZero/GameZero.srcs/sources_1/ip/pixelClkGen_1/pixelClkGen.xci] -directory C:/Users/edoardo/Desktop/GameZero/GameZero.ip_user_files/sim_scripts -ip_user_files_dir C:/Users/edoardo/Desktop/GameZero/GameZero.ip_user_files -ipstatic_source_dir C:/Users/edoardo/Desktop/GameZero/GameZero.ip_user_files/ipstatic -lib_map_path [list {modelsim=C:/Users/edoardo/Desktop/GameZero/GameZero.cache/compile_simlib/modelsim} {questa=C:/Users/edoardo/Desktop/GameZero/GameZero.cache/compile_simlib/questa} {riviera=C:/Users/edoardo/Desktop/GameZero/GameZero.cache/compile_simlib/riviera} {activehdl=C:/Users/edoardo/Desktop/GameZero/GameZero.cache/compile_simlib/activehdl}] -use_ip_compiled_libs -force -quiet
reset_run synth_1
WARNING: [Vivado 12-1017] Problems encountered:
1. Failed to delete one or more files in run directory C:/Users/edoardo/Desktop/GameZero/GameZero.runs/synth_1

launch_runs impl_1 -to_step write_bitstream -jobs 2
[Fri Jun 02 13:24:40 2017] Launched pixelClkGen_synth_1, synth_1...
Run output will be captured here:
pixelClkGen_synth_1: C:/Users/edoardo/Desktop/GameZero/GameZero.runs/pixelClkGen_synth_1/runme.log
synth_1: C:/Users/edoardo/Desktop/GameZero/GameZero.runs/synth_1/runme.log
[Fri Jun 02 13:24:40 2017] Launched impl_1...
Run output will be captured here: C:/Users/edoardo/Desktop/GameZero/GameZero.runs/impl_1/runme.log
open_hw
connect_hw_server
INFO: [Labtools 27-2285] Connecting to hw_server url TCP:localhost:3121
INFO: [Labtools 27-2222] Launching hw_server...
INFO: [Labtools 27-2221] Launch Output:

****** Xilinx hw_server v2016.4
  **** Build date : Jan 23 2017-19:37:29
    ** Copyright 1986-2016 Xilinx, Inc. All Rights Reserved.


connect_hw_server: Time (s): cpu = 00:00:01 ; elapsed = 00:00:06 . Memory (MB): peak = 1388.977 ; gain = 0.000
open_hw_target
INFO: [Labtoolstcl 44-466] Opening hw_target localhost:3121/xilinx_tcf/Digilent/210274551945A
current_hw_device [lindex [get_hw_devices xc7a100t_0] 0]
refresh_hw_device -update_hw_probes false [lindex [get_hw_devices xc7a100t_0] 0]
INFO: [Labtools 27-1434] Device xc7a100t (JTAG device index = 0) is programmed with a design that has no supported debug core(s) in it.
WARNING: [Labtools 27-3123] The debug hub core was not detected at User Scan Chain 1 or 3.
Resolution: 
1. Make sure the clock connected to the debug hub (dbg_hub) core is a free running clock and is active OR
2. Manually launch hw_server with -e "set xsdb-user-bscan <C_USER_SCAN_CHAIN scan_chain_number>" to detect the debug hub at User Scan Chain of 2 or 4. To determine the user scan chain setting, open the implemented design and use: get_property C_USER_SCAN_CHAIN [get_debug_cores dbg_hub].
ERROR: [Labtools 27-2269] No devices detected on target localhost:3121/xilinx_tcf/Digilent/210274551945A.
Check cable connectivity and that the target board is powered up then
use the disconnect_hw_server and connect_hw_server to re-register this hardware target.
INFO: [Labtools 27-1435] Device xc7a100t (JTAG device index = 0) is not programmed (DONE status = 0).
set_property PROBES.FILE {} [lindex [get_hw_devices xc7a100t_0] 0]
set_property PROGRAM.FILE {C:/Users/edoardo/Desktop/GameZero/GameZero.runs/impl_1/main.bit} [lindex [get_hw_devices xc7a100t_0] 0]
program_hw_devices [lindex [get_hw_devices xc7a100t_0] 0]
INFO: [Labtools 27-3164] End of startup status: HIGH
refresh_hw_device [lindex [get_hw_devices xc7a100t_0] 0]
INFO: [Labtools 27-1434] Device xc7a100t (JTAG device index = 0) is programmed with a design that has no supported debug core(s) in it.
WARNING: [Labtools 27-3123] The debug hub core was not detected at User Scan Chain 1 or 3.
Resolution: 
1. Make sure the clock connected to the debug hub (dbg_hub) core is a free running clock and is active OR
2. Manually launch hw_server with -e "set xsdb-user-bscan <C_USER_SCAN_CHAIN scan_chain_number>" to detect the debug hub at User Scan Chain of 2 or 4. To determine the user scan chain setting, open the implemented design and use: get_property C_USER_SCAN_CHAIN [get_debug_cores dbg_hub].
WARNING: [Labtoolstcl 44-130] No matching hw_ilas were found.
WARNING: [Labtoolstcl 44-130] No matching hw_ilas were found.
WARNING: [Labtoolstcl 44-130] No matching hw_ilas were found.
WARNING: [Labtoolstcl 44-130] No matching hw_ilas were found.
close_hw
open_run impl_1
INFO: [Netlist 29-17] Analyzing 141 Unisim elements for replacement
INFO: [Netlist 29-28] Unisim Transformation completed in 0 CPU seconds
INFO: [Project 1-479] Netlist was created with Vivado 2016.4
INFO: [Project 1-570] Preparing netlist for logic optimization
Parsing XDC File [C:/Users/edoardo/Desktop/GameZero/.Xil/Vivado-1692-DESKTOP-K472J0U/dcp/main_early.xdc]
INFO: [Timing 38-35] Done setting XDC timing constraints. [C:/Users/edoardo/Desktop/GameZero/GameZero.srcs/sources_1/ip/pixelClkGen_1/pixelClkGen.xdc:57]
INFO: [Timing 38-2] Deriving generated clocks [C:/Users/edoardo/Desktop/GameZero/GameZero.srcs/sources_1/ip/pixelClkGen_1/pixelClkGen.xdc:57]
get_clocks: Time (s): cpu = 00:00:12 ; elapsed = 00:00:12 . Memory (MB): peak = 1961.781 ; gain = 512.574
Finished Parsing XDC File [C:/Users/edoardo/Desktop/GameZero/.Xil/Vivado-1692-DESKTOP-K472J0U/dcp/main_early.xdc]
Parsing XDC File [C:/Users/edoardo/Desktop/GameZero/.Xil/Vivado-1692-DESKTOP-K472J0U/dcp/main.xdc]
Finished Parsing XDC File [C:/Users/edoardo/Desktop/GameZero/.Xil/Vivado-1692-DESKTOP-K472J0U/dcp/main.xdc]
Reading XDEF placement.
Reading placer database...
Reading XDEF routing.
Read XDEF File: Time (s): cpu = 00:00:00 ; elapsed = 00:00:00.263 . Memory (MB): peak = 1965.199 ; gain = 3.414
Restored from archive | CPU: 0.000000 secs | Memory: 0.000000 MB |
Finished XDEF File Restore: Time (s): cpu = 00:00:00 ; elapsed = 00:00:00.263 . Memory (MB): peak = 1965.199 ; gain = 3.414
INFO: [Project 1-111] Unisim Transformation Summary:
No Unisim elements were transformed.

open_run: Time (s): cpu = 00:00:18 ; elapsed = 00:00:16 . Memory (MB): peak = 2092.777 ; gain = 703.801
close_design
set_property -dict [list CONFIG.CLKOUT1_REQUESTED_OUT_FREQ {27.000} CONFIG.MMCM_DIVCLK_DIVIDE {1} CONFIG.MMCM_CLKFBOUT_MULT_F {10.125} CONFIG.MMCM_CLKOUT0_DIVIDE_F {37.500} CONFIG.CLKOUT1_JITTER {171.290} CONFIG.CLKOUT1_PHASE_ERROR {97.646}] [get_ips pixelClkGen]
generate_target all [get_files  C:/Users/edoardo/Desktop/GameZero/GameZero.srcs/sources_1/ip/pixelClkGen_1/pixelClkGen.xci]
INFO: [IP_Flow 19-1686] Generating 'Instantiation Template' target for IP 'pixelClkGen'...
INFO: [IP_Flow 19-1686] Generating 'Synthesis' target for IP 'pixelClkGen'...
INFO: [IP_Flow 19-1686] Generating 'Simulation' target for IP 'pixelClkGen'...
INFO: [IP_Flow 19-1686] Generating 'Implementation' target for IP 'pixelClkGen'...
INFO: [IP_Flow 19-1686] Generating 'Change Log' target for IP 'pixelClkGen'...
catch { config_ip_cache -export [get_ips -all pixelClkGen] }
export_ip_user_files -of_objects [get_files C:/Users/edoardo/Desktop/GameZero/GameZero.srcs/sources_1/ip/pixelClkGen_1/pixelClkGen.xci] -no_script -sync -force -quiet
reset_run pixelClkGen_synth_1
launch_runs -jobs 2 pixelClkGen_synth_1
[Fri Jun 02 14:13:02 2017] Launched pixelClkGen_synth_1...
Run output will be captured here: C:/Users/edoardo/Desktop/GameZero/GameZero.runs/pixelClkGen_synth_1/runme.log
export_simulation -of_objects [get_files C:/Users/edoardo/Desktop/GameZero/GameZero.srcs/sources_1/ip/pixelClkGen_1/pixelClkGen.xci] -directory C:/Users/edoardo/Desktop/GameZero/GameZero.ip_user_files/sim_scripts -ip_user_files_dir C:/Users/edoardo/Desktop/GameZero/GameZero.ip_user_files -ipstatic_source_dir C:/Users/edoardo/Desktop/GameZero/GameZero.ip_user_files/ipstatic -lib_map_path [list {modelsim=C:/Users/edoardo/Desktop/GameZero/GameZero.cache/compile_simlib/modelsim} {questa=C:/Users/edoardo/Desktop/GameZero/GameZero.cache/compile_simlib/questa} {riviera=C:/Users/edoardo/Desktop/GameZero/GameZero.cache/compile_simlib/riviera} {activehdl=C:/Users/edoardo/Desktop/GameZero/GameZero.cache/compile_simlib/activehdl}] -use_ip_compiled_libs -force -quiet
reset_run synth_1
WARNING: [Vivado 12-1017] Problems encountered:
1. Failed to delete one or more files in run directory C:/Users/edoardo/Desktop/GameZero/GameZero.runs/synth_1

launch_runs impl_1 -to_step write_bitstream -jobs 2
[Fri Jun 02 14:13:19 2017] Launched pixelClkGen_synth_1, synth_1...
Run output will be captured here:
pixelClkGen_synth_1: C:/Users/edoardo/Desktop/GameZero/GameZero.runs/pixelClkGen_synth_1/runme.log
synth_1: C:/Users/edoardo/Desktop/GameZero/GameZero.runs/synth_1/runme.log
[Fri Jun 02 14:13:19 2017] Launched impl_1...
Run output will be captured here: C:/Users/edoardo/Desktop/GameZero/GameZero.runs/impl_1/runme.log
open_hw
connect_hw_server
INFO: [Labtools 27-2285] Connecting to hw_server url TCP:localhost:3121
INFO: [Labtools 27-2222] Launching hw_server...
INFO: [Labtools 27-2221] Launch Output:

****** Xilinx hw_server v2016.4
  **** Build date : Jan 23 2017-19:37:29
    ** Copyright 1986-2016 Xilinx, Inc. All Rights Reserved.


connect_hw_server: Time (s): cpu = 00:00:00 ; elapsed = 00:00:07 . Memory (MB): peak = 2145.453 ; gain = 0.000
open_hw_target
INFO: [Labtoolstcl 44-466] Opening hw_target localhost:3121/xilinx_tcf/Digilent/210274551945A
set_property PROGRAM.FILE {C:/Users/edoardo/Desktop/GameZero/GameZero.runs/impl_1/main.bit} [lindex [get_hw_devices xc7a100t_0] 0]
current_hw_device [lindex [get_hw_devices xc7a100t_0] 0]
refresh_hw_device -update_hw_probes false [lindex [get_hw_devices xc7a100t_0] 0]
INFO: [Labtools 27-1434] Device xc7a100t (JTAG device index = 0) is programmed with a design that has no supported debug core(s) in it.
WARNING: [Labtools 27-3123] The debug hub core was not detected at User Scan Chain 1 or 3.
Resolution: 
1. Make sure the clock connected to the debug hub (dbg_hub) core is a free running clock and is active OR
2. Manually launch hw_server with -e "set xsdb-user-bscan <C_USER_SCAN_CHAIN scan_chain_number>" to detect the debug hub at User Scan Chain of 2 or 4. To determine the user scan chain setting, open the implemented design and use: get_property C_USER_SCAN_CHAIN [get_debug_cores dbg_hub].
set_property PROBES.FILE {} [lindex [get_hw_devices xc7a100t_0] 0]
set_property PROGRAM.FILE {C:/Users/edoardo/Desktop/GameZero/GameZero.runs/impl_1/main.bit} [lindex [get_hw_devices xc7a100t_0] 0]
program_hw_devices [lindex [get_hw_devices xc7a100t_0] 0]
INFO: [Labtools 27-3164] End of startup status: HIGH
refresh_hw_device [lindex [get_hw_devices xc7a100t_0] 0]
INFO: [Labtools 27-1434] Device xc7a100t (JTAG device index = 0) is programmed with a design that has no supported debug core(s) in it.
WARNING: [Labtools 27-3123] The debug hub core was not detected at User Scan Chain 1 or 3.
Resolution: 
1. Make sure the clock connected to the debug hub (dbg_hub) core is a free running clock and is active OR
2. Manually launch hw_server with -e "set xsdb-user-bscan <C_USER_SCAN_CHAIN scan_chain_number>" to detect the debug hub at User Scan Chain of 2 or 4. To determine the user scan chain setting, open the implemented design and use: get_property C_USER_SCAN_CHAIN [get_debug_cores dbg_hub].
WARNING: [Labtoolstcl 44-130] No matching hw_ilas were found.
WARNING: [Labtoolstcl 44-130] No matching hw_ilas were found.
WARNING: [Labtoolstcl 44-130] No matching hw_ilas were found.
WARNING: [Labtoolstcl 44-130] No matching hw_ilas were found.
set_property PROBES.FILE {} [lindex [get_hw_devices xc7a100t_0] 0]
set_property PROGRAM.FILE {C:/Users/edoardo/Desktop/GameZero/GameZero.runs/impl_1/main.bit} [lindex [get_hw_devices xc7a100t_0] 0]
program_hw_devices [lindex [get_hw_devices xc7a100t_0] 0]
INFO: [Labtools 27-3164] End of startup status: HIGH
refresh_hw_device [lindex [get_hw_devices xc7a100t_0] 0]
INFO: [Labtools 27-1434] Device xc7a100t (JTAG device index = 0) is programmed with a design that has no supported debug core(s) in it.
WARNING: [Labtools 27-3123] The debug hub core was not detected at User Scan Chain 1 or 3.
Resolution: 
1. Make sure the clock connected to the debug hub (dbg_hub) core is a free running clock and is active OR
2. Manually launch hw_server with -e "set xsdb-user-bscan <C_USER_SCAN_CHAIN scan_chain_number>" to detect the debug hub at User Scan Chain of 2 or 4. To determine the user scan chain setting, open the implemented design and use: get_property C_USER_SCAN_CHAIN [get_debug_cores dbg_hub].
WARNING: [Labtoolstcl 44-130] No matching hw_ilas were found.
WARNING: [Labtoolstcl 44-130] No matching hw_ilas were found.
WARNING: [Labtoolstcl 44-130] No matching hw_ilas were found.
WARNING: [Labtoolstcl 44-130] No matching hw_ilas were found.
close_hw
WARNING: [IP_Flow 19-4067] Ignoring invalid widget type specified checkbox.Providing a default widget
WARNING: [IP_Flow 19-4067] Ignoring invalid widget type specified checkbox.Providing a default widget
set_property -dict [list CONFIG.Coe_File {C:/Users/edoardo/Desktop/GameZero/GameZero.srcs/sources_1/new/Brom_util_init.coe}] [get_ips utilBROM]
INFO: [IP_Flow 19-3484] Absolute path of file 'c:/Users/edoardo/Desktop/GameZero/GameZero.srcs/sources_1/new/Brom_util_init.coe' provided. It will be converted relative to IP Instance files '../../new/Brom_util_init.coe'
generate_target all [get_files  C:/Users/edoardo/Desktop/GameZero/GameZero.srcs/sources_1/ip/utilBROM/utilBROM.xci]
INFO: [IP_Flow 19-1686] Generating 'Instantiation Template' target for IP 'utilBROM'...
INFO: [IP_Flow 19-1686] Generating 'Synthesis' target for IP 'utilBROM'...
INFO: [IP_Flow 19-1686] Generating 'Simulation' target for IP 'utilBROM'...
INFO: [IP_Flow 19-1686] Generating 'Miscellaneous' target for IP 'utilBROM'...
INFO: [IP_Flow 19-1686] Generating 'Change Log' target for IP 'utilBROM'...
generate_target: Time (s): cpu = 00:00:07 ; elapsed = 00:00:07 . Memory (MB): peak = 2145.453 ; gain = 0.000
catch { config_ip_cache -export [get_ips -all utilBROM] }
export_ip_user_files -of_objects [get_files C:/Users/edoardo/Desktop/GameZero/GameZero.srcs/sources_1/ip/utilBROM/utilBROM.xci] -no_script -sync -force -quiet
reset_run utilBROM_synth_1
launch_runs -jobs 2 utilBROM_synth_1
INFO: [IP_Flow 19-1686] Generating 'Synthesis' target for IP 'utilBROM'...
INFO: [IP_Flow 19-1686] Generating 'Synthesis' target for IP 'utilBROM'...
WARNING: [Runs 36-53] Possible issues detected after target generation. Generation state is unexpected for target 'Synthesis'. Expected 'Generated', got 'Stale' for source 'C:/Users/edoardo/Desktop/GameZero/GameZero.srcs/sources_1/ip/utilBROM/utilBROM.xci'
[Fri Jun 02 14:26:59 2017] Launched utilBROM_synth_1...
Run output will be captured here: C:/Users/edoardo/Desktop/GameZero/GameZero.runs/utilBROM_synth_1/runme.log
launch_runs: Time (s): cpu = 00:00:13 ; elapsed = 00:00:14 . Memory (MB): peak = 2145.453 ; gain = 0.000
export_simulation -of_objects [get_files C:/Users/edoardo/Desktop/GameZero/GameZero.srcs/sources_1/ip/utilBROM/utilBROM.xci] -directory C:/Users/edoardo/Desktop/GameZero/GameZero.ip_user_files/sim_scripts -ip_user_files_dir C:/Users/edoardo/Desktop/GameZero/GameZero.ip_user_files -ipstatic_source_dir C:/Users/edoardo/Desktop/GameZero/GameZero.ip_user_files/ipstatic -lib_map_path [list {modelsim=C:/Users/edoardo/Desktop/GameZero/GameZero.cache/compile_simlib/modelsim} {questa=C:/Users/edoardo/Desktop/GameZero/GameZero.cache/compile_simlib/questa} {riviera=C:/Users/edoardo/Desktop/GameZero/GameZero.cache/compile_simlib/riviera} {activehdl=C:/Users/edoardo/Desktop/GameZero/GameZero.cache/compile_simlib/activehdl}] -use_ip_compiled_libs -force -quiet
reset_run synth_1
WARNING: [Vivado 12-1017] Problems encountered:
1. Failed to delete one or more files in run directory C:/Users/edoardo/Desktop/GameZero/GameZero.runs/synth_1

launch_runs impl_1 -to_step write_bitstream -jobs 2
[Fri Jun 02 14:27:06 2017] Launched utilBROM_synth_1, synth_1...
Run output will be captured here:
utilBROM_synth_1: C:/Users/edoardo/Desktop/GameZero/GameZero.runs/utilBROM_synth_1/runme.log
synth_1: C:/Users/edoardo/Desktop/GameZero/GameZero.runs/synth_1/runme.log
[Fri Jun 02 14:27:06 2017] Launched impl_1...
Run output will be captured here: C:/Users/edoardo/Desktop/GameZero/GameZero.runs/impl_1/runme.log
open_hw
connect_hw_server
INFO: [Labtools 27-2285] Connecting to hw_server url TCP:localhost:3121
INFO: [Labtools 27-2222] Launching hw_server...
INFO: [Labtools 27-2221] Launch Output:

****** Xilinx hw_server v2016.4
  **** Build date : Jan 23 2017-19:37:29
    ** Copyright 1986-2016 Xilinx, Inc. All Rights Reserved.


connect_hw_server: Time (s): cpu = 00:00:01 ; elapsed = 00:00:06 . Memory (MB): peak = 2145.453 ; gain = 0.000
open_hw_target
INFO: [Labtoolstcl 44-466] Opening hw_target localhost:3121/xilinx_tcf/Digilent/210274551945A
set_property PROGRAM.FILE {C:/Users/edoardo/Desktop/GameZero/GameZero.runs/impl_1/main.bit} [lindex [get_hw_devices xc7a100t_0] 0]
current_hw_device [lindex [get_hw_devices xc7a100t_0] 0]
refresh_hw_device -update_hw_probes false [lindex [get_hw_devices xc7a100t_0] 0]
INFO: [Labtools 27-1434] Device xc7a100t (JTAG device index = 0) is programmed with a design that has no supported debug core(s) in it.
WARNING: [Labtools 27-3123] The debug hub core was not detected at User Scan Chain 1 or 3.
Resolution: 
1. Make sure the clock connected to the debug hub (dbg_hub) core is a free running clock and is active OR
2. Manually launch hw_server with -e "set xsdb-user-bscan <C_USER_SCAN_CHAIN scan_chain_number>" to detect the debug hub at User Scan Chain of 2 or 4. To determine the user scan chain setting, open the implemented design and use: get_property C_USER_SCAN_CHAIN [get_debug_cores dbg_hub].
set_property PROBES.FILE {} [lindex [get_hw_devices xc7a100t_0] 0]
set_property PROGRAM.FILE {C:/Users/edoardo/Desktop/GameZero/GameZero.runs/impl_1/main.bit} [lindex [get_hw_devices xc7a100t_0] 0]
program_hw_devices [lindex [get_hw_devices xc7a100t_0] 0]
INFO: [Labtools 27-3164] End of startup status: HIGH
refresh_hw_device [lindex [get_hw_devices xc7a100t_0] 0]
INFO: [Labtools 27-1434] Device xc7a100t (JTAG device index = 0) is programmed with a design that has no supported debug core(s) in it.
WARNING: [Labtools 27-3123] The debug hub core was not detected at User Scan Chain 1 or 3.
Resolution: 
1. Make sure the clock connected to the debug hub (dbg_hub) core is a free running clock and is active OR
2. Manually launch hw_server with -e "set xsdb-user-bscan <C_USER_SCAN_CHAIN scan_chain_number>" to detect the debug hub at User Scan Chain of 2 or 4. To determine the user scan chain setting, open the implemented design and use: get_property C_USER_SCAN_CHAIN [get_debug_cores dbg_hub].
WARNING: [Labtoolstcl 44-130] No matching hw_ilas were found.
WARNING: [Labtoolstcl 44-130] No matching hw_ilas were found.
WARNING: [Labtoolstcl 44-130] No matching hw_ilas were found.
WARNING: [Labtoolstcl 44-130] No matching hw_ilas were found.
close_hw
set_property -dict [list CONFIG.CLKOUT1_REQUESTED_OUT_FREQ {23.000} CONFIG.MMCM_DIVCLK_DIVIDE {2} CONFIG.MMCM_CLKFBOUT_MULT_F {20.125} CONFIG.MMCM_CLKOUT0_DIVIDE_F {43.750} CONFIG.CLKOUT1_JITTER {221.363} CONFIG.CLKOUT1_PHASE_ERROR {163.922}] [get_ips pixelClkGen]
generate_target all [get_files  C:/Users/edoardo/Desktop/GameZero/GameZero.srcs/sources_1/ip/pixelClkGen_1/pixelClkGen.xci]
INFO: [IP_Flow 19-1686] Generating 'Instantiation Template' target for IP 'pixelClkGen'...
INFO: [IP_Flow 19-1686] Generating 'Synthesis' target for IP 'pixelClkGen'...
INFO: [IP_Flow 19-1686] Generating 'Simulation' target for IP 'pixelClkGen'...
INFO: [IP_Flow 19-1686] Generating 'Implementation' target for IP 'pixelClkGen'...
INFO: [IP_Flow 19-1686] Generating 'Change Log' target for IP 'pixelClkGen'...
catch { config_ip_cache -export [get_ips -all pixelClkGen] }
export_ip_user_files -of_objects [get_files C:/Users/edoardo/Desktop/GameZero/GameZero.srcs/sources_1/ip/pixelClkGen_1/pixelClkGen.xci] -no_script -sync -force -quiet
reset_run pixelClkGen_synth_1
launch_runs -jobs 2 pixelClkGen_synth_1
[Fri Jun 02 14:33:04 2017] Launched pixelClkGen_synth_1...
Run output will be captured here: C:/Users/edoardo/Desktop/GameZero/GameZero.runs/pixelClkGen_synth_1/runme.log
export_simulation -of_objects [get_files C:/Users/edoardo/Desktop/GameZero/GameZero.srcs/sources_1/ip/pixelClkGen_1/pixelClkGen.xci] -directory C:/Users/edoardo/Desktop/GameZero/GameZero.ip_user_files/sim_scripts -ip_user_files_dir C:/Users/edoardo/Desktop/GameZero/GameZero.ip_user_files -ipstatic_source_dir C:/Users/edoardo/Desktop/GameZero/GameZero.ip_user_files/ipstatic -lib_map_path [list {modelsim=C:/Users/edoardo/Desktop/GameZero/GameZero.cache/compile_simlib/modelsim} {questa=C:/Users/edoardo/Desktop/GameZero/GameZero.cache/compile_simlib/questa} {riviera=C:/Users/edoardo/Desktop/GameZero/GameZero.cache/compile_simlib/riviera} {activehdl=C:/Users/edoardo/Desktop/GameZero/GameZero.cache/compile_simlib/activehdl}] -use_ip_compiled_libs -force -quiet
reset_run synth_1
reset_run utilBROM_synth_1
launch_runs impl_1 -to_step write_bitstream -jobs 2
INFO: [IP_Flow 19-1686] Generating 'Synthesis' target for IP 'utilBROM'...
WARNING: [Runs 36-53] Possible issues detected after target generation. Generation state is unexpected for target 'Synthesis'. Expected 'Generated', got 'Stale' for source 'C:/Users/edoardo/Desktop/GameZero/GameZero.srcs/sources_1/ip/utilBROM/utilBROM.xci'
[Fri Jun 02 14:40:15 2017] Launched utilBROM_synth_1, synth_1...
Run output will be captured here:
utilBROM_synth_1: C:/Users/edoardo/Desktop/GameZero/GameZero.runs/utilBROM_synth_1/runme.log
synth_1: C:/Users/edoardo/Desktop/GameZero/GameZero.runs/synth_1/runme.log
[Fri Jun 02 14:40:15 2017] Launched impl_1...
Run output will be captured here: C:/Users/edoardo/Desktop/GameZero/GameZero.runs/impl_1/runme.log
launch_runs: Time (s): cpu = 00:00:06 ; elapsed = 00:00:07 . Memory (MB): peak = 2145.453 ; gain = 0.000
open_hw
connect_hw_server
INFO: [Labtools 27-2285] Connecting to hw_server url TCP:localhost:3121
INFO: [Labtools 27-2222] Launching hw_server...
INFO: [Labtools 27-2221] Launch Output:

****** Xilinx hw_server v2016.4
  **** Build date : Jan 23 2017-19:37:29
    ** Copyright 1986-2016 Xilinx, Inc. All Rights Reserved.


connect_hw_server: Time (s): cpu = 00:00:00 ; elapsed = 00:00:07 . Memory (MB): peak = 2145.453 ; gain = 0.000
open_hw_target
INFO: [Labtoolstcl 44-466] Opening hw_target localhost:3121/xilinx_tcf/Digilent/210274551945A
set_property PROGRAM.FILE {C:/Users/edoardo/Desktop/GameZero/GameZero.runs/impl_1/main.bit} [lindex [get_hw_devices xc7a100t_0] 0]
current_hw_device [lindex [get_hw_devices xc7a100t_0] 0]
refresh_hw_device -update_hw_probes false [lindex [get_hw_devices xc7a100t_0] 0]
INFO: [Labtools 27-1434] Device xc7a100t (JTAG device index = 0) is programmed with a design that has no supported debug core(s) in it.
WARNING: [Labtools 27-3123] The debug hub core was not detected at User Scan Chain 1 or 3.
Resolution: 
1. Make sure the clock connected to the debug hub (dbg_hub) core is a free running clock and is active OR
2. Manually launch hw_server with -e "set xsdb-user-bscan <C_USER_SCAN_CHAIN scan_chain_number>" to detect the debug hub at User Scan Chain of 2 or 4. To determine the user scan chain setting, open the implemented design and use: get_property C_USER_SCAN_CHAIN [get_debug_cores dbg_hub].
set_property PROBES.FILE {} [lindex [get_hw_devices xc7a100t_0] 0]
set_property PROGRAM.FILE {C:/Users/edoardo/Desktop/GameZero/GameZero.runs/impl_1/main.bit} [lindex [get_hw_devices xc7a100t_0] 0]
program_hw_devices [lindex [get_hw_devices xc7a100t_0] 0]
INFO: [Labtools 27-3164] End of startup status: HIGH
refresh_hw_device [lindex [get_hw_devices xc7a100t_0] 0]
INFO: [Labtools 27-1434] Device xc7a100t (JTAG device index = 0) is programmed with a design that has no supported debug core(s) in it.
WARNING: [Labtools 27-3123] The debug hub core was not detected at User Scan Chain 1 or 3.
Resolution: 
1. Make sure the clock connected to the debug hub (dbg_hub) core is a free running clock and is active OR
2. Manually launch hw_server with -e "set xsdb-user-bscan <C_USER_SCAN_CHAIN scan_chain_number>" to detect the debug hub at User Scan Chain of 2 or 4. To determine the user scan chain setting, open the implemented design and use: get_property C_USER_SCAN_CHAIN [get_debug_cores dbg_hub].
WARNING: [Labtoolstcl 44-130] No matching hw_ilas were found.
WARNING: [Labtoolstcl 44-130] No matching hw_ilas were found.
WARNING: [Labtoolstcl 44-130] No matching hw_ilas were found.
WARNING: [Labtoolstcl 44-130] No matching hw_ilas were found.
ERROR: [Labtools 27-2269] No devices detected on target localhost:3121/xilinx_tcf/Digilent/210274551945A.
Check cable connectivity and that the target board is powered up then
use the disconnect_hw_server and connect_hw_server to re-register this hardware target.
close_hw
exit
INFO: [Common 17-206] Exiting Vivado at Fri Jun 02 14:52:10 2017...
