#-----------------------------------------------------------
# Vivado v2016.4 (64-bit)
# SW Build 1756540 on Mon Jan 23 19:11:23 MST 2017
# IP Build 1755317 on Mon Jan 23 20:30:07 MST 2017
# Start of session at: Sun Apr 30 11:16:46 2017
# Process ID: 17604
# Current directory: C:/Users/Andrea Diecidue/Documents/GitHub/GameZero/GameZero
# Command line: vivado.exe -gui_launcher_event rodinguilauncherevent5192 C:\Users\Andrea Diecidue\Documents\GitHub\GameZero\GameZero\GameZero.xpr
# Log file: C:/Users/Andrea Diecidue/Documents/GitHub/GameZero/GameZero/vivado.log
# Journal file: C:/Users/Andrea Diecidue/Documents/GitHub/GameZero/GameZero\vivado.jou
#-----------------------------------------------------------
start_gui
open_project {C:/Users/Andrea Diecidue/Documents/GitHub/GameZero/GameZero/GameZero.xpr}
Scanning sources...
Finished scanning sources
INFO: [IP_Flow 19-234] Refreshing IP repositories
INFO: [IP_Flow 19-1704] No user IP repositories specified
INFO: [IP_Flow 19-2313] Loaded Vivado IP repository 'C:/.Xilinx/Vivado/2016.4/data/ip'.
open_project: Time (s): cpu = 00:00:16 ; elapsed = 00:00:09 . Memory (MB): peak = 841.156 ; gain = 174.258
exit
INFO: [Common 17-206] Exiting Vivado at Sun Apr 30 11:21:30 2017...
