#-----------------------------------------------------------
# Vivado v2016.4 (64-bit)
# SW Build 1756540 on Mon Jan 23 19:11:23 MST 2017
# IP Build 1755317 on Mon Jan 23 20:30:07 MST 2017
# Start of session at: Tue Jun 06 21:00:13 2017
# Process ID: 15772
# Current directory: C:/Users/edoardo/Desktop/GameZero
# Command line: vivado.exe -gui_launcher_event rodinguilauncherevent2580 C:\Users\edoardo\Desktop\GameZero\GameZero.xpr
# Log file: C:/Users/edoardo/Desktop/GameZero/vivado.log
# Journal file: C:/Users/edoardo/Desktop/GameZero\vivado.jou
#-----------------------------------------------------------
start_gui
open_project C:/Users/edoardo/Desktop/GameZero/GameZero.xpr
Scanning sources...
Finished scanning sources
INFO: [IP_Flow 19-234] Refreshing IP repositories
INFO: [IP_Flow 19-1704] No user IP repositories specified
INFO: [IP_Flow 19-2313] Loaded Vivado IP repository 'C:/Xilinx/Vivado/2016.4/data/ip'.
set_property -dict [list CONFIG.CLKOUT1_REQUESTED_OUT_FREQ {25} CONFIG.MMCM_DIVCLK_DIVIDE {1} CONFIG.MMCM_CLKFBOUT_MULT_F {9.125} CONFIG.MMCM_CLKOUT0_DIVIDE_F {36.500} CONFIG.CLKOUT1_JITTER {181.828} CONFIG.CLKOUT1_PHASE_ERROR {104.359}] [get_ips pixelClkGen]
generate_target all [get_files  C:/Users/edoardo/Desktop/GameZero/GameZero.srcs/sources_1/ip/pixelClkGen_1/pixelClkGen.xci]
INFO: [IP_Flow 19-1686] Generating 'Instantiation Template' target for IP 'pixelClkGen'...
INFO: [IP_Flow 19-1686] Generating 'Synthesis' target for IP 'pixelClkGen'...
INFO: [IP_Flow 19-1686] Generating 'Simulation' target for IP 'pixelClkGen'...
INFO: [IP_Flow 19-1686] Generating 'Implementation' target for IP 'pixelClkGen'...
INFO: [IP_Flow 19-1686] Generating 'Change Log' target for IP 'pixelClkGen'...
catch { config_ip_cache -export [get_ips -all pixelClkGen] }
export_ip_user_files -of_objects [get_files C:/Users/edoardo/Desktop/GameZero/GameZero.srcs/sources_1/ip/pixelClkGen_1/pixelClkGen.xci] -no_script -sync -force -quiet
reset_run pixelClkGen_synth_1
launch_runs -jobs 2 pixelClkGen_synth_1
[Tue Jun 06 21:00:47 2017] Launched pixelClkGen_synth_1...
Run output will be captured here: C:/Users/edoardo/Desktop/GameZero/GameZero.runs/pixelClkGen_synth_1/runme.log
export_simulation -of_objects [get_files C:/Users/edoardo/Desktop/GameZero/GameZero.srcs/sources_1/ip/pixelClkGen_1/pixelClkGen.xci] -directory C:/Users/edoardo/Desktop/GameZero/GameZero.ip_user_files/sim_scripts -ip_user_files_dir C:/Users/edoardo/Desktop/GameZero/GameZero.ip_user_files -ipstatic_source_dir C:/Users/edoardo/Desktop/GameZero/GameZero.ip_user_files/ipstatic -lib_map_path [list {modelsim=C:/Users/edoardo/Desktop/GameZero/GameZero.cache/compile_simlib/modelsim} {questa=C:/Users/edoardo/Desktop/GameZero/GameZero.cache/compile_simlib/questa} {riviera=C:/Users/edoardo/Desktop/GameZero/GameZero.cache/compile_simlib/riviera} {activehdl=C:/Users/edoardo/Desktop/GameZero/GameZero.cache/compile_simlib/activehdl}] -use_ip_compiled_libs -force -quiet
reset_run synth_1
WARNING: [Vivado 12-1017] Problems encountered:
1. Failed to delete one or more files in run directory C:/Users/edoardo/Desktop/GameZero/GameZero.runs/synth_1

launch_runs impl_1 -to_step write_bitstream -jobs 2
[Tue Jun 06 21:00:56 2017] Launched pixelClkGen_synth_1, synth_1...
Run output will be captured here:
pixelClkGen_synth_1: C:/Users/edoardo/Desktop/GameZero/GameZero.runs/pixelClkGen_synth_1/runme.log
synth_1: C:/Users/edoardo/Desktop/GameZero/GameZero.runs/synth_1/runme.log
[Tue Jun 06 21:00:56 2017] Launched impl_1...
Run output will be captured here: C:/Users/edoardo/Desktop/GameZero/GameZero.runs/impl_1/runme.log
open_hw
connect_hw_server
INFO: [Labtools 27-2285] Connecting to hw_server url TCP:localhost:3121
INFO: [Labtools 27-2222] Launching hw_server...
INFO: [Labtools 27-2221] Launch Output:

****** Xilinx hw_server v2016.4
  **** Build date : Jan 23 2017-19:37:29
    ** Copyright 1986-2016 Xilinx, Inc. All Rights Reserved.


open_hw_target
INFO: [Labtoolstcl 44-466] Opening hw_target localhost:3121/xilinx_tcf/Digilent/210274551945A
set_property PROGRAM.FILE {C:/Users/edoardo/Desktop/GameZero/GameZero.runs/impl_1/main.bit} [lindex [get_hw_devices xc7a100t_0] 0]
current_hw_device [lindex [get_hw_devices xc7a100t_0] 0]
refresh_hw_device -update_hw_probes false [lindex [get_hw_devices xc7a100t_0] 0]
INFO: [Labtools 27-1434] Device xc7a100t (JTAG device index = 0) is programmed with a design that has no supported debug core(s) in it.
WARNING: [Labtools 27-3123] The debug hub core was not detected at User Scan Chain 1 or 3.
Resolution: 
1. Make sure the clock connected to the debug hub (dbg_hub) core is a free running clock and is active OR
2. Manually launch hw_server with -e "set xsdb-user-bscan <C_USER_SCAN_CHAIN scan_chain_number>" to detect the debug hub at User Scan Chain of 2 or 4. To determine the user scan chain setting, open the implemented design and use: get_property C_USER_SCAN_CHAIN [get_debug_cores dbg_hub].
create_hw_cfgmem -hw_device [lindex [get_hw_devices] 0] -mem_dev [lindex [get_cfgmem_parts {s25fl128sxxxxxx0-spi-x1_x2_x4}] 0]
set_property PROBES.FILE {} [lindex [get_hw_devices xc7a100t_0] 0]
set_property PROGRAM.FILE {C:/Users/edoardo/Desktop/GameZero/GameZero.runs/impl_1/main.bit} [lindex [get_hw_devices xc7a100t_0] 0]
program_hw_devices [lindex [get_hw_devices xc7a100t_0] 0]
INFO: [Labtools 27-3164] End of startup status: HIGH
refresh_hw_device [lindex [get_hw_devices xc7a100t_0] 0]
INFO: [Labtools 27-1434] Device xc7a100t (JTAG device index = 0) is programmed with a design that has no supported debug core(s) in it.
WARNING: [Labtools 27-3123] The debug hub core was not detected at User Scan Chain 1 or 3.
Resolution: 
1. Make sure the clock connected to the debug hub (dbg_hub) core is a free running clock and is active OR
2. Manually launch hw_server with -e "set xsdb-user-bscan <C_USER_SCAN_CHAIN scan_chain_number>" to detect the debug hub at User Scan Chain of 2 or 4. To determine the user scan chain setting, open the implemented design and use: get_property C_USER_SCAN_CHAIN [get_debug_cores dbg_hub].
WARNING: [Labtoolstcl 44-130] No matching hw_ilas were found.
WARNING: [Labtoolstcl 44-130] No matching hw_ilas were found.
WARNING: [Labtoolstcl 44-130] No matching hw_ilas were found.
WARNING: [Labtoolstcl 44-130] No matching hw_ilas were found.
delete_hw_cfgmem [ get_property PROGRAM.HW_CFGMEM [lindex [get_hw_devices] 0 ]]
set_property PROBES.FILE {} [lindex [get_hw_devices xc7a100t_0] 0]
set_property PROGRAM.FILE {C:/Users/edoardo/Desktop/GameZero/GameZero.runs/impl_1/main.bit} [lindex [get_hw_devices xc7a100t_0] 0]
program_hw_devices [lindex [get_hw_devices xc7a100t_0] 0]
INFO: [Labtools 27-3164] End of startup status: HIGH
refresh_hw_device [lindex [get_hw_devices xc7a100t_0] 0]
INFO: [Labtools 27-1434] Device xc7a100t (JTAG device index = 0) is programmed with a design that has no supported debug core(s) in it.
WARNING: [Labtools 27-3123] The debug hub core was not detected at User Scan Chain 1 or 3.
Resolution: 
1. Make sure the clock connected to the debug hub (dbg_hub) core is a free running clock and is active OR
2. Manually launch hw_server with -e "set xsdb-user-bscan <C_USER_SCAN_CHAIN scan_chain_number>" to detect the debug hub at User Scan Chain of 2 or 4. To determine the user scan chain setting, open the implemented design and use: get_property C_USER_SCAN_CHAIN [get_debug_cores dbg_hub].
WARNING: [Labtoolstcl 44-130] No matching hw_ilas were found.
WARNING: [Labtoolstcl 44-130] No matching hw_ilas were found.
WARNING: [Labtoolstcl 44-130] No matching hw_ilas were found.
WARNING: [Labtoolstcl 44-130] No matching hw_ilas were found.
create_hw_cfgmem -hw_device [lindex [get_hw_devices] 0] -mem_dev [lindex [get_cfgmem_parts {s25fl128sxxxxxx0-spi-x1_x2_x4}] 0]
ERROR: [Labtools 27-2269] No devices detected on target localhost:3121/xilinx_tcf/Digilent/210274551945A.
Check cable connectivity and that the target board is powered up then
use the disconnect_hw_server and connect_hw_server to re-register this hardware target.
close_hw
set_property is_enabled true [get_files  C:/Users/edoardo/Desktop/GameZero/GameZero.srcs/sources_1/new/Green_Goblin_attack.vhd]
set_property is_enabled true [get_files  {C:/Users/edoardo/Desktop/GameZero/GameZero.srcs/sources_1/new/Green_Goblin_jump.vhd C:/Users/edoardo/Desktop/GameZero/GameZero.srcs/sources_1/new/Green_Goblin_movement.vhd}]
reset_run synth_1
launch_runs impl_1 -to_step write_bitstream -jobs 2
[Tue Jun 06 21:44:11 2017] Launched synth_1...
Run output will be captured here: C:/Users/edoardo/Desktop/GameZero/GameZero.runs/synth_1/runme.log
[Tue Jun 06 21:44:11 2017] Launched impl_1...
Run output will be captured here: C:/Users/edoardo/Desktop/GameZero/GameZero.runs/impl_1/runme.log
reset_run synth_1
launch_runs synth_1 -jobs 2
INFO: [HDL 9-1061] Parsing VHDL file "C:/Users/edoardo/Desktop/GameZero/GameZero.srcs/sources_1/new/main.vhd" into library xil_defaultlib [C:/Users/edoardo/Desktop/GameZero/GameZero.srcs/sources_1/new/main.vhd:1]
[Tue Jun 06 21:54:47 2017] Launched synth_1...
Run output will be captured here: C:/Users/edoardo/Desktop/GameZero/GameZero.runs/synth_1/runme.log
launch_runs impl_1 -jobs 2
[Tue Jun 06 21:56:31 2017] Launched impl_1...
Run output will be captured here: C:/Users/edoardo/Desktop/GameZero/GameZero.runs/impl_1/runme.log
launch_runs impl_1 -to_step write_bitstream -jobs 2
[Tue Jun 06 21:58:22 2017] Launched impl_1...
Run output will be captured here: C:/Users/edoardo/Desktop/GameZero/GameZero.runs/impl_1/runme.log
open_hw
connect_hw_server
INFO: [Labtools 27-2285] Connecting to hw_server url TCP:localhost:3121
INFO: [Labtools 27-2222] Launching hw_server...
INFO: [Labtools 27-2221] Launch Output:

****** Xilinx hw_server v2016.4
  **** Build date : Jan 23 2017-19:37:29
    ** Copyright 1986-2016 Xilinx, Inc. All Rights Reserved.


connect_hw_server: Time (s): cpu = 00:00:00 ; elapsed = 00:00:06 . Memory (MB): peak = 1097.918 ; gain = 0.000
open_hw_target
INFO: [Labtoolstcl 44-466] Opening hw_target localhost:3121/xilinx_tcf/Digilent/210274551945A
set_property PROGRAM.FILE {C:/Users/edoardo/Desktop/GameZero/GameZero.runs/impl_1/main.bit} [lindex [get_hw_devices xc7a100t_0] 0]
current_hw_device [lindex [get_hw_devices xc7a100t_0] 0]
refresh_hw_device -update_hw_probes false [lindex [get_hw_devices xc7a100t_0] 0]
INFO: [Labtools 27-1434] Device xc7a100t (JTAG device index = 0) is programmed with a design that has no supported debug core(s) in it.
WARNING: [Labtools 27-3123] The debug hub core was not detected at User Scan Chain 1 or 3.
Resolution: 
1. Make sure the clock connected to the debug hub (dbg_hub) core is a free running clock and is active OR
2. Manually launch hw_server with -e "set xsdb-user-bscan <C_USER_SCAN_CHAIN scan_chain_number>" to detect the debug hub at User Scan Chain of 2 or 4. To determine the user scan chain setting, open the implemented design and use: get_property C_USER_SCAN_CHAIN [get_debug_cores dbg_hub].
create_hw_cfgmem -hw_device [lindex [get_hw_devices] 0] -mem_dev [lindex [get_cfgmem_parts {s25fl128sxxxxxx0-spi-x1_x2_x4}] 0]
set_property PROBES.FILE {} [lindex [get_hw_devices xc7a100t_0] 0]
set_property PROGRAM.FILE {C:/Users/edoardo/Desktop/GameZero/GameZero.runs/impl_1/main.bit} [lindex [get_hw_devices xc7a100t_0] 0]
program_hw_devices [lindex [get_hw_devices xc7a100t_0] 0]
INFO: [Labtools 27-3164] End of startup status: HIGH
refresh_hw_device [lindex [get_hw_devices xc7a100t_0] 0]
INFO: [Labtools 27-1434] Device xc7a100t (JTAG device index = 0) is programmed with a design that has no supported debug core(s) in it.
WARNING: [Labtools 27-3123] The debug hub core was not detected at User Scan Chain 1 or 3.
Resolution: 
1. Make sure the clock connected to the debug hub (dbg_hub) core is a free running clock and is active OR
2. Manually launch hw_server with -e "set xsdb-user-bscan <C_USER_SCAN_CHAIN scan_chain_number>" to detect the debug hub at User Scan Chain of 2 or 4. To determine the user scan chain setting, open the implemented design and use: get_property C_USER_SCAN_CHAIN [get_debug_cores dbg_hub].
WARNING: [Labtoolstcl 44-130] No matching hw_ilas were found.
WARNING: [Labtoolstcl 44-130] No matching hw_ilas were found.
WARNING: [Labtoolstcl 44-130] No matching hw_ilas were found.
WARNING: [Labtoolstcl 44-130] No matching hw_ilas were found.
ERROR: [Labtools 27-2269] No devices detected on target localhost:3121/xilinx_tcf/Digilent/210274551945A.
Check cable connectivity and that the target board is powered up then
use the disconnect_hw_server and connect_hw_server to re-register this hardware target.
ERROR: [Labtoolstcl 44-513] HW Target shutdown. Closing target: localhost:3121/xilinx_tcf/Digilent/210274551945A
INFO: [Labtoolstcl 44-466] Opening hw_target localhost:3121/xilinx_tcf/Digilent/210274551945A
INFO: [Labtools 27-1434] Device xc7a100t (JTAG device index = 0) is programmed with a design that has no supported debug core(s) in it.
WARNING: [Labtools 27-3123] The debug hub core was not detected at User Scan Chain 1 or 3.
Resolution: 
1. Make sure the clock connected to the debug hub (dbg_hub) core is a free running clock and is active OR
2. Manually launch hw_server with -e "set xsdb-user-bscan <C_USER_SCAN_CHAIN scan_chain_number>" to detect the debug hub at User Scan Chain of 2 or 4. To determine the user scan chain setting, open the implemented design and use: get_property C_USER_SCAN_CHAIN [get_debug_cores dbg_hub].
WARNING: [Labtoolstcl 44-130] No matching hw_ilas were found.
WARNING: [Labtoolstcl 44-130] No matching hw_ilas were found.
WARNING: [Labtoolstcl 44-130] No matching hw_ilas were found.
WARNING: [Labtoolstcl 44-130] No matching hw_ilas were found.
ERROR: [Labtools 27-2269] No devices detected on target localhost:3121/xilinx_tcf/Digilent/210274551945A.
Check cable connectivity and that the target board is powered up then
use the disconnect_hw_server and connect_hw_server to re-register this hardware target.
close_hw
open_run impl_1
INFO: [Netlist 29-17] Analyzing 220 Unisim elements for replacement
INFO: [Netlist 29-28] Unisim Transformation completed in 0 CPU seconds
INFO: [Project 1-479] Netlist was created with Vivado 2016.4
INFO: [Device 21-403] Loading part xc7a100tcsg324-1
INFO: [Project 1-570] Preparing netlist for logic optimization
Parsing XDC File [C:/Users/edoardo/Desktop/GameZero/.Xil/Vivado-15772-DESKTOP-K472J0U/dcp/main_early.xdc]
INFO: [Timing 38-35] Done setting XDC timing constraints. [C:/Users/edoardo/Desktop/GameZero/GameZero.srcs/sources_1/ip/pixelClkGen_1/pixelClkGen.xdc:57]
INFO: [Timing 38-2] Deriving generated clocks [C:/Users/edoardo/Desktop/GameZero/GameZero.srcs/sources_1/ip/pixelClkGen_1/pixelClkGen.xdc:57]
get_clocks: Time (s): cpu = 00:00:11 ; elapsed = 00:00:12 . Memory (MB): peak = 1741.457 ; gain = 512.496
Finished Parsing XDC File [C:/Users/edoardo/Desktop/GameZero/.Xil/Vivado-15772-DESKTOP-K472J0U/dcp/main_early.xdc]
Parsing XDC File [C:/Users/edoardo/Desktop/GameZero/.Xil/Vivado-15772-DESKTOP-K472J0U/dcp/main.xdc]
Finished Parsing XDC File [C:/Users/edoardo/Desktop/GameZero/.Xil/Vivado-15772-DESKTOP-K472J0U/dcp/main.xdc]
Reading XDEF placement.
Reading placer database...
Reading XDEF routing.
Read XDEF File: Time (s): cpu = 00:00:01 ; elapsed = 00:00:00.338 . Memory (MB): peak = 1744.855 ; gain = 3.391
Restored from archive | CPU: 1.000000 secs | Memory: 0.000000 MB |
Finished XDEF File Restore: Time (s): cpu = 00:00:01 ; elapsed = 00:00:00.338 . Memory (MB): peak = 1744.855 ; gain = 3.391
INFO: [Project 1-111] Unisim Transformation Summary:
  A total of 6 instances were transformed.
  LDCP => LDCP (LDCE, LUT3, LUT3, VCC, GND): 6 instances

open_run: Time (s): cpu = 00:00:20 ; elapsed = 00:00:17 . Memory (MB): peak = 1848.059 ; gain = 740.777
close_design
