#-----------------------------------------------------------
# Vivado v2016.4 (64-bit)
# SW Build 1756540 on Mon Jan 23 19:11:23 MST 2017
# IP Build 1755317 on Mon Jan 23 20:30:07 MST 2017
# Start of session at: Mon Jun 12 09:20:44 2017
# Process ID: 1556
# Current directory: C:/Users/edoardo/Documents/GitHub/GameZero/GameZero
# Command line: vivado.exe -gui_launcher_event rodinguilauncherevent4684 C:\Users\edoardo\Documents\GitHub\GameZero\GameZero\GameZero.xpr
# Log file: C:/Users/edoardo/Documents/GitHub/GameZero/GameZero/vivado.log
# Journal file: C:/Users/edoardo/Documents/GitHub/GameZero/GameZero\vivado.jou
#-----------------------------------------------------------
start_gui
open_project C:/Users/edoardo/Documents/GitHub/GameZero/GameZero/GameZero.xpr
Scanning sources...
Finished scanning sources
INFO: [IP_Flow 19-234] Refreshing IP repositories
INFO: [IP_Flow 19-1704] No user IP repositories specified
INFO: [IP_Flow 19-2313] Loaded Vivado IP repository 'C:/Xilinx/Vivado/2016.4/data/ip'.
reset_run synth_1
reset_run playerBROM_synth_1
reset_run utilBROM_synth_1
reset_run pixelClkGen_synth_1
launch_runs impl_1 -to_step write_bitstream -jobs 4
INFO: [IP_Flow 19-1686] Generating 'Synthesis' target for IP 'playerBROM'...
INFO: [IP_Flow 19-1686] Generating 'Synthesis' target for IP 'utilBROM'...
[Mon Jun 12 09:42:07 2017] Launched playerBROM_synth_1, utilBROM_synth_1, pixelClkGen_synth_1, synth_1...
Run output will be captured here:
playerBROM_synth_1: C:/Users/edoardo/Documents/GitHub/GameZero/GameZero/GameZero.runs/playerBROM_synth_1/runme.log
utilBROM_synth_1: C:/Users/edoardo/Documents/GitHub/GameZero/GameZero/GameZero.runs/utilBROM_synth_1/runme.log
pixelClkGen_synth_1: C:/Users/edoardo/Documents/GitHub/GameZero/GameZero/GameZero.runs/pixelClkGen_synth_1/runme.log
synth_1: C:/Users/edoardo/Documents/GitHub/GameZero/GameZero/GameZero.runs/synth_1/runme.log
[Mon Jun 12 09:42:07 2017] Launched impl_1...
Run output will be captured here: C:/Users/edoardo/Documents/GitHub/GameZero/GameZero/GameZero.runs/impl_1/runme.log
launch_runs: Time (s): cpu = 00:00:28 ; elapsed = 00:00:30 . Memory (MB): peak = 922.863 ; gain = 0.000
open_hw
connect_hw_server
INFO: [Labtools 27-2285] Connecting to hw_server url TCP:localhost:3121
INFO: [Labtools 27-2222] Launching hw_server...
INFO: [Labtools 27-2221] Launch Output:

****** Xilinx hw_server v2016.4
  **** Build date : Jan 23 2017-19:37:29
    ** Copyright 1986-2016 Xilinx, Inc. All Rights Reserved.


open_hw_target
INFO: [Labtoolstcl 44-466] Opening hw_target localhost:3121/xilinx_tcf/Digilent/210274551945A
ERROR: [Labtools 27-2269] No devices detected on target localhost:3121/xilinx_tcf/Digilent/210274551945A.
Check cable connectivity and that the target board is powered up then
use the disconnect_hw_server and connect_hw_server to re-register this hardware target.
ERROR: [Common 17-39] 'open_hw_target' failed due to earlier errors.
set_property PROBES.FILE {} [lindex [get_hw_devices xc7a100t_0] 0]
set_property PROGRAM.FILE {C:/Users/edoardo/Documents/GitHub/GameZero/GameZero/GameZero.runs/impl_1/main.bit} [lindex [get_hw_devices xc7a100t_0] 0]
program_hw_devices [lindex [get_hw_devices xc7a100t_0] 0]
INFO: [Labtools 27-3164] End of startup status: HIGH
refresh_hw_device [lindex [get_hw_devices xc7a100t_0] 0]
INFO: [Labtools 27-1434] Device xc7a100t (JTAG device index = 0) is programmed with a design that has no supported debug core(s) in it.
WARNING: [Labtools 27-3123] The debug hub core was not detected at User Scan Chain 1 or 3.
Resolution: 
1. Make sure the clock connected to the debug hub (dbg_hub) core is a free running clock and is active OR
2. Manually launch hw_server with -e "set xsdb-user-bscan <C_USER_SCAN_CHAIN scan_chain_number>" to detect the debug hub at User Scan Chain of 2 or 4. To determine the user scan chain setting, open the implemented design and use: get_property C_USER_SCAN_CHAIN [get_debug_cores dbg_hub].
WARNING: [Labtoolstcl 44-130] No matching hw_ilas were found.
WARNING: [Labtoolstcl 44-130] No matching hw_ilas were found.
WARNING: [Labtoolstcl 44-130] No matching hw_ilas were found.
WARNING: [Labtoolstcl 44-130] No matching hw_ilas were found.
create_hw_cfgmem -hw_device [lindex [get_hw_devices] 0] -mem_dev [lindex [get_cfgmem_parts {s25fl128sxxxxxx0-spi-x1_x2_x4}] 0]
reset_run synth_1
launch_runs impl_1 -to_step write_bitstream -jobs 4
[Mon Jun 12 09:59:18 2017] Launched synth_1...
Run output will be captured here: C:/Users/edoardo/Documents/GitHub/GameZero/GameZero/GameZero.runs/synth_1/runme.log
[Mon Jun 12 09:59:18 2017] Launched impl_1...
Run output will be captured here: C:/Users/edoardo/Documents/GitHub/GameZero/GameZero/GameZero.runs/impl_1/runme.log
set_property PROBES.FILE {} [lindex [get_hw_devices xc7a100t_0] 0]
set_property PROGRAM.FILE {C:/Users/edoardo/Documents/GitHub/GameZero/GameZero/GameZero.runs/impl_1/main.bit} [lindex [get_hw_devices xc7a100t_0] 0]
program_hw_devices [lindex [get_hw_devices xc7a100t_0] 0]
INFO: [Labtools 27-3164] End of startup status: HIGH
refresh_hw_device [lindex [get_hw_devices xc7a100t_0] 0]
INFO: [Labtools 27-1434] Device xc7a100t (JTAG device index = 0) is programmed with a design that has no supported debug core(s) in it.
WARNING: [Labtools 27-3123] The debug hub core was not detected at User Scan Chain 1 or 3.
Resolution: 
1. Make sure the clock connected to the debug hub (dbg_hub) core is a free running clock and is active OR
2. Manually launch hw_server with -e "set xsdb-user-bscan <C_USER_SCAN_CHAIN scan_chain_number>" to detect the debug hub at User Scan Chain of 2 or 4. To determine the user scan chain setting, open the implemented design and use: get_property C_USER_SCAN_CHAIN [get_debug_cores dbg_hub].
WARNING: [Labtoolstcl 44-130] No matching hw_ilas were found.
WARNING: [Labtoolstcl 44-130] No matching hw_ilas were found.
WARNING: [Labtoolstcl 44-130] No matching hw_ilas were found.
WARNING: [Labtoolstcl 44-130] No matching hw_ilas were found.
close_hw
close_project
open_project C:/Users/edoardo/Documents/GitHub/GameZero/GameZero/GameZero.xpr
Scanning sources...
Finished scanning sources
INFO: [IP_Flow 19-234] Refreshing IP repositories
INFO: [IP_Flow 19-1704] No user IP repositories specified
INFO: [IP_Flow 19-2313] Loaded Vivado IP repository 'C:/Xilinx/Vivado/2016.4/data/ip'.
INFO: [Device 21-403] Loading part xc7a100tcsg324-1
WARNING: [IP_Flow 19-4067] Ignoring invalid widget type specified checkbox.Providing a default widget
WARNING: [IP_Flow 19-4067] Ignoring invalid widget type specified checkbox.Providing a default widget
create_ip -name blk_mem_gen -vendor xilinx.com -library ip -version 8.3 -module_name Wolvie_BROM -dir c:/Users/edoardo/Documents/GitHub/GameZero/GameZero/GameZero.srcs/sources_1/ip
set_property -dict [list CONFIG.Memory_Type {Single_Port_ROM} CONFIG.Write_Width_A {12} CONFIG.Write_Depth_A {61875} CONFIG.Enable_A {Always_Enabled} CONFIG.Load_Init_File {false} CONFIG.Read_Width_A {12} CONFIG.Write_Width_B {12} CONFIG.Read_Width_B {12} CONFIG.Port_A_Write_Rate {0}] [get_ips Wolvie_BROM]
generate_target {instantiation_template} [get_files c:/Users/edoardo/Documents/GitHub/GameZero/GameZero/GameZero.srcs/sources_1/ip/Wolvie_BROM/Wolvie_BROM.xci]
INFO: [IP_Flow 19-1686] Generating 'Instantiation Template' target for IP 'Wolvie_BROM'...
generate_target all [get_files  c:/Users/edoardo/Documents/GitHub/GameZero/GameZero/GameZero.srcs/sources_1/ip/Wolvie_BROM/Wolvie_BROM.xci]
INFO: [IP_Flow 19-1686] Generating 'Synthesis' target for IP 'Wolvie_BROM'...
INFO: [IP_Flow 19-1686] Generating 'Simulation' target for IP 'Wolvie_BROM'...
INFO: [IP_Flow 19-1686] Generating 'Miscellaneous' target for IP 'Wolvie_BROM'...
INFO: [IP_Flow 19-1686] Generating 'Change Log' target for IP 'Wolvie_BROM'...
catch { config_ip_cache -export [get_ips -all Wolvie_BROM] }
export_ip_user_files -of_objects [get_files c:/Users/edoardo/Documents/GitHub/GameZero/GameZero/GameZero.srcs/sources_1/ip/Wolvie_BROM/Wolvie_BROM.xci] -no_script -sync -force -quiet
create_ip_run [get_files -of_objects [get_fileset sources_1] c:/Users/edoardo/Documents/GitHub/GameZero/GameZero/GameZero.srcs/sources_1/ip/Wolvie_BROM/Wolvie_BROM.xci]
launch_runs -jobs 4 Wolvie_BROM_synth_1
[Mon Jun 12 10:17:43 2017] Launched Wolvie_BROM_synth_1...
Run output will be captured here: C:/Users/edoardo/Documents/GitHub/GameZero/GameZero/GameZero.runs/Wolvie_BROM_synth_1/runme.log
export_simulation -of_objects [get_files c:/Users/edoardo/Documents/GitHub/GameZero/GameZero/GameZero.srcs/sources_1/ip/Wolvie_BROM/Wolvie_BROM.xci] -directory C:/Users/edoardo/Documents/GitHub/GameZero/GameZero/GameZero.ip_user_files/sim_scripts -ip_user_files_dir C:/Users/edoardo/Documents/GitHub/GameZero/GameZero/GameZero.ip_user_files -ipstatic_source_dir C:/Users/edoardo/Documents/GitHub/GameZero/GameZero/GameZero.ip_user_files/ipstatic -lib_map_path [list {modelsim=C:/Users/edoardo/Documents/GitHub/GameZero/GameZero/GameZero.cache/compile_simlib/modelsim} {questa=C:/Users/edoardo/Documents/GitHub/GameZero/GameZero/GameZero.cache/compile_simlib/questa} {riviera=C:/Users/edoardo/Documents/GitHub/GameZero/GameZero/GameZero.cache/compile_simlib/riviera} {activehdl=C:/Users/edoardo/Documents/GitHub/GameZero/GameZero/GameZero.cache/compile_simlib/activehdl}] -use_ip_compiled_libs -force -quiet
close [ open C:/Users/edoardo/Documents/GitHub/GameZero/GameZero/GameZero.srcs/sources_1/new/Wolvie_init.coe w ]
add_files C:/Users/edoardo/Documents/GitHub/GameZero/GameZero/GameZero.srcs/sources_1/new/Wolvie_init.coe
set_property file_type VHDL [get_files  C:/Users/edoardo/Documents/GitHub/GameZero/GameZero/GameZero.srcs/sources_1/new/Wolvie_init.coe]
ERROR: [filemgmt 20-1707] The file type 'Coefficient Files' is not user changeable.
WARNING: [IP_Flow 19-4067] Ignoring invalid widget type specified checkbox.Providing a default widget
WARNING: [IP_Flow 19-4067] Ignoring invalid widget type specified checkbox.Providing a default widget
set_property -dict [list CONFIG.Load_Init_File {true} CONFIG.Coe_File {C:/Users/edoardo/Documents/GitHub/GameZero/GameZero/GameZero.srcs/sources_1/new/Wolvie_init.coe}] [get_ips Wolvie_BROM]
INFO: [IP_Flow 19-3484] Absolute path of file 'c:/Users/edoardo/Documents/GitHub/GameZero/GameZero/GameZero.srcs/sources_1/new/Wolvie_init.coe' provided. It will be converted relative to IP Instance files '../../new/Wolvie_init.coe'
generate_target all [get_files  c:/Users/edoardo/Documents/GitHub/GameZero/GameZero/GameZero.srcs/sources_1/ip/Wolvie_BROM/Wolvie_BROM.xci]
INFO: [IP_Flow 19-1686] Generating 'Instantiation Template' target for IP 'Wolvie_BROM'...
INFO: [IP_Flow 19-1686] Generating 'Synthesis' target for IP 'Wolvie_BROM'...
INFO: [IP_Flow 19-1686] Generating 'Simulation' target for IP 'Wolvie_BROM'...
INFO: [IP_Flow 19-1686] Generating 'Miscellaneous' target for IP 'Wolvie_BROM'...
INFO: [IP_Flow 19-1686] Generating 'Change Log' target for IP 'Wolvie_BROM'...
generate_target: Time (s): cpu = 00:00:06 ; elapsed = 00:00:06 . Memory (MB): peak = 1256.785 ; gain = 0.000
catch { config_ip_cache -export [get_ips -all Wolvie_BROM] }
export_ip_user_files -of_objects [get_files c:/Users/edoardo/Documents/GitHub/GameZero/GameZero/GameZero.srcs/sources_1/ip/Wolvie_BROM/Wolvie_BROM.xci] -no_script -sync -force -quiet
reset_run Wolvie_BROM_synth_1
launch_runs -jobs 4 Wolvie_BROM_synth_1
[Mon Jun 12 10:28:05 2017] Launched Wolvie_BROM_synth_1...
Run output will be captured here: C:/Users/edoardo/Documents/GitHub/GameZero/GameZero/GameZero.runs/Wolvie_BROM_synth_1/runme.log
export_simulation -of_objects [get_files c:/Users/edoardo/Documents/GitHub/GameZero/GameZero/GameZero.srcs/sources_1/ip/Wolvie_BROM/Wolvie_BROM.xci] -directory C:/Users/edoardo/Documents/GitHub/GameZero/GameZero/GameZero.ip_user_files/sim_scripts -ip_user_files_dir C:/Users/edoardo/Documents/GitHub/GameZero/GameZero/GameZero.ip_user_files -ipstatic_source_dir C:/Users/edoardo/Documents/GitHub/GameZero/GameZero/GameZero.ip_user_files/ipstatic -lib_map_path [list {modelsim=C:/Users/edoardo/Documents/GitHub/GameZero/GameZero/GameZero.cache/compile_simlib/modelsim} {questa=C:/Users/edoardo/Documents/GitHub/GameZero/GameZero/GameZero.cache/compile_simlib/questa} {riviera=C:/Users/edoardo/Documents/GitHub/GameZero/GameZero/GameZero.cache/compile_simlib/riviera} {activehdl=C:/Users/edoardo/Documents/GitHub/GameZero/GameZero/GameZero.cache/compile_simlib/activehdl}] -use_ip_compiled_libs -force -quiet
WARNING: [IP_Flow 19-4067] Ignoring invalid widget type specified checkbox.Providing a default widget
WARNING: [IP_Flow 19-4067] Ignoring invalid widget type specified checkbox.Providing a default widget
set_property -dict [list CONFIG.Write_Depth_A {28125} CONFIG.Coe_File {C:/Users/edoardo/Documents/GitHub/GameZero/GameZero/GameZero.srcs/sources_1/new/bram_init.coe}] [get_ips playerBROM]
INFO: [IP_Flow 19-3484] Absolute path of file 'c:/Users/edoardo/Documents/GitHub/GameZero/GameZero/GameZero.srcs/sources_1/new/bram_init.coe' provided. It will be converted relative to IP Instance files '../../new/bram_init.coe'
generate_target all [get_files  C:/Users/edoardo/Documents/GitHub/GameZero/GameZero/GameZero.srcs/sources_1/ip/playerBROM/playerBROM.xci]
INFO: [IP_Flow 19-1686] Generating 'Instantiation Template' target for IP 'playerBROM'...
INFO: [IP_Flow 19-1686] Generating 'Synthesis' target for IP 'playerBROM'...
INFO: [IP_Flow 19-1686] Generating 'Simulation' target for IP 'playerBROM'...
INFO: [IP_Flow 19-1686] Generating 'Miscellaneous' target for IP 'playerBROM'...
INFO: [IP_Flow 19-1686] Generating 'Change Log' target for IP 'playerBROM'...
catch { config_ip_cache -export [get_ips -all playerBROM] }
export_ip_user_files -of_objects [get_files C:/Users/edoardo/Documents/GitHub/GameZero/GameZero/GameZero.srcs/sources_1/ip/playerBROM/playerBROM.xci] -no_script -sync -force -quiet
reset_run playerBROM_synth_1
WARNING: [Vivado 12-1017] Problems encountered:
1. Failed to delete one or more files in run directory C:/Users/edoardo/Documents/GitHub/GameZero/GameZero/GameZero.runs/playerBROM_synth_1

launch_runs -jobs 4 playerBROM_synth_1
[Mon Jun 12 10:28:56 2017] Launched playerBROM_synth_1...
Run output will be captured here: C:/Users/edoardo/Documents/GitHub/GameZero/GameZero/GameZero.runs/playerBROM_synth_1/runme.log
export_simulation -of_objects [get_files C:/Users/edoardo/Documents/GitHub/GameZero/GameZero/GameZero.srcs/sources_1/ip/playerBROM/playerBROM.xci] -directory C:/Users/edoardo/Documents/GitHub/GameZero/GameZero/GameZero.ip_user_files/sim_scripts -ip_user_files_dir C:/Users/edoardo/Documents/GitHub/GameZero/GameZero/GameZero.ip_user_files -ipstatic_source_dir C:/Users/edoardo/Documents/GitHub/GameZero/GameZero/GameZero.ip_user_files/ipstatic -lib_map_path [list {modelsim=C:/Users/edoardo/Documents/GitHub/GameZero/GameZero/GameZero.cache/compile_simlib/modelsim} {questa=C:/Users/edoardo/Documents/GitHub/GameZero/GameZero/GameZero.cache/compile_simlib/questa} {riviera=C:/Users/edoardo/Documents/GitHub/GameZero/GameZero/GameZero.cache/compile_simlib/riviera} {activehdl=C:/Users/edoardo/Documents/GitHub/GameZero/GameZero/GameZero.cache/compile_simlib/activehdl}] -use_ip_compiled_libs -force -quiet
WARNING: [IP_Flow 19-4067] Ignoring invalid widget type specified checkbox.Providing a default widget
WARNING: [IP_Flow 19-4067] Ignoring invalid widget type specified checkbox.Providing a default widget
can't use empty string as operand of "*"
can't use empty string as operand of "*"
can't use empty string as operand of "*"
can't use empty string as operand of "*"
can't use empty string as operand of "*"
can't use empty string as operand of "*"
can't use empty string as operand of "*"
can't use empty string as operand of "*"
create_ip -name blk_mem_gen -vendor xilinx.com -library ip -version 8.3 -module_name Top_level_BROM -dir c:/Users/edoardo/Documents/GitHub/GameZero/GameZero/GameZero.srcs/sources_1/ip
set_property -dict [list CONFIG.Memory_Type {Single_Port_ROM} CONFIG.Write_Width_A {12} CONFIG.Write_Depth_A {164608} CONFIG.Enable_A {Always_Enabled} CONFIG.Read_Width_A {12} CONFIG.Write_Width_B {12} CONFIG.Read_Width_B {12} CONFIG.Port_A_Write_Rate {0}] [get_ips Top_level_BROM]
generate_target {instantiation_template} [get_files c:/Users/edoardo/Documents/GitHub/GameZero/GameZero/GameZero.srcs/sources_1/ip/Top_level_BROM/Top_level_BROM.xci]
INFO: [IP_Flow 19-1686] Generating 'Instantiation Template' target for IP 'Top_level_BROM'...
generate_target all [get_files  c:/Users/edoardo/Documents/GitHub/GameZero/GameZero/GameZero.srcs/sources_1/ip/Top_level_BROM/Top_level_BROM.xci]
INFO: [IP_Flow 19-1686] Generating 'Synthesis' target for IP 'Top_level_BROM'...
INFO: [IP_Flow 19-1686] Generating 'Simulation' target for IP 'Top_level_BROM'...
INFO: [IP_Flow 19-1686] Generating 'Miscellaneous' target for IP 'Top_level_BROM'...
INFO: [IP_Flow 19-1686] Generating 'Change Log' target for IP 'Top_level_BROM'...
catch { config_ip_cache -export [get_ips -all Top_level_BROM] }
export_ip_user_files -of_objects [get_files c:/Users/edoardo/Documents/GitHub/GameZero/GameZero/GameZero.srcs/sources_1/ip/Top_level_BROM/Top_level_BROM.xci] -no_script -sync -force -quiet
create_ip_run [get_files -of_objects [get_fileset sources_1] c:/Users/edoardo/Documents/GitHub/GameZero/GameZero/GameZero.srcs/sources_1/ip/Top_level_BROM/Top_level_BROM.xci]
launch_runs -jobs 4 Top_level_BROM_synth_1
[Mon Jun 12 10:32:26 2017] Launched Top_level_BROM_synth_1...
Run output will be captured here: C:/Users/edoardo/Documents/GitHub/GameZero/GameZero/GameZero.runs/Top_level_BROM_synth_1/runme.log
export_simulation -of_objects [get_files c:/Users/edoardo/Documents/GitHub/GameZero/GameZero/GameZero.srcs/sources_1/ip/Top_level_BROM/Top_level_BROM.xci] -directory C:/Users/edoardo/Documents/GitHub/GameZero/GameZero/GameZero.ip_user_files/sim_scripts -ip_user_files_dir C:/Users/edoardo/Documents/GitHub/GameZero/GameZero/GameZero.ip_user_files -ipstatic_source_dir C:/Users/edoardo/Documents/GitHub/GameZero/GameZero/GameZero.ip_user_files/ipstatic -lib_map_path [list {modelsim=C:/Users/edoardo/Documents/GitHub/GameZero/GameZero/GameZero.cache/compile_simlib/modelsim} {questa=C:/Users/edoardo/Documents/GitHub/GameZero/GameZero/GameZero.cache/compile_simlib/questa} {riviera=C:/Users/edoardo/Documents/GitHub/GameZero/GameZero/GameZero.cache/compile_simlib/riviera} {activehdl=C:/Users/edoardo/Documents/GitHub/GameZero/GameZero/GameZero.cache/compile_simlib/activehdl}] -use_ip_compiled_libs -force -quiet
close [ open C:/Users/edoardo/Documents/GitHub/GameZero/GameZero/GameZero.srcs/sources_1/new/top_level_brom_init.coe w ]
add_files C:/Users/edoardo/Documents/GitHub/GameZero/GameZero/GameZero.srcs/sources_1/new/top_level_brom_init.coe
set_property file_type VHDL [get_files  C:/Users/edoardo/Documents/GitHub/GameZero/GameZero/GameZero.srcs/sources_1/new/top_level_brom_init.coe]
ERROR: [filemgmt 20-1707] The file type 'Coefficient Files' is not user changeable.
WARNING: [IP_Flow 19-4067] Ignoring invalid widget type specified checkbox.Providing a default widget
WARNING: [IP_Flow 19-4067] Ignoring invalid widget type specified checkbox.Providing a default widget
WARNING: [IP_Flow 19-4067] Ignoring invalid widget type specified checkbox.Providing a default widget
WARNING: [IP_Flow 19-4067] Ignoring invalid widget type specified checkbox.Providing a default widget
set_property -dict [list CONFIG.Write_Depth_A {69728} CONFIG.Coe_File {C:/Users/edoardo/Documents/GitHub/GameZero/GameZero/GameZero.srcs/sources_1/new/Brom_util_init.coe}] [get_ips utilBROM]
INFO: [IP_Flow 19-3484] Absolute path of file 'c:/Users/edoardo/Documents/GitHub/GameZero/GameZero/GameZero.srcs/sources_1/new/Brom_util_init.coe' provided. It will be converted relative to IP Instance files '../../new/Brom_util_init.coe'
generate_target all [get_files  C:/Users/edoardo/Documents/GitHub/GameZero/GameZero/GameZero.srcs/sources_1/ip/utilBROM/utilBROM.xci]
INFO: [IP_Flow 19-1686] Generating 'Instantiation Template' target for IP 'utilBROM'...
INFO: [IP_Flow 19-1686] Generating 'Synthesis' target for IP 'utilBROM'...
INFO: [IP_Flow 19-1686] Generating 'Simulation' target for IP 'utilBROM'...
INFO: [IP_Flow 19-1686] Generating 'Miscellaneous' target for IP 'utilBROM'...
INFO: [IP_Flow 19-1686] Generating 'Change Log' target for IP 'utilBROM'...
generate_target: Time (s): cpu = 00:00:06 ; elapsed = 00:00:07 . Memory (MB): peak = 1390.633 ; gain = 0.000
catch { config_ip_cache -export [get_ips -all utilBROM] }
export_ip_user_files -of_objects [get_files C:/Users/edoardo/Documents/GitHub/GameZero/GameZero/GameZero.srcs/sources_1/ip/utilBROM/utilBROM.xci] -no_script -sync -force -quiet
reset_run utilBROM_synth_1
launch_runs -jobs 4 utilBROM_synth_1
[Mon Jun 12 10:42:22 2017] Launched utilBROM_synth_1...
Run output will be captured here: C:/Users/edoardo/Documents/GitHub/GameZero/GameZero/GameZero.runs/utilBROM_synth_1/runme.log
export_simulation -of_objects [get_files C:/Users/edoardo/Documents/GitHub/GameZero/GameZero/GameZero.srcs/sources_1/ip/utilBROM/utilBROM.xci] -directory C:/Users/edoardo/Documents/GitHub/GameZero/GameZero/GameZero.ip_user_files/sim_scripts -ip_user_files_dir C:/Users/edoardo/Documents/GitHub/GameZero/GameZero/GameZero.ip_user_files -ipstatic_source_dir C:/Users/edoardo/Documents/GitHub/GameZero/GameZero/GameZero.ip_user_files/ipstatic -lib_map_path [list {modelsim=C:/Users/edoardo/Documents/GitHub/GameZero/GameZero/GameZero.cache/compile_simlib/modelsim} {questa=C:/Users/edoardo/Documents/GitHub/GameZero/GameZero/GameZero.cache/compile_simlib/questa} {riviera=C:/Users/edoardo/Documents/GitHub/GameZero/GameZero/GameZero.cache/compile_simlib/riviera} {activehdl=C:/Users/edoardo/Documents/GitHub/GameZero/GameZero/GameZero.cache/compile_simlib/activehdl}] -use_ip_compiled_libs -force -quiet
WARNING: [IP_Flow 19-4067] Ignoring invalid widget type specified checkbox.Providing a default widget
WARNING: [IP_Flow 19-4067] Ignoring invalid widget type specified checkbox.Providing a default widget
set_property -dict [list CONFIG.Load_Init_File {true} CONFIG.Coe_File {C:/Users/edoardo/Documents/GitHub/GameZero/GameZero/GameZero.srcs/sources_1/new/top_level_brom_init.coe}] [get_ips Top_level_BROM]
INFO: [IP_Flow 19-3484] Absolute path of file 'c:/Users/edoardo/Documents/GitHub/GameZero/GameZero/GameZero.srcs/sources_1/new/top_level_brom_init.coe' provided. It will be converted relative to IP Instance files '../../new/top_level_brom_init.coe'
generate_target all [get_files  c:/Users/edoardo/Documents/GitHub/GameZero/GameZero/GameZero.srcs/sources_1/ip/Top_level_BROM/Top_level_BROM.xci]
INFO: [IP_Flow 19-1686] Generating 'Instantiation Template' target for IP 'Top_level_BROM'...
INFO: [IP_Flow 19-1686] Generating 'Synthesis' target for IP 'Top_level_BROM'...
INFO: [IP_Flow 19-1686] Generating 'Simulation' target for IP 'Top_level_BROM'...
INFO: [IP_Flow 19-1686] Generating 'Miscellaneous' target for IP 'Top_level_BROM'...
INFO: [IP_Flow 19-1686] Generating 'Change Log' target for IP 'Top_level_BROM'...
generate_target: Time (s): cpu = 00:00:14 ; elapsed = 00:00:15 . Memory (MB): peak = 1395.277 ; gain = 0.000
catch { config_ip_cache -export [get_ips -all Top_level_BROM] }
export_ip_user_files -of_objects [get_files c:/Users/edoardo/Documents/GitHub/GameZero/GameZero/GameZero.srcs/sources_1/ip/Top_level_BROM/Top_level_BROM.xci] -no_script -sync -force -quiet
reset_run Top_level_BROM_synth_1
WARNING: [Vivado 12-1017] Problems encountered:
1. Failed to delete one or more files in run directory C:/Users/edoardo/Documents/GitHub/GameZero/GameZero/GameZero.runs/Top_level_BROM_synth_1

launch_runs -jobs 4 Top_level_BROM_synth_1
[Mon Jun 12 10:43:07 2017] Launched Top_level_BROM_synth_1...
Run output will be captured here: C:/Users/edoardo/Documents/GitHub/GameZero/GameZero/GameZero.runs/Top_level_BROM_synth_1/runme.log
export_simulation -of_objects [get_files c:/Users/edoardo/Documents/GitHub/GameZero/GameZero/GameZero.srcs/sources_1/ip/Top_level_BROM/Top_level_BROM.xci] -directory C:/Users/edoardo/Documents/GitHub/GameZero/GameZero/GameZero.ip_user_files/sim_scripts -ip_user_files_dir C:/Users/edoardo/Documents/GitHub/GameZero/GameZero/GameZero.ip_user_files -ipstatic_source_dir C:/Users/edoardo/Documents/GitHub/GameZero/GameZero/GameZero.ip_user_files/ipstatic -lib_map_path [list {modelsim=C:/Users/edoardo/Documents/GitHub/GameZero/GameZero/GameZero.cache/compile_simlib/modelsim} {questa=C:/Users/edoardo/Documents/GitHub/GameZero/GameZero/GameZero.cache/compile_simlib/questa} {riviera=C:/Users/edoardo/Documents/GitHub/GameZero/GameZero/GameZero.cache/compile_simlib/riviera} {activehdl=C:/Users/edoardo/Documents/GitHub/GameZero/GameZero/GameZero.cache/compile_simlib/activehdl}] -use_ip_compiled_libs -force -quiet
exit
INFO: [Common 17-206] Exiting Vivado at Mon Jun 12 10:46:16 2017...
