#-----------------------------------------------------------
# Vivado v2016.4 (64-bit)
# SW Build 1756540 on Mon Jan 23 19:11:23 MST 2017
# IP Build 1755317 on Mon Jan 23 20:30:07 MST 2017
# Start of session at: Wed May 24 21:50:05 2017
# Process ID: 14128
# Current directory: C:/Users/Andrea Diecidue/Documents/GitHub/GameZero/moving_characters
# Command line: vivado.exe -gui_launcher_event rodinguilauncherevent12140 C:\Users\Andrea Diecidue\Documents\GitHub\GameZero\moving_characters\moving_characters.xpr
# Log file: C:/Users/Andrea Diecidue/Documents/GitHub/GameZero/moving_characters/vivado.log
# Journal file: C:/Users/Andrea Diecidue/Documents/GitHub/GameZero/moving_characters\vivado.jou
#-----------------------------------------------------------
start_gui
open_project {C:/Users/Andrea Diecidue/Documents/GitHub/GameZero/moving_characters/moving_characters.xpr}
INFO: [Project 1-313] Project file moved from 'C:/Users/edoardo/Desktop/moving_characters' since last save.
Scanning sources...
Finished scanning sources
INFO: [IP_Flow 19-234] Refreshing IP repositories
INFO: [IP_Flow 19-1704] No user IP repositories specified
INFO: [IP_Flow 19-2313] Loaded Vivado IP repository 'C:/.Xilinx/Vivado/2016.4/data/ip'.
INFO: [IP_Flow 19-3490] Corrected incorrect value for component_name parameter when reading XCI file 'c:/Users/Andrea Diecidue/Documents/GitHub/GameZero/moving_characters/moving_characters.srcs/sources_1/ip/PixelClkGen/PixelClkGen.xci'
open_project: Time (s): cpu = 00:00:29 ; elapsed = 00:00:16 . Memory (MB): peak = 789.789 ; gain = 114.277
reset_run synth_1
reset_run blk_mem_gen_0_synth_1
reset_run BROM_Pedana_synth_1
launch_runs impl_1 -to_step write_bitstream -jobs 4
INFO: [Vivado 12-4149] The synthesis checkpoint for IP 'C:/Users/Andrea Diecidue/Documents/GitHub/GameZero/moving_characters/moving_characters.srcs/sources_1/ip/PixelClkGen/PixelClkGen.xci' is already up-to-date
INFO: [IP_Flow 19-1686] Generating 'Synthesis' target for IP 'blk_mem_gen_0'...
INFO: [IP_Flow 19-1686] Generating 'Synthesis' target for IP 'BROM_Pedana'...
[Wed May 24 21:52:29 2017] Launched blk_mem_gen_0_synth_1, BROM_Pedana_synth_1, synth_1...
Run output will be captured here:
blk_mem_gen_0_synth_1: C:/Users/Andrea Diecidue/Documents/GitHub/GameZero/moving_characters/moving_characters.runs/blk_mem_gen_0_synth_1/runme.log
BROM_Pedana_synth_1: C:/Users/Andrea Diecidue/Documents/GitHub/GameZero/moving_characters/moving_characters.runs/BROM_Pedana_synth_1/runme.log
synth_1: C:/Users/Andrea Diecidue/Documents/GitHub/GameZero/moving_characters/moving_characters.runs/synth_1/runme.log
[Wed May 24 21:52:29 2017] Launched impl_1...
Run output will be captured here: C:/Users/Andrea Diecidue/Documents/GitHub/GameZero/moving_characters/moving_characters.runs/impl_1/runme.log
launch_runs: Time (s): cpu = 00:00:53 ; elapsed = 00:00:58 . Memory (MB): peak = 811.660 ; gain = 19.664
open_hw
connect_hw_server
INFO: [Labtools 27-2285] Connecting to hw_server url TCP:localhost:3121
INFO: [Labtools 27-2222] Launching hw_server...
INFO: [Labtools 27-2221] Launch Output:

****** Xilinx hw_server v2016.4
  **** Build date : Jan 23 2017-19:37:29
    ** Copyright 1986-2016 Xilinx, Inc. All Rights Reserved.


connect_hw_server: Time (s): cpu = 00:00:01 ; elapsed = 00:00:07 . Memory (MB): peak = 871.219 ; gain = 0.000
open_hw_target
INFO: [Labtoolstcl 44-466] Opening hw_target localhost:3121/xilinx_tcf/Digilent/210274551945A
set_property PROGRAM.FILE {C:/Users/Andrea Diecidue/Documents/GitHub/GameZero/moving_characters/moving_characters.runs/impl_1/main.bit} [lindex [get_hw_devices xc7a100t_0] 0]
current_hw_device [lindex [get_hw_devices xc7a100t_0] 0]
refresh_hw_device -update_hw_probes false [lindex [get_hw_devices xc7a100t_0] 0]
INFO: [Labtools 27-1434] Device xc7a100t (JTAG device index = 0) is programmed with a design that has no supported debug core(s) in it.
WARNING: [Labtools 27-3123] The debug hub core was not detected at User Scan Chain 1 or 3.
Resolution: 
1. Make sure the clock connected to the debug hub (dbg_hub) core is a free running clock and is active OR
2. Manually launch hw_server with -e "set xsdb-user-bscan <C_USER_SCAN_CHAIN scan_chain_number>" to detect the debug hub at User Scan Chain of 2 or 4. To determine the user scan chain setting, open the implemented design and use: get_property C_USER_SCAN_CHAIN [get_debug_cores dbg_hub].
set_property PROBES.FILE {} [lindex [get_hw_devices xc7a100t_0] 0]
set_property PROGRAM.FILE {C:/Users/Andrea Diecidue/Documents/GitHub/GameZero/moving_characters/moving_characters.runs/impl_1/main.bit} [lindex [get_hw_devices xc7a100t_0] 0]
program_hw_devices [lindex [get_hw_devices xc7a100t_0] 0]
INFO: [Labtools 27-3164] End of startup status: HIGH
refresh_hw_device [lindex [get_hw_devices xc7a100t_0] 0]
INFO: [Labtools 27-1434] Device xc7a100t (JTAG device index = 0) is programmed with a design that has no supported debug core(s) in it.
WARNING: [Labtools 27-3123] The debug hub core was not detected at User Scan Chain 1 or 3.
Resolution: 
1. Make sure the clock connected to the debug hub (dbg_hub) core is a free running clock and is active OR
2. Manually launch hw_server with -e "set xsdb-user-bscan <C_USER_SCAN_CHAIN scan_chain_number>" to detect the debug hub at User Scan Chain of 2 or 4. To determine the user scan chain setting, open the implemented design and use: get_property C_USER_SCAN_CHAIN [get_debug_cores dbg_hub].
WARNING: [Labtoolstcl 44-130] No matching hw_ilas were found.
WARNING: [Labtoolstcl 44-130] No matching hw_ilas were found.
WARNING: [Labtoolstcl 44-130] No matching hw_ilas were found.
WARNING: [Labtoolstcl 44-130] No matching hw_ilas were found.
exit
INFO: [Common 17-206] Exiting Vivado at Wed May 24 22:06:59 2017...
