#-----------------------------------------------------------
# Vivado v2016.4 (64-bit)
# SW Build 1756540 on Mon Jan 23 19:11:23 MST 2017
# IP Build 1755317 on Mon Jan 23 20:30:07 MST 2017
# Start of session at: Mon May 22 15:37:31 2017
# Process ID: 13284
# Current directory: C:/Users/edoardo/Desktop/moving_characters
# Command line: vivado.exe -gui_launcher_event rodinguilauncherevent15200 C:\Users\edoardo\Desktop\moving_characters\moving_characters.xpr
# Log file: C:/Users/edoardo/Desktop/moving_characters/vivado.log
# Journal file: C:/Users/edoardo/Desktop/moving_characters\vivado.jou
#-----------------------------------------------------------
start_gui
open_project C:/Users/edoardo/Desktop/moving_characters/moving_characters.xpr
INFO: [Project 1-313] Project file moved from 'C:/Users/Andrea Diecidue/Desktop/polito/Computer Architecture/Projects/moving_characters' since last save.
Scanning sources...
Finished scanning sources
INFO: [IP_Flow 19-234] Refreshing IP repositories
INFO: [IP_Flow 19-1704] No user IP repositories specified
INFO: [IP_Flow 19-2313] Loaded Vivado IP repository 'C:/Xilinx/Vivado/2016.4/data/ip'.
INFO: [IP_Flow 19-3490] Corrected incorrect value for component_name parameter when reading XCI file 'c:/Users/edoardo/Desktop/moving_characters/moving_characters.srcs/sources_1/ip/PixelClkGen/PixelClkGen.xci'
remove_files  C:/Users/edoardo/Desktop/moving_characters/moving_characters.srcs/sources_1/new/Graphics.vhd
file delete -force C:/Users/edoardo/Desktop/moving_characters/moving_characters.srcs/sources_1/new/Graphics.vhd
remove_files  C:/Users/edoardo/Desktop/moving_characters/moving_characters.srcs/sources_1/new/RAM_VGA.vhd
file delete -force C:/Users/edoardo/Desktop/moving_characters/moving_characters.srcs/sources_1/new/RAM_VGA.vhd
remove_files  C:/Users/edoardo/Desktop/moving_characters/moving_characters.srcs/sources_1/new/SNES.vhd
file delete -force C:/Users/edoardo/Desktop/moving_characters/moving_characters.srcs/sources_1/new/SNES.vhd
remove_files  C:/Users/edoardo/Desktop/moving_characters/moving_characters.srcs/sources_1/ip/xadc_wiz_0/xadc_wiz_0.xci
file delete -force C:/Users/edoardo/Desktop/moving_characters/moving_characters.srcs/sources_1/ip/xadc_wiz_0
file delete -force C:/Users/edoardo/Desktop/moving_characters/moving_characters.ip_user_files/ip/xadc_wiz_0 C:/Users/edoardo/Desktop/moving_characters/moving_characters.ip_user_files/sim_scripts/xadc_wiz_0
close [ open C:/Users/edoardo/Desktop/moving_characters/moving_characters.srcs/sources_1/new/Wlvie_attack.vhd w ]
add_files C:/Users/edoardo/Desktop/moving_characters/moving_characters.srcs/sources_1/new/Wlvie_attack.vhd
remove_files  C:/Users/edoardo/Desktop/moving_characters/moving_characters.srcs/sources_1/new/Wlvie_attack.vhd
file delete -force C:/Users/edoardo/Desktop/moving_characters/moving_characters.srcs/sources_1/new/Wlvie_attack.vhd
close [ open C:/Users/edoardo/Desktop/moving_characters/moving_characters.srcs/sources_1/new/Wolvie_attack.vhd w ]
add_files C:/Users/edoardo/Desktop/moving_characters/moving_characters.srcs/sources_1/new/Wolvie_attack.vhd
exit
INFO: [Common 17-206] Exiting Vivado at Mon May 22 17:59:51 2017...
