
*** Running vivado
    with args -log pixel_Clk_Gen.vds -m64 -product Vivado -mode batch -messageDb vivado.pb -notrace -source pixel_Clk_Gen.tcl


****** Vivado v2016.4 (64-bit)
  **** SW Build 1756540 on Mon Jan 23 19:11:23 MST 2017
  **** IP Build 1755317 on Mon Jan 23 20:30:07 MST 2017
    ** Copyright 1986-2016 Xilinx, Inc. All Rights Reserved.

source pixel_Clk_Gen.tcl -notrace
Starting RTL Elaboration : Time (s): cpu = 00:00:15 ; elapsed = 00:00:27 . Memory (MB): peak = 293.922 ; gain = 84.355
INFO: [Synth 8-638] synthesizing module 'pixel_Clk_Gen' [c:/Users/Andrea Diecidue/Desktop/polito/Computer Architecture/Projects/moving_characters/moving_characters.srcs/sources_1/ip/pixel_Clk_Gen/pixel_Clk_Gen.v:70]
INFO: [Synth 8-638] synthesizing module 'pixel_Clk_Gen_clk_wiz' [c:/Users/Andrea Diecidue/Desktop/polito/Computer Architecture/Projects/moving_characters/moving_characters.srcs/sources_1/ip/pixel_Clk_Gen/pixel_Clk_Gen_clk_wiz.v:68]
INFO: [Synth 8-638] synthesizing module 'IBUF' [C:/.Xilinx/Vivado/2016.4/scripts/rt/data/unisim_comp.v:14146]
INFO: [Synth 8-256] done synthesizing module 'IBUF' (1#1) [C:/.Xilinx/Vivado/2016.4/scripts/rt/data/unisim_comp.v:14146]
INFO: [Synth 8-638] synthesizing module 'MMCME2_ADV' [C:/.Xilinx/Vivado/2016.4/scripts/rt/data/unisim_comp.v:20414]
INFO: [Synth 8-256] done synthesizing module 'MMCME2_ADV' (2#1) [C:/.Xilinx/Vivado/2016.4/scripts/rt/data/unisim_comp.v:20414]
INFO: [Synth 8-638] synthesizing module 'BUFG' [C:/.Xilinx/Vivado/2016.4/scripts/rt/data/unisim_comp.v:607]
INFO: [Synth 8-256] done synthesizing module 'BUFG' (3#1) [C:/.Xilinx/Vivado/2016.4/scripts/rt/data/unisim_comp.v:607]
INFO: [Synth 8-256] done synthesizing module 'pixel_Clk_Gen_clk_wiz' (4#1) [c:/Users/Andrea Diecidue/Desktop/polito/Computer Architecture/Projects/moving_characters/moving_characters.srcs/sources_1/ip/pixel_Clk_Gen/pixel_Clk_Gen_clk_wiz.v:68]
INFO: [Synth 8-256] done synthesizing module 'pixel_Clk_Gen' (5#1) [c:/Users/Andrea Diecidue/Desktop/polito/Computer Architecture/Projects/moving_characters/moving_characters.srcs/sources_1/ip/pixel_Clk_Gen/pixel_Clk_Gen.v:70]
Finished RTL Elaboration : Time (s): cpu = 00:00:17 ; elapsed = 00:00:30 . Memory (MB): peak = 330.355 ; gain = 120.789
Finished RTL Optimization Phase 1 : Time (s): cpu = 00:00:18 ; elapsed = 00:00:31 . Memory (MB): peak = 330.355 ; gain = 120.789
INFO: [Device 21-403] Loading part xc7a100tcsg324-1
Constraint Validation Runtime : Time (s): cpu = 00:00:00 ; elapsed = 00:00:00.630 . Memory (MB): peak = 553.773 ; gain = 0.000
Finished Constraint Validation : Time (s): cpu = 00:00:41 ; elapsed = 00:01:00 . Memory (MB): peak = 553.773 ; gain = 344.207
Finished Loading Part and Timing Information : Time (s): cpu = 00:00:41 ; elapsed = 00:01:00 . Memory (MB): peak = 553.773 ; gain = 344.207
Finished applying 'set_property' XDC Constraints : Time (s): cpu = 00:00:41 ; elapsed = 00:01:00 . Memory (MB): peak = 553.773 ; gain = 344.207
Finished RTL Optimization Phase 2 : Time (s): cpu = 00:00:41 ; elapsed = 00:01:00 . Memory (MB): peak = 553.773 ; gain = 344.207
Finished Cross Boundary and Area Optimization : Time (s): cpu = 00:00:42 ; elapsed = 00:01:01 . Memory (MB): peak = 553.773 ; gain = 344.207
Finished Applying XDC Timing Constraints : Time (s): cpu = 00:01:06 ; elapsed = 00:01:26 . Memory (MB): peak = 569.320 ; gain = 359.754
Finished Timing Optimization : Time (s): cpu = 00:01:06 ; elapsed = 00:01:26 . Memory (MB): peak = 569.320 ; gain = 359.754
Finished Technology Mapping : Time (s): cpu = 00:01:06 ; elapsed = 00:01:26 . Memory (MB): peak = 579.004 ; gain = 369.438
Finished IO Insertion : Time (s): cpu = 00:01:08 ; elapsed = 00:01:28 . Memory (MB): peak = 579.004 ; gain = 369.438
Finished Renaming Generated Instances : Time (s): cpu = 00:01:08 ; elapsed = 00:01:28 . Memory (MB): peak = 579.004 ; gain = 369.438
Finished Rebuilding User Hierarchy : Time (s): cpu = 00:01:08 ; elapsed = 00:01:28 . Memory (MB): peak = 579.004 ; gain = 369.438
Finished Renaming Generated Ports : Time (s): cpu = 00:01:08 ; elapsed = 00:01:28 . Memory (MB): peak = 579.004 ; gain = 369.438
Finished Handling Custom Attributes : Time (s): cpu = 00:01:08 ; elapsed = 00:01:28 . Memory (MB): peak = 579.004 ; gain = 369.438
Finished Renaming Generated Nets : Time (s): cpu = 00:01:08 ; elapsed = 00:01:28 . Memory (MB): peak = 579.004 ; gain = 369.438

Report Cell Usage: 
+------+-----------+------+
|      |Cell       |Count |
+------+-----------+------+
|1     |BUFG       |     2|
|2     |MMCME2_ADV |     1|
|3     |IBUF       |     1|
+------+-----------+------+
Finished Writing Synthesis Report : Time (s): cpu = 00:01:08 ; elapsed = 00:01:28 . Memory (MB): peak = 579.004 ; gain = 369.438
get_clocks: Time (s): cpu = 00:00:08 ; elapsed = 00:00:09 . Memory (MB): peak = 960.246 ; gain = 354.129
synth_design: Time (s): cpu = 00:01:12 ; elapsed = 00:01:27 . Memory (MB): peak = 960.246 ; gain = 744.574
