
*** Running vivado
    with args -log Wolvie_BROM.vds -m64 -product Vivado -mode batch -messageDb vivado.pb -notrace -source Wolvie_BROM.tcl


****** Vivado v2016.4 (64-bit)
  **** SW Build 1756540 on Mon Jan 23 19:11:23 MST 2017
  **** IP Build 1755317 on Mon Jan 23 20:30:07 MST 2017
    ** Copyright 1986-2016 Xilinx, Inc. All Rights Reserved.

source Wolvie_BROM.tcl -notrace
Starting RTL Elaboration : Time (s): cpu = 00:00:06 ; elapsed = 00:00:07 . Memory (MB): peak = 293.734 ; gain = 84.223
INFO: [Synth 8-638] synthesizing module 'Wolvie_BROM' [c:/Users/edoardo/Documents/GitHub/GameZero/GameZero/GameZero.srcs/sources_1/ip/Wolvie_BROM/synth/Wolvie_BROM.vhd:67]
INFO: [Synth 8-256] done synthesizing module 'Wolvie_BROM' (11#1) [c:/Users/edoardo/Documents/GitHub/GameZero/GameZero/GameZero.srcs/sources_1/ip/Wolvie_BROM/synth/Wolvie_BROM.vhd:67]
Finished RTL Elaboration : Time (s): cpu = 00:00:56 ; elapsed = 00:01:00 . Memory (MB): peak = 493.156 ; gain = 283.645
Finished RTL Optimization Phase 1 : Time (s): cpu = 00:00:57 ; elapsed = 00:01:00 . Memory (MB): peak = 493.156 ; gain = 283.645
INFO: [Device 21-403] Loading part xc7a100tcsg324-1
Constraint Validation Runtime : Time (s): cpu = 00:00:00 ; elapsed = 00:00:00.183 . Memory (MB): peak = 628.109 ; gain = 0.000
Finished Constraint Validation : Time (s): cpu = 00:01:04 ; elapsed = 00:01:08 . Memory (MB): peak = 628.109 ; gain = 418.598
Finished Loading Part and Timing Information : Time (s): cpu = 00:01:04 ; elapsed = 00:01:08 . Memory (MB): peak = 628.109 ; gain = 418.598
Finished applying 'set_property' XDC Constraints : Time (s): cpu = 00:01:04 ; elapsed = 00:01:08 . Memory (MB): peak = 628.109 ; gain = 418.598
Finished RTL Optimization Phase 2 : Time (s): cpu = 00:01:05 ; elapsed = 00:01:09 . Memory (MB): peak = 628.109 ; gain = 418.598
Finished Cross Boundary and Area Optimization : Time (s): cpu = 00:01:06 ; elapsed = 00:01:10 . Memory (MB): peak = 628.109 ; gain = 418.598
Finished Applying XDC Timing Constraints : Time (s): cpu = 00:01:14 ; elapsed = 00:01:18 . Memory (MB): peak = 628.109 ; gain = 418.598
Finished Timing Optimization : Time (s): cpu = 00:01:14 ; elapsed = 00:01:18 . Memory (MB): peak = 628.109 ; gain = 418.598
Finished Technology Mapping : Time (s): cpu = 00:01:14 ; elapsed = 00:01:18 . Memory (MB): peak = 628.109 ; gain = 418.598
Finished IO Insertion : Time (s): cpu = 00:01:15 ; elapsed = 00:01:19 . Memory (MB): peak = 628.109 ; gain = 418.598
Finished Renaming Generated Instances : Time (s): cpu = 00:01:15 ; elapsed = 00:01:19 . Memory (MB): peak = 628.109 ; gain = 418.598
Finished Rebuilding User Hierarchy : Time (s): cpu = 00:01:15 ; elapsed = 00:01:19 . Memory (MB): peak = 628.109 ; gain = 418.598
Finished Renaming Generated Ports : Time (s): cpu = 00:01:15 ; elapsed = 00:01:19 . Memory (MB): peak = 628.109 ; gain = 418.598
Finished Handling Custom Attributes : Time (s): cpu = 00:01:15 ; elapsed = 00:01:19 . Memory (MB): peak = 628.109 ; gain = 418.598
Finished Renaming Generated Nets : Time (s): cpu = 00:01:15 ; elapsed = 00:01:19 . Memory (MB): peak = 628.109 ; gain = 418.598

Report Cell Usage: 
+------+-----------+------+
|      |Cell       |Count |
+------+-----------+------+
|1     |LUT3       |     7|
|2     |LUT4       |    24|
|3     |LUT5       |     3|
|4     |LUT6       |    36|
|5     |MUXF7      |     9|
|6     |RAMB18E1   |     1|
|7     |RAMB36E1   |    15|
|8     |RAMB36E1_1 |     3|
|9     |RAMB36E1_2 |     3|
|10    |FDRE       |    10|
+------+-----------+------+
Finished Writing Synthesis Report : Time (s): cpu = 00:01:15 ; elapsed = 00:01:19 . Memory (MB): peak = 628.109 ; gain = 418.598
synth_design: Time (s): cpu = 00:01:14 ; elapsed = 00:01:17 . Memory (MB): peak = 642.301 ; gain = 426.594
